<?xml version="1.0" ?>
<coverage version="5.0" timestamp="1740965669077" lines-valid="11895" lines-covered="1" line-rate="8.407e-05" branches-valid="4341" branches-covered="4" branch-rate="0.0009214" complexity="0">
	<!-- Generated by coverage.py: https://coverage.readthedocs.io -->
	<!-- Based on https://raw.githubusercontent.com/cobertura/web/master/htdocs/xml/coverage-04.dtd -->
	<sources>
		<source>/home/mpenning/fixme/ciscoconfparse2</source>
	</sources>
	<packages>
		<package name="ciscoconfparse2" line-rate="8.407e-05" branch-rate="0.0009214" complexity="0">
			<classes>
				<class name="__about__.py" filename="ciscoconfparse2/__about__.py" complexity="0" line-rate="0.5" branch-rate="1">
					<methods/>
					<lines>
						<line number="0" hits="0"/>
						<line number="1" hits="1"/>
					</lines>
				</class>
				<class name="__init__.py" filename="ciscoconfparse2/__init__.py" complexity="0" line-rate="0" branch-rate="1">
					<methods/>
					<lines>
						<line number="0" hits="0"/>
						<line number="22" hits="0"/>
						<line number="24" hits="0"/>
						<line number="26" hits="0"/>
						<line number="28" hits="0"/>
						<line number="29" hits="0"/>
						<line number="30" hits="0"/>
						<line number="31" hits="0"/>
						<line number="32" hits="0"/>
						<line number="33" hits="0"/>
						<line number="34" hits="0"/>
						<line number="35" hits="0"/>
						<line number="36" hits="0"/>
						<line number="37" hits="0"/>
						<line number="38" hits="0"/>
						<line number="39" hits="0"/>
						<line number="40" hits="0"/>
						<line number="41" hits="0"/>
						<line number="42" hits="0"/>
						<line number="43" hits="0"/>
						<line number="44" hits="0"/>
						<line number="45" hits="0"/>
						<line number="46" hits="0"/>
						<line number="47" hits="0"/>
						<line number="48" hits="0"/>
						<line number="49" hits="0"/>
						<line number="50" hits="0"/>
						<line number="51" hits="0"/>
						<line number="54" hits="0"/>
						<line number="55" hits="0"/>
						<line number="59" hits="0"/>
					</lines>
				</class>
				<class name="__main__.py" filename="ciscoconfparse2/__main__.py" complexity="0" line-rate="0" branch-rate="0">
					<methods/>
					<lines>
						<line number="0" hits="0"/>
						<line number="1" hits="0"/>
						<line number="3" hits="0"/>
						<line number="25" hits="0" branch="true" condition-coverage="0% (0/2)" missing-branches="exit,26"/>
						<line number="26" hits="0"/>
						<line number="27" hits="0"/>
						<line number="29" hits="0"/>
						<line number="30" hits="0"/>
						<line number="31" hits="0"/>
						<line number="32" hits="0"/>
						<line number="33" hits="0"/>
					</lines>
				</class>
				<class name="ccp_abc.py" filename="ciscoconfparse2/ccp_abc.py" complexity="0" line-rate="0" branch-rate="0">
					<methods/>
					<lines>
						<line number="0" hits="0"/>
						<line number="18" hits="0"/>
						<line number="19" hits="0"/>
						<line number="20" hits="0"/>
						<line number="21" hits="0"/>
						<line number="22" hits="0"/>
						<line number="24" hits="0"/>
						<line number="25" hits="0"/>
						<line number="27" hits="0"/>
						<line number="28" hits="0"/>
						<line number="34" hits="0"/>
						<line number="37" hits="0"/>
						<line number="38" hits="0"/>
						<line number="56" hits="0"/>
						<line number="57" hits="0"/>
						<line number="58" hits="0"/>
						<line number="60" hits="0"/>
						<line number="61" hits="0"/>
						<line number="63" hits="0" branch="true" condition-coverage="0% (0/2)" missing-branches="64,77"/>
						<line number="64" hits="0" branch="true" condition-coverage="0% (0/2)" missing-branches="65,67"/>
						<line number="65" hits="0"/>
						<line number="67" hits="0" branch="true" condition-coverage="0% (0/2)" missing-branches="68,73"/>
						<line number="68" hits="0" branch="true" condition-coverage="0% (0/2)" missing-branches="69,70"/>
						<line number="69" hits="0"/>
						<line number="70" hits="0" branch="true" condition-coverage="0% (0/2)" missing-branches="71,73"/>
						<line number="71" hits="0"/>
						<line number="73" hits="0" branch="true" condition-coverage="0% (0/2)" missing-branches="63,74"/>
						<line number="74" hits="0"/>
						<line number="77" hits="0"/>
						<line number="78" hits="0"/>
						<line number="87" hits="0" branch="true" condition-coverage="0% (0/2)" missing-branches="88,89"/>
						<line number="88" hits="0"/>
						<line number="91" hits="0"/>
						<line number="92" hits="0"/>
						<line number="93" hits="0"/>
						<line number="94" hits="0"/>
						<line number="95" hits="0"/>
						<line number="96" hits="0"/>
						<line number="97" hits="0"/>
						<line number="98" hits="0"/>
						<line number="99" hits="0"/>
						<line number="100" hits="0"/>
						<line number="103" hits="0"/>
						<line number="105" hits="0"/>
						<line number="106" hits="0"/>
						<line number="108" hits="0"/>
						<line number="109" hits="0"/>
						<line number="115" hits="0" branch="true" condition-coverage="0% (0/2)" missing-branches="117,118"/>
						<line number="117" hits="0"/>
						<line number="118" hits="0" branch="true" condition-coverage="0% (0/2)" missing-branches="120,121"/>
						<line number="120" hits="0"/>
						<line number="121" hits="0" branch="true" condition-coverage="0% (0/2)" missing-branches="122,124"/>
						<line number="122" hits="0"/>
						<line number="124" hits="0"/>
						<line number="125" hits="0" branch="true" condition-coverage="0% (0/2)" missing-branches="126,128"/>
						<line number="126" hits="0"/>
						<line number="128" hits="0"/>
						<line number="129" hits="0" branch="true" condition-coverage="0% (0/2)" missing-branches="130,132"/>
						<line number="130" hits="0"/>
						<line number="132" hits="0"/>
						<line number="133" hits="0" branch="true" condition-coverage="0% (0/2)" missing-branches="134,136"/>
						<line number="134" hits="0"/>
						<line number="136" hits="0"/>
						<line number="138" hits="0" branch="true" condition-coverage="0% (0/2)" missing-branches="139,143"/>
						<line number="139" hits="0"/>
						<line number="140" hits="0"/>
						<line number="141" hits="0"/>
						<line number="143" hits="0"/>
						<line number="144" hits="0"/>
						<line number="145" hits="0"/>
						<line number="146" hits="0"/>
						<line number="147" hits="0"/>
						<line number="148" hits="0"/>
						<line number="149" hits="0"/>
						<line number="151" hits="0"/>
						<line number="152" hits="0"/>
						<line number="153" hits="0"/>
						<line number="156" hits="0"/>
						<line number="158" hits="0"/>
						<line number="159" hits="0"/>
						<line number="168" hits="0"/>
						<line number="186" hits="0"/>
						<line number="187" hits="0"/>
						<line number="188" hits="0"/>
						<line number="191" hits="0"/>
						<line number="192" hits="0"/>
						<line number="194" hits="0"/>
						<line number="197" hits="0"/>
						<line number="198" hits="0"/>
						<line number="200" hits="0" branch="true" condition-coverage="0% (0/2)" missing-branches="204,207"/>
						<line number="204" hits="0"/>
						<line number="207" hits="0"/>
						<line number="210" hits="0"/>
						<line number="211" hits="0"/>
						<line number="212" hits="0" branch="true" condition-coverage="0% (0/2)" missing-branches="exit,213"/>
						<line number="213" hits="0"/>
						<line number="216" hits="0"/>
						<line number="217" hits="0"/>
						<line number="218" hits="0"/>
						<line number="221" hits="0"/>
						<line number="222" hits="0"/>
						<line number="231" hits="0"/>
						<line number="234" hits="0"/>
						<line number="235" hits="0"/>
						<line number="236" hits="0" branch="true" condition-coverage="0% (0/2)" missing-branches="237,239"/>
						<line number="237" hits="0"/>
						<line number="239" hits="0"/>
						<line number="244" hits="0"/>
						<line number="245" hits="0"/>
						<line number="246" hits="0"/>
						<line number="247" hits="0"/>
						<line number="250" hits="0"/>
						<line number="251" hits="0"/>
						<line number="252" hits="0" branch="true" condition-coverage="0% (0/2)" missing-branches="253,254"/>
						<line number="253" hits="0"/>
						<line number="254" hits="0"/>
						<line number="257" hits="0"/>
						<line number="258" hits="0"/>
						<line number="260" hits="0" branch="true" condition-coverage="0% (0/2)" missing-branches="261,262"/>
						<line number="261" hits="0"/>
						<line number="262" hits="0"/>
						<line number="265" hits="0"/>
						<line number="266" hits="0"/>
						<line number="271" hits="0"/>
						<line number="272" hits="0"/>
						<line number="273" hits="0"/>
						<line number="276" hits="0"/>
						<line number="277" hits="0"/>
						<line number="278" hits="0"/>
						<line number="283" hits="0"/>
						<line number="286" hits="0"/>
						<line number="287" hits="0"/>
						<line number="288" hits="0"/>
						<line number="290" hits="0" branch="true" condition-coverage="0% (0/2)" missing-branches="294,296"/>
						<line number="294" hits="0"/>
						<line number="296" hits="0" branch="true" condition-coverage="0% (0/2)" missing-branches="297,301"/>
						<line number="297" hits="0" branch="true" condition-coverage="0% (0/2)" missing-branches="298,301"/>
						<line number="298" hits="0"/>
						<line number="299" hits="0" branch="true" condition-coverage="0% (0/2)" missing-branches="300,301"/>
						<line number="300" hits="0"/>
						<line number="301" hits="0"/>
						<line number="304" hits="0"/>
						<line number="305" hits="0"/>
						<line number="306" hits="0"/>
						<line number="311" hits="0"/>
						<line number="312" hits="0"/>
						<line number="315" hits="0"/>
						<line number="316" hits="0"/>
						<line number="317" hits="0"/>
						<line number="326" hits="0"/>
						<line number="327" hits="0" branch="true" condition-coverage="0% (0/2)" missing-branches="328,335"/>
						<line number="328" hits="0"/>
						<line number="330" hits="0" branch="true" condition-coverage="0% (0/2)" missing-branches="exit,333"/>
						<line number="333" hits="0"/>
						<line number="335" hits="0"/>
						<line number="336" hits="0"/>
						<line number="337" hits="0"/>
						<line number="340" hits="0"/>
						<line number="341" hits="0"/>
						<line number="342" hits="0"/>
						<line number="347" hits="0"/>
						<line number="348" hits="0"/>
						<line number="351" hits="0"/>
						<line number="352" hits="0"/>
						<line number="353" hits="0"/>
						<line number="359" hits="0" branch="true" condition-coverage="0% (0/2)" missing-branches="360,362"/>
						<line number="360" hits="0"/>
						<line number="362" hits="0"/>
						<line number="363" hits="0"/>
						<line number="364" hits="0"/>
						<line number="366" hits="0"/>
						<line number="367" hits="0"/>
						<line number="368" hits="0"/>
						<line number="371" hits="0" branch="true" condition-coverage="0% (0/2)" missing-branches="372,374"/>
						<line number="372" hits="0"/>
						<line number="374" hits="0"/>
						<line number="375" hits="0"/>
						<line number="378" hits="0"/>
						<line number="379" hits="0"/>
						<line number="380" hits="0"/>
						<line number="381" hits="0" branch="true" condition-coverage="0% (0/2)" missing-branches="382,385"/>
						<line number="382" hits="0"/>
						<line number="383" hits="0"/>
						<line number="385" hits="0"/>
						<line number="386" hits="0"/>
						<line number="390" hits="0"/>
						<line number="391" hits="0"/>
						<line number="392" hits="0"/>
						<line number="397" hits="0"/>
						<line number="398" hits="0"/>
						<line number="399" hits="0"/>
						<line number="403" hits="0"/>
						<line number="404" hits="0"/>
						<line number="405" hits="0"/>
						<line number="410" hits="0"/>
						<line number="411" hits="0"/>
						<line number="412" hits="0"/>
						<line number="416" hits="0"/>
						<line number="417" hits="0"/>
						<line number="418" hits="0"/>
						<line number="423" hits="0"/>
						<line number="424" hits="0"/>
						<line number="425" hits="0"/>
						<line number="429" hits="0"/>
						<line number="430" hits="0"/>
						<line number="431" hits="0"/>
						<line number="433" hits="0"/>
						<line number="436" hits="0"/>
						<line number="437" hits="0"/>
						<line number="446" hits="0" branch="true" condition-coverage="0% (0/2)" missing-branches="447,449"/>
						<line number="447" hits="0"/>
						<line number="449" hits="0"/>
						<line number="452" hits="0" branch="true" condition-coverage="0% (0/2)" missing-branches="453,455"/>
						<line number="453" hits="0"/>
						<line number="455" hits="0"/>
						<line number="456" hits="0"/>
						<line number="457" hits="0"/>
						<line number="460" hits="0"/>
						<line number="461" hits="0"/>
						<line number="462" hits="0"/>
						<line number="465" hits="0"/>
						<line number="466" hits="0"/>
						<line number="468" hits="0" branch="true" condition-coverage="0% (0/2)" missing-branches="469,471"/>
						<line number="469" hits="0"/>
						<line number="471" hits="0"/>
						<line number="474" hits="0"/>
						<line number="475" hits="0"/>
						<line number="480" hits="0"/>
						<line number="481" hits="0" branch="true" condition-coverage="0% (0/2)" missing-branches="482,484"/>
						<line number="482" hits="0"/>
						<line number="484" hits="0"/>
						<line number="487" hits="0"/>
						<line number="488" hits="0"/>
						<line number="493" hits="0" branch="true" condition-coverage="0% (0/2)" missing-branches="494,506"/>
						<line number="494" hits="0"/>
						<line number="506" hits="0"/>
						<line number="514" hits="0"/>
						<line number="515" hits="0"/>
						<line number="520" hits="0" branch="true" condition-coverage="0% (0/2)" missing-branches="521,525"/>
						<line number="521" hits="0"/>
						<line number="522" hits="0"/>
						<line number="525" hits="0"/>
						<line number="526" hits="0"/>
						<line number="527" hits="0" branch="true" condition-coverage="0% (0/2)" missing-branches="528,530"/>
						<line number="528" hits="0"/>
						<line number="529" hits="0"/>
						<line number="530" hits="0"/>
						<line number="533" hits="0"/>
						<line number="534" hits="0"/>
						<line number="539" hits="0"/>
						<line number="540" hits="0" branch="true" condition-coverage="0% (0/2)" missing-branches="541,544"/>
						<line number="541" hits="0" branch="true" condition-coverage="0% (0/2)" missing-branches="542,544"/>
						<line number="542" hits="0"/>
						<line number="543" hits="0"/>
						<line number="544" hits="0"/>
						<line number="547" hits="0"/>
						<line number="548" hits="0"/>
						<line number="553" hits="0"/>
						<line number="556" hits="0"/>
						<line number="557" hits="0"/>
						<line number="562" hits="0" branch="true" condition-coverage="0% (0/2)" missing-branches="563,564"/>
						<line number="563" hits="0"/>
						<line number="564" hits="0"/>
						<line number="567" hits="0"/>
						<line number="568" hits="0"/>
						<line number="574" hits="0" branch="true" condition-coverage="0% (0/2)" missing-branches="575,576"/>
						<line number="575" hits="0"/>
						<line number="576" hits="0"/>
						<line number="579" hits="0"/>
						<line number="580" hits="0"/>
						<line number="587" hits="0"/>
						<line number="589" hits="0"/>
						<line number="592" hits="0"/>
						<line number="593" hits="0"/>
						<line number="596" hits="0"/>
						<line number="597" hits="0"/>
						<line number="633" hits="0" branch="true" condition-coverage="0% (0/2)" missing-branches="634,636"/>
						<line number="634" hits="0"/>
						<line number="636" hits="0" branch="true" condition-coverage="0% (0/2)" missing-branches="638,640"/>
						<line number="638" hits="0"/>
						<line number="640" hits="0"/>
						<line number="641" hits="0"/>
						<line number="642" hits="0"/>
						<line number="644" hits="0" branch="true" condition-coverage="0% (0/2)" missing-branches="645,651"/>
						<line number="645" hits="0"/>
						<line number="651" hits="0" branch="true" condition-coverage="0% (0/2)" missing-branches="652,657"/>
						<line number="652" hits="0"/>
						<line number="657" hits="0" branch="true" condition-coverage="0% (0/2)" missing-branches="658,673"/>
						<line number="658" hits="0"/>
						<line number="659" hits="0" branch="true" condition-coverage="0% (0/2)" missing-branches="660,663"/>
						<line number="660" hits="0"/>
						<line number="663" hits="0"/>
						<line number="664" hits="0"/>
						<line number="665" hits="0"/>
						<line number="666" hits="0"/>
						<line number="667" hits="0"/>
						<line number="673" hits="0"/>
						<line number="674" hits="0" branch="true" condition-coverage="0% (0/2)" missing-branches="675,678"/>
						<line number="675" hits="0" branch="true" condition-coverage="0% (0/2)" missing-branches="674,676"/>
						<line number="676" hits="0"/>
						<line number="678" hits="0" branch="true" condition-coverage="0% (0/2)" missing-branches="679,680"/>
						<line number="679" hits="0"/>
						<line number="680" hits="0"/>
						<line number="683" hits="0"/>
						<line number="686" hits="0"/>
						<line number="687" hits="0"/>
						<line number="697" hits="0"/>
						<line number="702" hits="0"/>
						<line number="703" hits="0" branch="true" condition-coverage="0% (0/2)" missing-branches="704,706"/>
						<line number="704" hits="0"/>
						<line number="706" hits="0"/>
						<line number="707" hits="0" branch="true" condition-coverage="0% (0/2)" missing-branches="exit,exit"/>
						<line number="710" hits="0"/>
						<line number="711" hits="0"/>
						<line number="712" hits="0"/>
						<line number="716" hits="0"/>
						<line number="717" hits="0" branch="true" condition-coverage="0% (0/2)" missing-branches="718,721"/>
						<line number="718" hits="0"/>
						<line number="721" hits="0"/>
						<line number="722" hits="0" branch="true" condition-coverage="0% (0/2)" missing-branches="723,725"/>
						<line number="723" hits="0"/>
						<line number="725" hits="0" branch="true" condition-coverage="0% (0/2)" missing-branches="726,731"/>
						<line number="726" hits="0"/>
						<line number="731" hits="0"/>
						<line number="733" hits="0"/>
						<line number="736" hits="0"/>
						<line number="737" hits="0"/>
						<line number="738" hits="0"/>
						<line number="743" hits="0"/>
						<line number="744" hits="0" branch="true" condition-coverage="0% (0/2)" missing-branches="745,748"/>
						<line number="745" hits="0"/>
						<line number="748" hits="0"/>
						<line number="749" hits="0" branch="true" condition-coverage="0% (0/2)" missing-branches="750,752"/>
						<line number="750" hits="0"/>
						<line number="752" hits="0" branch="true" condition-coverage="0% (0/2)" missing-branches="754,756"/>
						<line number="754" hits="0"/>
						<line number="756" hits="0" branch="true" condition-coverage="0% (0/2)" missing-branches="758,763"/>
						<line number="758" hits="0"/>
						<line number="763" hits="0"/>
						<line number="764" hits="0"/>
						<line number="766" hits="0"/>
						<line number="769" hits="0"/>
						<line number="770" hits="0"/>
						<line number="824" hits="0" branch="true" condition-coverage="0% (0/2)" missing-branches="825,828"/>
						<line number="825" hits="0"/>
						<line number="828" hits="0"/>
						<line number="829" hits="0"/>
						<line number="831" hits="0" branch="true" condition-coverage="0% (0/2)" missing-branches="832,836"/>
						<line number="832" hits="0"/>
						<line number="833" hits="0"/>
						<line number="836" hits="0" branch="true" condition-coverage="0% (0/2)" missing-branches="837,842"/>
						<line number="837" hits="0"/>
						<line number="838" hits="0"/>
						<line number="842" hits="0"/>
						<line number="845" hits="0" branch="true" condition-coverage="0% (0/2)" missing-branches="846,847"/>
						<line number="846" hits="0"/>
						<line number="847" hits="0" branch="true" condition-coverage="0% (0/2)" missing-branches="848,854"/>
						<line number="848" hits="0"/>
						<line number="854" hits="0"/>
						<line number="857" hits="0"/>
						<line number="861" hits="0"/>
						<line number="862" hits="0"/>
						<line number="863" hits="0"/>
						<line number="865" hits="0" branch="true" condition-coverage="0% (0/2)" missing-branches="866,1001"/>
						<line number="866" hits="0"/>
						<line number="867" hits="0" branch="true" condition-coverage="0% (0/2)" missing-branches="877,921"/>
						<line number="877" hits="0"/>
						<line number="878" hits="0" branch="true" condition-coverage="0% (0/2)" missing-branches="879,892"/>
						<line number="879" hits="0" branch="true" condition-coverage="0% (0/2)" missing-branches="880,881"/>
						<line number="880" hits="0"/>
						<line number="881" hits="0"/>
						<line number="882" hits="0" branch="true" condition-coverage="0% (0/2)" missing-branches="883,886"/>
						<line number="883" hits="0" branch="true" condition-coverage="0% (0/2)" missing-branches="878,884"/>
						<line number="884" hits="0"/>
						<line number="886" hits="0"/>
						<line number="892" hits="0"/>
						<line number="893" hits="0"/>
						<line number="894" hits="0" branch="true" condition-coverage="0% (0/2)" missing-branches="895,899"/>
						<line number="895" hits="0" branch="true" condition-coverage="0% (0/2)" missing-branches="896,898"/>
						<line number="896" hits="0"/>
						<line number="898" hits="0"/>
						<line number="899" hits="0"/>
						<line number="900" hits="0"/>
						<line number="901" hits="0"/>
						<line number="905" hits="0"/>
						<line number="910" hits="0" branch="true" condition-coverage="0% (0/2)" missing-branches="911,912"/>
						<line number="911" hits="0"/>
						<line number="912" hits="0" branch="true" condition-coverage="0% (0/2)" missing-branches="913,914"/>
						<line number="913" hits="0"/>
						<line number="914" hits="0"/>
						<line number="917" hits="0" branch="true" condition-coverage="0% (0/2)" missing-branches="918,919"/>
						<line number="918" hits="0"/>
						<line number="919" hits="0"/>
						<line number="921" hits="0" branch="true" condition-coverage="0% (0/2)" missing-branches="923,931"/>
						<line number="923" hits="0"/>
						<line number="924" hits="0"/>
						<line number="925" hits="0"/>
						<line number="926" hits="0"/>
						<line number="927" hits="0" branch="true" condition-coverage="0% (0/2)" missing-branches="928,929"/>
						<line number="928" hits="0"/>
						<line number="929" hits="0"/>
						<line number="931" hits="0" branch="true" condition-coverage="0% (0/2)" missing-branches="936,990"/>
						<line number="936" hits="0"/>
						<line number="939" hits="0"/>
						<line number="940" hits="0" branch="true" condition-coverage="0% (0/2)" missing-branches="944,946"/>
						<line number="944" hits="0"/>
						<line number="946" hits="0" branch="true" condition-coverage="0% (0/2)" missing-branches="952,957"/>
						<line number="952" hits="0" branch="true" condition-coverage="0% (0/2)" missing-branches="953,955"/>
						<line number="953" hits="0"/>
						<line number="955" hits="0"/>
						<line number="957" hits="0"/>
						<line number="967" hits="0"/>
						<line number="968" hits="0" branch="true" condition-coverage="0% (0/2)" missing-branches="969,970"/>
						<line number="969" hits="0"/>
						<line number="970" hits="0"/>
						<line number="974" hits="0"/>
						<line number="976" hits="0" branch="true" condition-coverage="0% (0/2)" missing-branches="977,979"/>
						<line number="977" hits="0"/>
						<line number="979" hits="0"/>
						<line number="990" hits="0"/>
						<line number="992" hits="0"/>
						<line number="993" hits="0"/>
						<line number="995" hits="0" branch="true" condition-coverage="0% (0/2)" missing-branches="996,997"/>
						<line number="996" hits="0"/>
						<line number="997" hits="0"/>
						<line number="999" hits="0"/>
						<line number="1000" hits="0"/>
						<line number="1001" hits="0" branch="true" condition-coverage="0% (0/2)" missing-branches="1002,1007"/>
						<line number="1002" hits="0"/>
						<line number="1003" hits="0" branch="true" condition-coverage="0% (0/2)" missing-branches="1004,1005"/>
						<line number="1004" hits="0"/>
						<line number="1005" hits="0"/>
						<line number="1007" hits="0"/>
						<line number="1008" hits="0"/>
						<line number="1009" hits="0"/>
						<line number="1012" hits="0"/>
						<line number="1013" hits="0"/>
						<line number="1024" hits="0" branch="true" condition-coverage="0% (0/2)" missing-branches="1025,1029"/>
						<line number="1025" hits="0"/>
						<line number="1026" hits="0"/>
						<line number="1027" hits="0"/>
						<line number="1029" hits="0"/>
						<line number="1030" hits="0" branch="true" condition-coverage="0% (0/2)" missing-branches="1031,1037"/>
						<line number="1031" hits="0"/>
						<line number="1032" hits="0"/>
						<line number="1037" hits="0"/>
						<line number="1038" hits="0"/>
						<line number="1040" hits="0" branch="true" condition-coverage="0% (0/2)" missing-branches="1041,1045"/>
						<line number="1041" hits="0"/>
						<line number="1042" hits="0"/>
						<line number="1045" hits="0" branch="true" condition-coverage="0% (0/2)" missing-branches="1046,1047"/>
						<line number="1046" hits="0"/>
						<line number="1047" hits="0" branch="true" condition-coverage="0% (0/2)" missing-branches="1048,1051"/>
						<line number="1048" hits="0"/>
						<line number="1049" hits="0"/>
						<line number="1050" hits="0"/>
						<line number="1051" hits="0" branch="true" condition-coverage="0% (0/2)" missing-branches="1052,1056"/>
						<line number="1052" hits="0"/>
						<line number="1053" hits="0"/>
						<line number="1054" hits="0"/>
						<line number="1056" hits="0"/>
						<line number="1057" hits="0"/>
						<line number="1061" hits="0"/>
						<line number="1073" hits="0"/>
						<line number="1076" hits="0"/>
						<line number="1077" hits="0"/>
						<line number="1087" hits="0" branch="true" condition-coverage="0% (0/2)" missing-branches="1088,1090"/>
						<line number="1088" hits="0"/>
						<line number="1090" hits="0"/>
						<line number="1093" hits="0"/>
						<line number="1094" hits="0"/>
						<line number="1104" hits="0" branch="true" condition-coverage="0% (0/2)" missing-branches="1105,1107"/>
						<line number="1105" hits="0"/>
						<line number="1107" hits="0"/>
						<line number="1110" hits="0"/>
						<line number="1111" hits="0"/>
						<line number="1121" hits="0" branch="true" condition-coverage="0% (0/2)" missing-branches="1122,1124"/>
						<line number="1122" hits="0"/>
						<line number="1124" hits="0"/>
						<line number="1127" hits="0"/>
						<line number="1128" hits="0"/>
						<line number="1143" hits="0" branch="true" condition-coverage="0% (0/2)" missing-branches="1144,1146"/>
						<line number="1144" hits="0"/>
						<line number="1146" hits="0"/>
						<line number="1149" hits="0"/>
						<line number="1150" hits="0"/>
						<line number="1176" hits="0"/>
						<line number="1177" hits="0" branch="true" condition-coverage="0% (0/2)" missing-branches="1178,1183"/>
						<line number="1178" hits="0"/>
						<line number="1183" hits="0" branch="true" condition-coverage="0% (0/2)" missing-branches="1184,1186"/>
						<line number="1184" hits="0"/>
						<line number="1186" hits="0" branch="true" condition-coverage="0% (0/2)" missing-branches="1189,1194"/>
						<line number="1189" hits="0"/>
						<line number="1190" hits="0" branch="true" condition-coverage="0% (0/2)" missing-branches="1191,1203"/>
						<line number="1191" hits="0"/>
						<line number="1192" hits="0" branch="true" condition-coverage="0% (0/2)" missing-branches="1190,1193"/>
						<line number="1193" hits="0"/>
						<line number="1194" hits="0" branch="true" condition-coverage="0% (0/2)" missing-branches="1197,1200"/>
						<line number="1197" hits="0" branch="true" condition-coverage="0% (0/2)" missing-branches="1198,1203"/>
						<line number="1198" hits="0"/>
						<line number="1200" hits="0"/>
						<line number="1201" hits="0"/>
						<line number="1202" hits="0"/>
						<line number="1203" hits="0"/>
						<line number="1206" hits="0"/>
						<line number="1220" hits="0"/>
						<line number="1221" hits="0" branch="true" condition-coverage="0% (0/2)" missing-branches="1222,1223"/>
						<line number="1222" hits="0"/>
						<line number="1223" hits="0"/>
						<line number="1226" hits="0"/>
						<line number="1276" hits="0" branch="true" condition-coverage="0% (0/2)" missing-branches="1277,1281"/>
						<line number="1277" hits="0"/>
						<line number="1278" hits="0"/>
						<line number="1281" hits="0"/>
						<line number="1282" hits="0" branch="true" condition-coverage="0% (0/2)" missing-branches="1284,1286"/>
						<line number="1284" hits="0"/>
						<line number="1286" hits="0"/>
						<line number="1288" hits="0"/>
						<line number="1289" hits="0"/>
						<line number="1291" hits="0" branch="true" condition-coverage="0% (0/2)" missing-branches="1294,1297"/>
						<line number="1294" hits="0"/>
						<line number="1297" hits="0" branch="true" condition-coverage="0% (0/2)" missing-branches="1298,1301"/>
						<line number="1298" hits="0" branch="true" condition-coverage="0% (0/2)" missing-branches="1299,1301"/>
						<line number="1299" hits="0"/>
						<line number="1301" hits="0"/>
						<line number="1304" hits="0"/>
						<line number="1348" hits="0" branch="true" condition-coverage="0% (0/2)" missing-branches="1349,1353"/>
						<line number="1349" hits="0"/>
						<line number="1350" hits="0"/>
						<line number="1353" hits="0"/>
						<line number="1354" hits="0" branch="true" condition-coverage="0% (0/2)" missing-branches="1355,1356"/>
						<line number="1355" hits="0"/>
						<line number="1356" hits="0"/>
						<line number="1359" hits="0"/>
						<line number="1376" hits="0" branch="true" condition-coverage="0% (0/2)" missing-branches="1377,1381"/>
						<line number="1377" hits="0"/>
						<line number="1378" hits="0"/>
						<line number="1381" hits="0"/>
						<line number="1383" hits="0" branch="true" condition-coverage="0% (0/2)" missing-branches="1384,1387"/>
						<line number="1384" hits="0" branch="true" condition-coverage="0% (0/2)" missing-branches="1385,1386"/>
						<line number="1385" hits="0"/>
						<line number="1386" hits="0"/>
						<line number="1387" hits="0" branch="true" condition-coverage="0% (0/2)" missing-branches="1389,1392"/>
						<line number="1389" hits="0" branch="true" condition-coverage="0% (0/2)" missing-branches="1390,1391"/>
						<line number="1390" hits="0"/>
						<line number="1391" hits="0"/>
						<line number="1392" hits="0"/>
						<line number="1395" hits="0"/>
						<line number="1413" hits="0" branch="true" condition-coverage="0% (0/2)" missing-branches="1414,1418"/>
						<line number="1414" hits="0"/>
						<line number="1415" hits="0"/>
						<line number="1418" hits="0" branch="true" condition-coverage="0% (0/2)" missing-branches="1419,1421"/>
						<line number="1419" hits="0" branch="true" condition-coverage="0% (0/2)" missing-branches="exit,exit"/>
						<line number="1421" hits="0" branch="true" condition-coverage="0% (0/2)" missing-branches="exit,exit"/>
						<line number="1424" hits="0"/>
						<line number="1425" hits="0"/>
						<line number="1488" hits="0" branch="true" condition-coverage="0% (0/2)" missing-branches="1489,1493"/>
						<line number="1489" hits="0"/>
						<line number="1490" hits="0"/>
						<line number="1493" hits="0"/>
						<line number="1494" hits="0" branch="true" condition-coverage="0% (0/2)" missing-branches="1495,1497"/>
						<line number="1495" hits="0" branch="true" condition-coverage="0% (0/2)" missing-branches="1496,1497"/>
						<line number="1496" hits="0"/>
						<line number="1497" hits="0" branch="true" condition-coverage="0% (0/2)" missing-branches="1498,1500"/>
						<line number="1498" hits="0"/>
						<line number="1500" hits="0"/>
						<line number="1503" hits="0"/>
						<line number="1504" hits="0"/>
						<line number="1571" hits="0" branch="true" condition-coverage="0% (0/2)" missing-branches="1572,1585"/>
						<line number="1572" hits="0"/>
						<line number="1573" hits="0"/>
						<line number="1585" hits="0" branch="true" condition-coverage="0% (0/2)" missing-branches="1586,1590"/>
						<line number="1586" hits="0"/>
						<line number="1590" hits="0" branch="true" condition-coverage="0% (0/2)" missing-branches="1591,1629"/>
						<line number="1591" hits="0" branch="true" condition-coverage="0% (0/2)" missing-branches="1592,1597"/>
						<line number="1592" hits="0"/>
						<line number="1597" hits="0"/>
						<line number="1598" hits="0" branch="true" condition-coverage="0% (0/2)" missing-branches="1599,1601"/>
						<line number="1599" hits="0"/>
						<line number="1601" hits="0" branch="true" condition-coverage="0% (0/2)" missing-branches="1602,1616"/>
						<line number="1602" hits="0" branch="true" condition-coverage="0% (0/2)" missing-branches="1603,1611"/>
						<line number="1603" hits="0" branch="true" condition-coverage="0% (0/2)" missing-branches="1604,1607"/>
						<line number="1604" hits="0"/>
						<line number="1607" hits="0"/>
						<line number="1608" hits="0" branch="true" condition-coverage="0% (0/2)" missing-branches="1602,1609"/>
						<line number="1609" hits="0"/>
						<line number="1611" hits="0" branch="true" condition-coverage="0% (0/2)" missing-branches="1612,1614"/>
						<line number="1612" hits="0"/>
						<line number="1614" hits="0"/>
						<line number="1616" hits="0" branch="true" condition-coverage="0% (0/2)" missing-branches="1617,1625"/>
						<line number="1617" hits="0" branch="true" condition-coverage="0% (0/2)" missing-branches="1618,1621"/>
						<line number="1618" hits="0"/>
						<line number="1621" hits="0"/>
						<line number="1622" hits="0" branch="true" condition-coverage="0% (0/2)" missing-branches="1616,1623"/>
						<line number="1623" hits="0"/>
						<line number="1625" hits="0" branch="true" condition-coverage="0% (0/2)" missing-branches="1626,1628"/>
						<line number="1626" hits="0"/>
						<line number="1628" hits="0"/>
						<line number="1629" hits="0" branch="true" condition-coverage="0% (0/2)" missing-branches="1630,1677"/>
						<line number="1630" hits="0" branch="true" condition-coverage="0% (0/2)" missing-branches="1631,1636"/>
						<line number="1631" hits="0"/>
						<line number="1636" hits="0"/>
						<line number="1637" hits="0" branch="true" condition-coverage="0% (0/2)" missing-branches="1638,1645"/>
						<line number="1638" hits="0"/>
						<line number="1645" hits="0" branch="true" condition-coverage="0% (0/2)" missing-branches="1646,1661"/>
						<line number="1646" hits="0" branch="true" condition-coverage="0% (0/2)" missing-branches="1647,1654"/>
						<line number="1647" hits="0"/>
						<line number="1648" hits="0"/>
						<line number="1654" hits="0"/>
						<line number="1661" hits="0" branch="true" condition-coverage="0% (0/2)" missing-branches="1662,1670"/>
						<line number="1662" hits="0"/>
						<line number="1663" hits="0" branch="true" condition-coverage="0% (0/2)" missing-branches="1661,1664"/>
						<line number="1664" hits="0"/>
						<line number="1670" hits="0"/>
						<line number="1677" hits="0"/>
						<line number="1680" hits="0"/>
						<line number="1681" hits="0"/>
						<line number="1684" hits="0"/>
						<line number="1685" hits="0"/>
						<line number="1750" hits="0" branch="true" condition-coverage="0% (0/2)" missing-branches="1751,1755"/>
						<line number="1751" hits="0"/>
						<line number="1752" hits="0"/>
						<line number="1755" hits="0"/>
						<line number="1763" hits="0" branch="true" condition-coverage="0% (0/2)" missing-branches="1764,1768"/>
						<line number="1764" hits="0"/>
						<line number="1768" hits="0"/>
						<line number="1770" hits="0" branch="true" condition-coverage="0% (0/2)" missing-branches="1771,1779"/>
						<line number="1771" hits="0"/>
						<line number="1779" hits="0" branch="true" condition-coverage="0% (0/2)" missing-branches="1780,1789"/>
						<line number="1780" hits="0"/>
						<line number="1789" hits="0"/>
						<line number="1792" hits="0"/>
						<line number="1793" hits="0"/>
						<line number="1795" hits="0"/>
						<line number="1796" hits="0"/>
						<line number="1805" hits="0" branch="true" condition-coverage="0% (0/2)" missing-branches="1806,1810"/>
						<line number="1806" hits="0"/>
						<line number="1810" hits="0"/>
						<line number="1813" hits="0"/>
						<line number="1814" hits="0" branch="true" condition-coverage="0% (0/2)" missing-branches="1815,1817"/>
						<line number="1815" hits="0"/>
						<line number="1817" hits="0" branch="true" condition-coverage="0% (0/2)" missing-branches="1818,1827"/>
						<line number="1818" hits="0" branch="true" condition-coverage="0% (0/2)" missing-branches="1819,1835"/>
						<line number="1819" hits="0" branch="true" condition-coverage="0% (0/2)" missing-branches="1820,1823"/>
						<line number="1820" hits="0"/>
						<line number="1823" hits="0"/>
						<line number="1824" hits="0" branch="true" condition-coverage="0% (0/2)" missing-branches="1818,1825"/>
						<line number="1825" hits="0"/>
						<line number="1827" hits="0" branch="true" condition-coverage="0% (0/2)" missing-branches="1828,1835"/>
						<line number="1828" hits="0" branch="true" condition-coverage="0% (0/2)" missing-branches="1829,1832"/>
						<line number="1829" hits="0"/>
						<line number="1832" hits="0"/>
						<line number="1833" hits="0" branch="true" condition-coverage="0% (0/2)" missing-branches="1827,1834"/>
						<line number="1834" hits="0"/>
						<line number="1835" hits="0"/>
						<line number="1837" hits="0"/>
						<line number="1838" hits="0"/>
						<line number="1847" hits="0" branch="true" condition-coverage="0% (0/2)" missing-branches="1848,1853"/>
						<line number="1848" hits="0"/>
						<line number="1853" hits="0"/>
						<line number="1854" hits="0" branch="true" condition-coverage="0% (0/2)" missing-branches="1855,1862"/>
						<line number="1855" hits="0"/>
						<line number="1860" hits="0"/>
						<line number="1862" hits="0" branch="true" condition-coverage="0% (0/2)" missing-branches="1863,1874"/>
						<line number="1863" hits="0" branch="true" condition-coverage="0% (0/2)" missing-branches="1864,1871"/>
						<line number="1864" hits="0"/>
						<line number="1865" hits="0"/>
						<line number="1870" hits="0"/>
						<line number="1871" hits="0"/>
						<line number="1874" hits="0" branch="true" condition-coverage="0% (0/2)" missing-branches="1875,1883"/>
						<line number="1875" hits="0"/>
						<line number="1876" hits="0" branch="true" condition-coverage="0% (0/2)" missing-branches="1874,1877"/>
						<line number="1877" hits="0"/>
						<line number="1882" hits="0"/>
						<line number="1883" hits="0"/>
						<line number="1886" hits="0"/>
						<line number="1887" hits="0"/>
						<line number="1891" hits="0"/>
						<line number="1892" hits="0" branch="true" condition-coverage="0% (0/2)" missing-branches="exit,1893"/>
						<line number="1893" hits="0"/>
						<line number="1896" hits="0"/>
						<line number="1897" hits="0"/>
						<line number="1898" hits="0"/>
						<line number="1926" hits="0"/>
						<line number="1927" hits="0"/>
						<line number="1928" hits="0" branch="true" condition-coverage="0% (0/2)" missing-branches="1929,1935"/>
						<line number="1929" hits="0" branch="true" condition-coverage="0% (0/2)" missing-branches="1928,1930"/>
						<line number="1930" hits="0"/>
						<line number="1935" hits="0" branch="true" condition-coverage="0% (0/2)" missing-branches="1936,1941"/>
						<line number="1936" hits="0" branch="true" condition-coverage="0% (0/2)" missing-branches="1937,1939"/>
						<line number="1937" hits="0"/>
						<line number="1939" hits="0"/>
						<line number="1941" hits="0"/>
						<line number="1944" hits="0"/>
						<line number="1945" hits="0"/>
						<line number="1954" hits="0"/>
						<line number="1955" hits="0"/>
						<line number="1956" hits="0" branch="true" condition-coverage="0% (0/2)" missing-branches="1957,1958"/>
						<line number="1957" hits="0"/>
						<line number="1958" hits="0"/>
						<line number="1961" hits="0"/>
						<line number="1962" hits="0"/>
						<line number="1971" hits="0"/>
						<line number="1972" hits="0"/>
						<line number="1973" hits="0"/>
						<line number="1976" hits="0"/>
						<line number="1977" hits="0"/>
						<line number="1987" hits="0" branch="true" condition-coverage="0% (0/2)" missing-branches="exit,1988"/>
						<line number="1988" hits="0"/>
						<line number="1991" hits="0"/>
						<line number="1992" hits="0"/>
						<line number="1993" hits="0"/>
						<line number="1996" hits="0"/>
						<line number="1997" hits="0"/>
						<line number="1998" hits="0"/>
						<line number="1999" hits="0"/>
						<line number="2002" hits="0"/>
						<line number="2003" hits="0"/>
						<line number="2004" hits="0"/>
						<line number="2005" hits="0" branch="true" condition-coverage="0% (0/2)" missing-branches="exit,exit"/>
						<line number="2008" hits="0"/>
						<line number="2009" hits="0"/>
						<line number="2010" hits="0"/>
					</lines>
				</class>
				<class name="ccp_util.py" filename="ciscoconfparse2/ccp_util.py" complexity="0" line-rate="0" branch-rate="0.002954">
					<methods/>
					<lines>
						<line number="0" hits="0"/>
						<line number="36" hits="0"/>
						<line number="37" hits="0"/>
						<line number="38" hits="0"/>
						<line number="39" hits="0"/>
						<line number="40" hits="0"/>
						<line number="41" hits="0"/>
						<line number="42" hits="0"/>
						<line number="43" hits="0"/>
						<line number="44" hits="0"/>
						<line number="45" hits="0"/>
						<line number="46" hits="0"/>
						<line number="47" hits="0"/>
						<line number="48" hits="0"/>
						<line number="50" hits="0"/>
						<line number="51" hits="0"/>
						<line number="52" hits="0"/>
						<line number="54" hits="0"/>
						<line number="55" hits="0"/>
						<line number="56" hits="0"/>
						<line number="57" hits="0"/>
						<line number="58" hits="0"/>
						<line number="59" hits="0"/>
						<line number="61" hits="0"/>
						<line number="62" hits="0"/>
						<line number="71" hits="0"/>
						<line number="74" hits="0"/>
						<line number="76" hits="0"/>
						<line number="77" hits="0"/>
						<line number="78" hits="0"/>
						<line number="80" hits="0"/>
						<line number="81" hits="0"/>
						<line number="84" hits="0"/>
						<line number="85" hits="0"/>
						<line number="86" hits="0"/>
						<line number="89" hits="0"/>
						<line number="92" hits="0"/>
						<line number="110" hits="0"/>
						<line number="114" hits="0"/>
						<line number="118" hits="0"/>
						<line number="122" hits="0"/>
						<line number="126" hits="0"/>
						<line number="127" hits="0"/>
						<line number="128" hits="0"/>
						<line number="143" hits="0" branch="true" condition-coverage="0% (0/2)" missing-branches="144,145"/>
						<line number="144" hits="0"/>
						<line number="145" hits="0"/>
						<line number="149" hits="0"/>
						<line number="174" hits="0"/>
						<line number="175" hits="0"/>
						<line number="177" hits="0"/>
						<line number="179" hits="0"/>
						<line number="180" hits="0"/>
						<line number="183" hits="0" branch="true" condition-coverage="0% (0/2)" missing-branches="189,192"/>
						<line number="189" hits="0"/>
						<line number="192" hits="0" branch="true" condition-coverage="0% (0/2)" missing-branches="193,197"/>
						<line number="193" hits="0"/>
						<line number="197" hits="0" branch="true" condition-coverage="0% (0/2)" missing-branches="199,203"/>
						<line number="199" hits="0"/>
						<line number="203" hits="0"/>
						<line number="205" hits="0"/>
						<line number="206" hits="0"/>
						<line number="207" hits="0"/>
						<line number="211" hits="0" branch="true" condition-coverage="0% (0/2)" missing-branches="exit,212"/>
						<line number="212" hits="0"/>
						<line number="215" hits="0"/>
						<line number="227" hits="0" branch="true" condition-coverage="0% (0/2)" missing-branches="228,236"/>
						<line number="228" hits="0" branch="true" condition-coverage="0% (0/2)" missing-branches="229,243"/>
						<line number="229" hits="0" branch="true" condition-coverage="0% (0/2)" missing-branches="230,232"/>
						<line number="230" hits="0"/>
						<line number="232" hits="0"/>
						<line number="235" hits="0"/>
						<line number="236" hits="0" branch="true" condition-coverage="0% (0/2)" missing-branches="237,239"/>
						<line number="237" hits="0"/>
						<line number="239" hits="0"/>
						<line number="240" hits="0"/>
						<line number="241" hits="0"/>
						<line number="243" hits="0" branch="true" condition-coverage="0% (0/2)" missing-branches="244,247"/>
						<line number="244" hits="0"/>
						<line number="245" hits="0"/>
						<line number="247" hits="0" branch="true" condition-coverage="0% (0/2)" missing-branches="248,250"/>
						<line number="248" hits="0"/>
						<line number="250" hits="0"/>
						<line number="252" hits="0"/>
						<line number="260" hits="0"/>
						<line number="266" hits="0" branch="true" condition-coverage="0% (0/2)" missing-branches="267,270"/>
						<line number="267" hits="0"/>
						<line number="268" hits="0"/>
						<line number="270" hits="0"/>
						<line number="273" hits="0"/>
						<line number="274" hits="0"/>
						<line number="292" hits="0"/>
						<line number="293" hits="0" branch="true" condition-coverage="0% (0/2)" missing-branches="294,296"/>
						<line number="294" hits="0"/>
						<line number="296" hits="0" branch="true" condition-coverage="0% (0/2)" missing-branches="297,299"/>
						<line number="297" hits="0"/>
						<line number="299" hits="0" branch="true" condition-coverage="0% (0/2)" missing-branches="300,304"/>
						<line number="300" hits="0"/>
						<line number="301" hits="0"/>
						<line number="302" hits="0"/>
						<line number="304" hits="0" branch="true" condition-coverage="0% (0/2)" missing-branches="305,307"/>
						<line number="305" hits="0"/>
						<line number="307" hits="0"/>
						<line number="309" hits="0" branch="true" condition-coverage="0% (0/2)" missing-branches="310,314"/>
						<line number="310" hits="0" branch="true" condition-coverage="0% (0/2)" missing-branches="311,312"/>
						<line number="311" hits="0"/>
						<line number="312" hits="0"/>
						<line number="314" hits="0" branch="true" condition-coverage="0% (0/2)" missing-branches="316,325"/>
						<line number="316" hits="0" branch="true" condition-coverage="0% (0/2)" missing-branches="317,322"/>
						<line number="317" hits="0" branch="true" condition-coverage="0% (0/2)" missing-branches="318,323"/>
						<line number="318" hits="0" branch="true" condition-coverage="0% (0/2)" missing-branches="319,320"/>
						<line number="319" hits="0"/>
						<line number="320" hits="0"/>
						<line number="322" hits="0"/>
						<line number="323" hits="0"/>
						<line number="325" hits="0" branch="true" condition-coverage="0% (0/2)" missing-branches="327,330"/>
						<line number="327" hits="0"/>
						<line number="328" hits="0"/>
						<line number="330" hits="0" branch="true" condition-coverage="0% (0/2)" missing-branches="332,335"/>
						<line number="332" hits="0"/>
						<line number="333" hits="0"/>
						<line number="335" hits="0"/>
						<line number="337" hits="0" branch="true" condition-coverage="0% (0/2)" missing-branches="338,341"/>
						<line number="338" hits="0"/>
						<line number="341" hits="0"/>
						<line number="355" hits="0"/>
						<line number="356" hits="0"/>
						<line number="357" hits="0"/>
						<line number="363" hits="0"/>
						<line number="364" hits="0"/>
						<line number="379" hits="0" branch="true" condition-coverage="0% (0/2)" missing-branches="380,382"/>
						<line number="380" hits="0"/>
						<line number="382" hits="0" branch="true" condition-coverage="0% (0/2)" missing-branches="389,394"/>
						<line number="389" hits="0"/>
						<line number="394" hits="0" branch="true" condition-coverage="0% (0/2)" missing-branches="395,397"/>
						<line number="395" hits="0"/>
						<line number="397" hits="0" branch="true" condition-coverage="0% (0/2)" missing-branches="398,400"/>
						<line number="398" hits="0"/>
						<line number="400" hits="0" branch="true" condition-coverage="0% (0/2)" missing-branches="401,403"/>
						<line number="401" hits="0"/>
						<line number="403" hits="0" branch="true" condition-coverage="0% (0/2)" missing-branches="404,406"/>
						<line number="404" hits="0"/>
						<line number="406" hits="0" branch="true" condition-coverage="0% (0/2)" missing-branches="407,411"/>
						<line number="407" hits="0"/>
						<line number="411" hits="0" branch="true" condition-coverage="0% (0/2)" missing-branches="412,422"/>
						<line number="412" hits="0" branch="true" condition-coverage="0% (0/2)" missing-branches="413,419"/>
						<line number="413" hits="0" branch="true" condition-coverage="0% (0/2)" missing-branches="414,415"/>
						<line number="414" hits="0"/>
						<line number="415" hits="0"/>
						<line number="419" hits="0"/>
						<line number="422" hits="0" branch="true" condition-coverage="0% (0/2)" missing-branches="423,425"/>
						<line number="423" hits="0"/>
						<line number="425" hits="0"/>
						<line number="436" hits="0" branch="true" condition-coverage="0% (0/2)" missing-branches="437,438"/>
						<line number="437" hits="0"/>
						<line number="438" hits="0"/>
						<line number="441" hits="0" branch="true" condition-coverage="0% (0/2)" missing-branches="442,443"/>
						<line number="442" hits="0"/>
						<line number="443" hits="0"/>
						<line number="446" hits="0"/>
						<line number="447" hits="0"/>
						<line number="477" hits="0" branch="true" condition-coverage="0% (0/2)" missing-branches="478,480"/>
						<line number="478" hits="0"/>
						<line number="480" hits="0" branch="true" condition-coverage="0% (0/2)" missing-branches="481,488"/>
						<line number="481" hits="0" branch="true" condition-coverage="0% (0/2)" missing-branches="482,484"/>
						<line number="482" hits="0"/>
						<line number="484" hits="0" branch="true" condition-coverage="0% (0/2)" missing-branches="480,485"/>
						<line number="485" hits="0"/>
						<line number="488" hits="0"/>
						<line number="491" hits="0"/>
						<line number="492" hits="0"/>
						<line number="495" hits="0"/>
						<line number="496" hits="0"/>
						<line number="497" hits="0"/>
						<line number="498" hits="0"/>
						<line number="499" hits="0" branch="true" condition-coverage="0% (0/2)" missing-branches="500,505"/>
						<line number="500" hits="0" branch="true" condition-coverage="0% (0/2)" missing-branches="501,504"/>
						<line number="501" hits="0"/>
						<line number="504" hits="0"/>
						<line number="505" hits="0" branch="true" condition-coverage="0% (0/2)" missing-branches="506,507"/>
						<line number="506" hits="0"/>
						<line number="507" hits="0"/>
						<line number="509" hits="0"/>
						<line number="512" hits="0"/>
						<line number="513" hits="0"/>
						<line number="525" hits="0"/>
						<line number="526" hits="0"/>
						<line number="527" hits="0"/>
						<line number="528" hits="0"/>
						<line number="529" hits="0" branch="true" condition-coverage="100% (2/2)"/>
						<line number="530" hits="0" branch="true" condition-coverage="0% (0/2)" missing-branches="532,535"/>
						<line number="532" hits="0"/>
						<line number="535" hits="0"/>
						<line number="540" hits="0"/>
						<line number="543" hits="0"/>
						<line number="545" hits="0"/>
						<line number="547" hits="0" branch="true" condition-coverage="0% (0/2)" missing-branches="548,551"/>
						<line number="548" hits="0"/>
						<line number="549" hits="0"/>
						<line number="551" hits="0"/>
						<line number="552" hits="0"/>
						<line number="555" hits="0"/>
						<line number="556" hits="0" branch="true" condition-coverage="0% (0/2)" missing-branches="557,558"/>
						<line number="557" hits="0"/>
						<line number="558" hits="0" branch="true" condition-coverage="0% (0/2)" missing-branches="exit,559"/>
						<line number="559" hits="0"/>
						<line number="562" hits="0"/>
						<line number="563" hits="0"/>
						<line number="565" hits="0" branch="true" condition-coverage="0% (0/2)" missing-branches="566,567"/>
						<line number="566" hits="0"/>
						<line number="567" hits="0" branch="true" condition-coverage="0% (0/2)" missing-branches="568,569"/>
						<line number="568" hits="0"/>
						<line number="569" hits="0"/>
						<line number="571" hits="0"/>
						<line number="572" hits="0"/>
						<line number="573" hits="0" branch="true" condition-coverage="0% (0/2)" missing-branches="575,579"/>
						<line number="575" hits="0"/>
						<line number="576" hits="0"/>
						<line number="577" hits="0"/>
						<line number="579" hits="0"/>
						<line number="580" hits="0"/>
						<line number="584" hits="0"/>
						<line number="615" hits="0"/>
						<line number="616" hits="0"/>
						<line number="617" hits="0" branch="true" condition-coverage="0% (0/2)" missing-branches="618,620"/>
						<line number="618" hits="0"/>
						<line number="620" hits="0" branch="true" condition-coverage="0% (0/2)" missing-branches="621,623"/>
						<line number="621" hits="0"/>
						<line number="623" hits="0" branch="true" condition-coverage="0% (0/2)" missing-branches="624,626"/>
						<line number="624" hits="0"/>
						<line number="626" hits="0" branch="true" condition-coverage="0% (0/2)" missing-branches="627,630"/>
						<line number="627" hits="0"/>
						<line number="628" hits="0"/>
						<line number="630" hits="0"/>
						<line number="632" hits="0"/>
						<line number="633" hits="0" branch="true" condition-coverage="0% (0/2)" missing-branches="634,637"/>
						<line number="634" hits="0"/>
						<line number="635" hits="0"/>
						<line number="637" hits="0"/>
						<line number="639" hits="0"/>
						<line number="640" hits="0"/>
						<line number="647" hits="0"/>
						<line number="648" hits="0"/>
						<line number="651" hits="0"/>
						<line number="652" hits="0"/>
						<line number="653" hits="0"/>
						<line number="656" hits="0"/>
						<line number="657" hits="0"/>
						<line number="658" hits="0" branch="true" condition-coverage="0% (0/2)" missing-branches="659,661"/>
						<line number="659" hits="0"/>
						<line number="661" hits="0"/>
						<line number="662" hits="0"/>
						<line number="663" hits="0"/>
						<line number="666" hits="0"/>
						<line number="667" hits="0" branch="true" condition-coverage="0% (0/2)" missing-branches="668,669"/>
						<line number="668" hits="0"/>
						<line number="669" hits="0" branch="true" condition-coverage="0% (0/2)" missing-branches="670,672"/>
						<line number="670" hits="0"/>
						<line number="672" hits="0"/>
						<line number="673" hits="0"/>
						<line number="674" hits="0" branch="true" condition-coverage="0% (0/2)" missing-branches="675,682"/>
						<line number="675" hits="0"/>
						<line number="676" hits="0" branch="true" condition-coverage="0% (0/2)" missing-branches="677,680"/>
						<line number="677" hits="0"/>
						<line number="680" hits="0"/>
						<line number="682" hits="0"/>
						<line number="685" hits="0"/>
						<line number="686" hits="0"/>
						<line number="690" hits="0"/>
						<line number="691" hits="0"/>
						<line number="692" hits="0"/>
						<line number="693" hits="0"/>
						<line number="695" hits="0" branch="true" condition-coverage="0% (0/2)" missing-branches="696,702"/>
						<line number="696" hits="0"/>
						<line number="700" hits="0"/>
						<line number="702" hits="0" branch="true" condition-coverage="0% (0/2)" missing-branches="707,729"/>
						<line number="707" hits="0"/>
						<line number="710" hits="0"/>
						<line number="712" hits="0" branch="true" condition-coverage="0% (0/2)" missing-branches="715,733"/>
						<line number="715" hits="0" branch="true" condition-coverage="0% (0/2)" missing-branches="719,724"/>
						<line number="719" hits="0"/>
						<line number="720" hits="0" branch="true" condition-coverage="0% (0/2)" missing-branches="715,721"/>
						<line number="721" hits="0"/>
						<line number="724" hits="0" branch="true" condition-coverage="0% (0/2)" missing-branches="725,733"/>
						<line number="725" hits="0"/>
						<line number="726" hits="0" branch="true" condition-coverage="0% (0/2)" missing-branches="724,727"/>
						<line number="727" hits="0"/>
						<line number="729" hits="0" branch="true" condition-coverage="0% (0/2)" missing-branches="730,733"/>
						<line number="730" hits="0"/>
						<line number="731" hits="0"/>
						<line number="733" hits="0"/>
						<line number="737" hits="0"/>
						<line number="739" hits="0" branch="true" condition-coverage="0% (0/2)" missing-branches="740,742"/>
						<line number="740" hits="0"/>
						<line number="742" hits="0" branch="true" condition-coverage="0% (0/2)" missing-branches="743,745"/>
						<line number="743" hits="0"/>
						<line number="745" hits="0" branch="true" condition-coverage="0% (0/2)" missing-branches="746,748"/>
						<line number="746" hits="0"/>
						<line number="748" hits="0" branch="true" condition-coverage="0% (0/2)" missing-branches="749,751"/>
						<line number="749" hits="0"/>
						<line number="751" hits="0"/>
						<line number="754" hits="0"/>
						<line number="756" hits="0"/>
						<line number="757" hits="0" branch="true" condition-coverage="0% (0/2)" missing-branches="758,760"/>
						<line number="758" hits="0"/>
						<line number="760" hits="0" branch="true" condition-coverage="0% (0/2)" missing-branches="762,768"/>
						<line number="762" hits="0" branch="true" condition-coverage="0% (0/2)" missing-branches="763,765"/>
						<line number="763" hits="0"/>
						<line number="765" hits="0"/>
						<line number="768" hits="0" branch="true" condition-coverage="0% (0/2)" missing-branches="769,771"/>
						<line number="769" hits="0"/>
						<line number="771" hits="0"/>
						<line number="772" hits="0"/>
						<line number="773" hits="0"/>
						<line number="777" hits="0"/>
						<line number="779" hits="0" branch="true" condition-coverage="0% (0/2)" missing-branches="780,782"/>
						<line number="780" hits="0"/>
						<line number="782" hits="0" branch="true" condition-coverage="0% (0/2)" missing-branches="783,785"/>
						<line number="783" hits="0"/>
						<line number="785" hits="0" branch="true" condition-coverage="0% (0/2)" missing-branches="786,788"/>
						<line number="786" hits="0"/>
						<line number="788" hits="0" branch="true" condition-coverage="0% (0/2)" missing-branches="789,791"/>
						<line number="789" hits="0"/>
						<line number="791" hits="0"/>
						<line number="794" hits="0"/>
						<line number="796" hits="0"/>
						<line number="797" hits="0" branch="true" condition-coverage="0% (0/2)" missing-branches="798,800"/>
						<line number="798" hits="0"/>
						<line number="800" hits="0" branch="true" condition-coverage="0% (0/2)" missing-branches="802,808"/>
						<line number="802" hits="0" branch="true" condition-coverage="0% (0/2)" missing-branches="803,805"/>
						<line number="803" hits="0"/>
						<line number="805" hits="0"/>
						<line number="808" hits="0" branch="true" condition-coverage="0% (0/2)" missing-branches="809,811"/>
						<line number="809" hits="0"/>
						<line number="811" hits="0"/>
						<line number="813" hits="0"/>
						<line number="814" hits="0"/>
						<line number="818" hits="0"/>
						<line number="827" hits="0" branch="true" condition-coverage="0% (0/2)" missing-branches="828,830"/>
						<line number="828" hits="0"/>
						<line number="830" hits="0" branch="true" condition-coverage="0% (0/2)" missing-branches="831,832"/>
						<line number="831" hits="0"/>
						<line number="832" hits="0" branch="true" condition-coverage="0% (0/2)" missing-branches="833,835"/>
						<line number="833" hits="0"/>
						<line number="835" hits="0" branch="true" condition-coverage="0% (0/2)" missing-branches="836,838"/>
						<line number="836" hits="0"/>
						<line number="838" hits="0"/>
						<line number="839" hits="0" branch="true" condition-coverage="0% (0/2)" missing-branches="841,861"/>
						<line number="841" hits="0" branch="true" condition-coverage="0% (0/2)" missing-branches="842,844"/>
						<line number="842" hits="0"/>
						<line number="844" hits="0" branch="true" condition-coverage="0% (0/2)" missing-branches="845,847"/>
						<line number="845" hits="0"/>
						<line number="847" hits="0" branch="true" condition-coverage="0% (0/2)" missing-branches="849,855"/>
						<line number="849" hits="0"/>
						<line number="855" hits="0" branch="true" condition-coverage="0% (0/2)" missing-branches="856,858"/>
						<line number="856" hits="0"/>
						<line number="858" hits="0"/>
						<line number="859" hits="0"/>
						<line number="861" hits="0" branch="true" condition-coverage="0% (0/2)" missing-branches="862,869"/>
						<line number="862" hits="0"/>
						<line number="863" hits="0"/>
						<line number="864" hits="0"/>
						<line number="865" hits="0"/>
						<line number="866" hits="0"/>
						<line number="867" hits="0"/>
						<line number="869" hits="0" branch="true" condition-coverage="0% (0/2)" missing-branches="870,878"/>
						<line number="870" hits="0"/>
						<line number="871" hits="0"/>
						<line number="872" hits="0"/>
						<line number="873" hits="0"/>
						<line number="874" hits="0"/>
						<line number="875" hits="0"/>
						<line number="878" hits="0"/>
						<line number="879" hits="0"/>
						<line number="882" hits="0"/>
						<line number="883" hits="0"/>
						<line number="894" hits="0" branch="true" condition-coverage="0% (0/2)" missing-branches="895,897"/>
						<line number="895" hits="0"/>
						<line number="897" hits="0"/>
						<line number="898" hits="0"/>
						<line number="899" hits="0" branch="true" condition-coverage="0% (0/2)" missing-branches="900,901"/>
						<line number="900" hits="0"/>
						<line number="901" hits="0" branch="true" condition-coverage="0% (0/2)" missing-branches="902,903"/>
						<line number="902" hits="0"/>
						<line number="903" hits="0" branch="true" condition-coverage="0% (0/2)" missing-branches="904,905"/>
						<line number="904" hits="0"/>
						<line number="905" hits="0" branch="true" condition-coverage="0% (0/2)" missing-branches="906,908"/>
						<line number="906" hits="0"/>
						<line number="908" hits="0"/>
						<line number="910" hits="0" branch="true" condition-coverage="0% (0/2)" missing-branches="exit,exit"/>
						<line number="916" hits="0" branch="true" condition-coverage="0% (0/2)" missing-branches="917,918"/>
						<line number="917" hits="0"/>
						<line number="918" hits="0"/>
						<line number="919" hits="0"/>
						<line number="920" hits="0"/>
						<line number="921" hits="0"/>
						<line number="923" hits="0"/>
						<line number="924" hits="0"/>
						<line number="925" hits="0"/>
						<line number="926" hits="0"/>
						<line number="929" hits="0"/>
						<line number="1048" hits="0" branch="true" condition-coverage="0% (0/2)" missing-branches="1049,1054"/>
						<line number="1049" hits="0" branch="true" condition-coverage="0% (0/2)" missing-branches="1050,1058"/>
						<line number="1050" hits="0"/>
						<line number="1054" hits="0"/>
						<line number="1055" hits="0"/>
						<line number="1056" hits="0"/>
						<line number="1058" hits="0"/>
						<line number="1059" hits="0" branch="true" condition-coverage="0% (0/2)" missing-branches="1063,1073"/>
						<line number="1063" hits="0"/>
						<line number="1064" hits="0" branch="true" condition-coverage="0% (0/2)" missing-branches="1065,1068"/>
						<line number="1065" hits="0"/>
						<line number="1068" hits="0"/>
						<line number="1069" hits="0"/>
						<line number="1073" hits="0"/>
						<line number="1074" hits="0"/>
						<line number="1075" hits="0"/>
						<line number="1078" hits="0"/>
						<line number="1079" hits="0"/>
						<line number="1080" hits="0"/>
						<line number="1083" hits="0" branch="true" condition-coverage="0% (0/2)" missing-branches="1084,1086"/>
						<line number="1084" hits="0"/>
						<line number="1086" hits="0" branch="true" condition-coverage="0% (0/2)" missing-branches="1087,1134"/>
						<line number="1087" hits="0"/>
						<line number="1088" hits="0" branch="true" condition-coverage="0% (0/2)" missing-branches="1089,1091"/>
						<line number="1089" hits="0"/>
						<line number="1091" hits="0"/>
						<line number="1093" hits="0"/>
						<line number="1094" hits="0"/>
						<line number="1095" hits="0"/>
						<line number="1096" hits="0"/>
						<line number="1097" hits="0"/>
						<line number="1101" hits="0" branch="true" condition-coverage="0% (0/2)" missing-branches="1102,1105"/>
						<line number="1102" hits="0"/>
						<line number="1105" hits="0" branch="true" condition-coverage="0% (0/2)" missing-branches="1106,1107"/>
						<line number="1106" hits="0"/>
						<line number="1107" hits="0" branch="true" condition-coverage="0% (0/2)" missing-branches="1108,1112"/>
						<line number="1108" hits="0"/>
						<line number="1112" hits="0" branch="true" condition-coverage="0% (0/2)" missing-branches="1113,1115"/>
						<line number="1113" hits="0"/>
						<line number="1115" hits="0"/>
						<line number="1116" hits="0"/>
						<line number="1117" hits="0" branch="true" condition-coverage="0% (0/2)" missing-branches="1118,1123"/>
						<line number="1118" hits="0"/>
						<line number="1119" hits="0"/>
						<line number="1122" hits="0"/>
						<line number="1123" hits="0" branch="true" condition-coverage="0% (0/2)" missing-branches="1124,1128"/>
						<line number="1124" hits="0"/>
						<line number="1128" hits="0"/>
						<line number="1132" hits="0"/>
						<line number="1134" hits="0" branch="true" condition-coverage="0% (0/2)" missing-branches="1135,1141"/>
						<line number="1135" hits="0" branch="true" condition-coverage="0% (0/2)" missing-branches="1136,1137"/>
						<line number="1136" hits="0"/>
						<line number="1137" hits="0"/>
						<line number="1138" hits="0"/>
						<line number="1139" hits="0"/>
						<line number="1141" hits="0" branch="true" condition-coverage="0% (0/2)" missing-branches="1142,1147"/>
						<line number="1142" hits="0"/>
						<line number="1143" hits="0"/>
						<line number="1144" hits="0"/>
						<line number="1147" hits="0"/>
						<line number="1161" hits="0"/>
						<line number="1162" hits="0" branch="true" condition-coverage="0% (0/2)" missing-branches="1163,1164"/>
						<line number="1163" hits="0"/>
						<line number="1164" hits="0"/>
						<line number="1166" hits="0" branch="true" condition-coverage="0% (0/2)" missing-branches="1167,1175"/>
						<line number="1167" hits="0" branch="true" condition-coverage="0% (0/2)" missing-branches="1166,1168"/>
						<line number="1168" hits="0"/>
						<line number="1169" hits="0" branch="true" condition-coverage="0% (0/2)" missing-branches="1167,1170"/>
						<line number="1170" hits="0"/>
						<line number="1171" hits="0"/>
						<line number="1172" hits="0"/>
						<line number="1175" hits="0" branch="true" condition-coverage="0% (0/2)" missing-branches="1176,1177"/>
						<line number="1176" hits="0"/>
						<line number="1177" hits="0"/>
						<line number="1178" hits="0" branch="true" condition-coverage="0% (0/2)" missing-branches="1179,1181"/>
						<line number="1179" hits="0"/>
						<line number="1180" hits="0"/>
						<line number="1181" hits="0"/>
						<line number="1182" hits="0"/>
						<line number="1183" hits="0"/>
						<line number="1187" hits="0"/>
						<line number="1188" hits="0"/>
						<line number="1189" hits="0" branch="true" condition-coverage="0% (0/2)" missing-branches="1190,1192"/>
						<line number="1190" hits="0"/>
						<line number="1192" hits="0"/>
						<line number="1196" hits="0"/>
						<line number="1197" hits="0"/>
						<line number="1198" hits="0" branch="true" condition-coverage="0% (0/2)" missing-branches="1199,1207"/>
						<line number="1199" hits="0" branch="true" condition-coverage="0% (0/2)" missing-branches="1198,1200"/>
						<line number="1200" hits="0"/>
						<line number="1201" hits="0" branch="true" condition-coverage="0% (0/2)" missing-branches="1199,1202"/>
						<line number="1202" hits="0"/>
						<line number="1203" hits="0"/>
						<line number="1204" hits="0"/>
						<line number="1207" hits="0"/>
						<line number="1208" hits="0"/>
						<line number="1209" hits="0"/>
						<line number="1210" hits="0"/>
						<line number="1211" hits="0"/>
						<line number="1212" hits="0"/>
						<line number="1214" hits="0" branch="true" condition-coverage="0% (0/2)" missing-branches="1215,1218"/>
						<line number="1215" hits="0"/>
						<line number="1218" hits="0" branch="true" condition-coverage="0% (0/2)" missing-branches="1219,1222"/>
						<line number="1219" hits="0"/>
						<line number="1222" hits="0"/>
						<line number="1224" hits="0"/>
						<line number="1225" hits="0"/>
						<line number="1226" hits="0"/>
						<line number="1230" hits="0"/>
						<line number="1231" hits="0"/>
						<line number="1232" hits="0" branch="true" condition-coverage="0% (0/2)" missing-branches="1233,1244"/>
						<line number="1233" hits="0" branch="true" condition-coverage="0% (0/2)" missing-branches="1232,1234"/>
						<line number="1234" hits="0"/>
						<line number="1235" hits="0" branch="true" condition-coverage="0% (0/2)" missing-branches="1233,1236"/>
						<line number="1236" hits="0"/>
						<line number="1237" hits="0" branch="true" condition-coverage="0% (0/2)" missing-branches="1238,1240"/>
						<line number="1238" hits="0"/>
						<line number="1240" hits="0"/>
						<line number="1241" hits="0"/>
						<line number="1244" hits="0"/>
						<line number="1245" hits="0"/>
						<line number="1246" hits="0"/>
						<line number="1247" hits="0"/>
						<line number="1248" hits="0"/>
						<line number="1249" hits="0"/>
						<line number="1251" hits="0" branch="true" condition-coverage="0% (0/2)" missing-branches="1252,1255"/>
						<line number="1252" hits="0"/>
						<line number="1255" hits="0" branch="true" condition-coverage="0% (0/2)" missing-branches="1256,1259"/>
						<line number="1256" hits="0"/>
						<line number="1259" hits="0"/>
						<line number="1261" hits="0"/>
						<line number="1262" hits="0"/>
						<line number="1263" hits="0"/>
						<line number="1264" hits="0"/>
						<line number="1268" hits="0"/>
						<line number="1270" hits="0" branch="true" condition-coverage="0% (0/2)" missing-branches="1271,1273"/>
						<line number="1271" hits="0"/>
						<line number="1273" hits="0"/>
						<line number="1277" hits="0"/>
						<line number="1279" hits="0" branch="true" condition-coverage="0% (0/2)" missing-branches="1280,1282"/>
						<line number="1280" hits="0"/>
						<line number="1282" hits="0"/>
						<line number="1286" hits="0"/>
						<line number="1288" hits="0" branch="true" condition-coverage="0% (0/2)" missing-branches="1289,1291"/>
						<line number="1289" hits="0"/>
						<line number="1291" hits="0"/>
						<line number="1292" hits="0"/>
						<line number="1293" hits="0" branch="true" condition-coverage="0% (0/2)" missing-branches="1294,1295"/>
						<line number="1294" hits="0"/>
						<line number="1295" hits="0" branch="true" condition-coverage="0% (0/2)" missing-branches="1296,1297"/>
						<line number="1296" hits="0"/>
						<line number="1297" hits="0"/>
						<line number="1298" hits="0"/>
						<line number="1299" hits="0"/>
						<line number="1303" hits="0"/>
						<line number="1305" hits="0" branch="true" condition-coverage="0% (0/2)" missing-branches="1306,1308"/>
						<line number="1306" hits="0"/>
						<line number="1308" hits="0"/>
						<line number="1309" hits="0"/>
						<line number="1310" hits="0" branch="true" condition-coverage="0% (0/2)" missing-branches="1311,1312"/>
						<line number="1311" hits="0"/>
						<line number="1312" hits="0" branch="true" condition-coverage="0% (0/2)" missing-branches="1313,1314"/>
						<line number="1313" hits="0"/>
						<line number="1314" hits="0"/>
						<line number="1315" hits="0"/>
						<line number="1316" hits="0"/>
						<line number="1320" hits="0"/>
						<line number="1322" hits="0" branch="true" condition-coverage="0% (0/2)" missing-branches="1323,1324"/>
						<line number="1323" hits="0"/>
						<line number="1324" hits="0" branch="true" condition-coverage="0% (0/2)" missing-branches="1325,1328"/>
						<line number="1325" hits="0"/>
						<line number="1328" hits="0"/>
						<line number="1329" hits="0" branch="true" condition-coverage="0% (0/2)" missing-branches="1330,1331"/>
						<line number="1330" hits="0"/>
						<line number="1331" hits="0" branch="true" condition-coverage="0% (0/2)" missing-branches="1334,1342"/>
						<line number="1334" hits="0"/>
						<line number="1342" hits="0"/>
						<line number="1348" hits="0" branch="true" condition-coverage="0% (0/2)" missing-branches="1349,1352"/>
						<line number="1349" hits="0"/>
						<line number="1352" hits="0"/>
						<line number="1353" hits="0"/>
						<line number="1359" hits="0"/>
						<line number="1361" hits="0" branch="true" condition-coverage="0% (0/2)" missing-branches="1362,1364"/>
						<line number="1362" hits="0"/>
						<line number="1364" hits="0"/>
						<line number="1368" hits="0"/>
						<line number="1369" hits="0"/>
						<line number="1373" hits="0"/>
						<line number="1375" hits="0"/>
						<line number="1379" hits="0"/>
						<line number="1381" hits="0"/>
						<line number="1385" hits="0"/>
						<line number="1386" hits="0"/>
						<line number="1390" hits="0"/>
						<line number="1394" hits="0"/>
						<line number="1395" hits="0"/>
						<line number="1399" hits="0"/>
						<line number="1403" hits="0"/>
						<line number="1404" hits="0"/>
						<line number="1408" hits="0"/>
						<line number="1412" hits="0"/>
						<line number="1413" hits="0"/>
						<line number="1414" hits="0"/>
						<line number="1418" hits="0"/>
						<line number="1419" hits="0"/>
						<line number="1421" hits="0"/>
						<line number="1425" hits="0"/>
						<line number="1426" hits="0"/>
						<line number="1428" hits="0"/>
						<line number="1432" hits="0"/>
						<line number="1433" hits="0"/>
						<line number="1435" hits="0"/>
						<line number="1439" hits="0"/>
						<line number="1440" hits="0"/>
						<line number="1442" hits="0"/>
						<line number="1446" hits="0"/>
						<line number="1447" hits="0"/>
						<line number="1449" hits="0"/>
						<line number="1453" hits="0"/>
						<line number="1454" hits="0"/>
						<line number="1456" hits="0"/>
						<line number="1460" hits="0"/>
						<line number="1461" hits="0"/>
						<line number="1463" hits="0"/>
						<line number="1467" hits="0"/>
						<line number="1468" hits="0"/>
						<line number="1470" hits="0"/>
						<line number="1474" hits="0"/>
						<line number="1475" hits="0"/>
						<line number="1477" hits="0" branch="true" condition-coverage="0% (0/2)" missing-branches="1478,1480"/>
						<line number="1478" hits="0"/>
						<line number="1480" hits="0"/>
						<line number="1484" hits="0"/>
						<line number="1485" hits="0"/>
						<line number="1487" hits="0"/>
						<line number="1491" hits="0"/>
						<line number="1492" hits="0"/>
						<line number="1494" hits="0"/>
						<line number="1498" hits="0"/>
						<line number="1499" hits="0"/>
						<line number="1501" hits="0"/>
						<line number="1505" hits="0"/>
						<line number="1506" hits="0"/>
						<line number="1508" hits="0"/>
						<line number="1512" hits="0"/>
						<line number="1513" hits="0"/>
						<line number="1515" hits="0"/>
						<line number="1519" hits="0"/>
						<line number="1520" hits="0"/>
						<line number="1522" hits="0" branch="true" condition-coverage="0% (0/2)" missing-branches="1523,1525"/>
						<line number="1523" hits="0"/>
						<line number="1525" hits="0"/>
						<line number="1529" hits="0"/>
						<line number="1530" hits="0"/>
						<line number="1532" hits="0" branch="true" condition-coverage="0% (0/2)" missing-branches="1533,1536"/>
						<line number="1533" hits="0"/>
						<line number="1536" hits="0"/>
						<line number="1540" hits="0"/>
						<line number="1541" hits="0"/>
						<line number="1543" hits="0"/>
						<line number="1544" hits="0" branch="true" condition-coverage="0% (0/2)" missing-branches="1545,1546"/>
						<line number="1545" hits="0"/>
						<line number="1546" hits="0"/>
						<line number="1550" hits="0"/>
						<line number="1551" hits="0"/>
						<line number="1565" hits="0"/>
						<line number="1566" hits="0"/>
						<line number="1568" hits="0"/>
						<line number="1569" hits="0" branch="true" condition-coverage="0% (0/2)" missing-branches="1570,1572"/>
						<line number="1570" hits="0"/>
						<line number="1572" hits="0"/>
						<line number="1589" hits="0"/>
						<line number="1590" hits="0"/>
						<line number="1592" hits="0"/>
						<line number="1596" hits="0"/>
						<line number="1597" hits="0"/>
						<line number="1599" hits="0"/>
						<line number="1603" hits="0"/>
						<line number="1604" hits="0"/>
						<line number="1606" hits="0"/>
						<line number="1610" hits="0"/>
						<line number="1611" hits="0"/>
						<line number="1613" hits="0"/>
						<line number="1616" hits="0"/>
						<line number="1617" hits="0"/>
						<line number="1619" hits="0" branch="true" condition-coverage="0% (0/2)" missing-branches="1620,1621"/>
						<line number="1620" hits="0"/>
						<line number="1621" hits="0" branch="true" condition-coverage="0% (0/2)" missing-branches="1623,1624"/>
						<line number="1623" hits="0"/>
						<line number="1624" hits="0"/>
						<line number="1625" hits="0"/>
						<line number="1632" hits="0"/>
						<line number="1633" hits="0"/>
						<line number="1635" hits="0"/>
						<line number="1636" hits="0"/>
						<line number="1637" hits="0" branch="true" condition-coverage="0% (0/2)" missing-branches="exit,exit"/>
						<line number="1641" hits="0"/>
						<line number="1642" hits="0"/>
						<line number="1644" hits="0"/>
						<line number="1645" hits="0"/>
						<line number="1646" hits="0" branch="true" condition-coverage="0% (0/2)" missing-branches="exit,exit"/>
						<line number="1650" hits="0"/>
						<line number="1651" hits="0"/>
						<line number="1653" hits="0"/>
						<line number="1654" hits="0"/>
						<line number="1658" hits="0"/>
						<line number="1659" hits="0"/>
						<line number="1661" hits="0"/>
						<line number="1665" hits="0"/>
						<line number="1666" hits="0"/>
						<line number="1668" hits="0"/>
						<line number="1669" hits="0" branch="true" condition-coverage="0% (0/2)" missing-branches="exit,exit"/>
						<line number="1673" hits="0"/>
						<line number="1674" hits="0"/>
						<line number="1676" hits="0"/>
						<line number="1677" hits="0" branch="true" condition-coverage="0% (0/2)" missing-branches="exit,1678"/>
						<line number="1678" hits="0"/>
						<line number="1682" hits="0"/>
						<line number="1683" hits="0"/>
						<line number="1685" hits="0"/>
						<line number="1689" hits="0"/>
						<line number="1690" hits="0"/>
						<line number="1692" hits="0" branch="true" condition-coverage="0% (0/2)" missing-branches="exit,exit"/>
						<line number="1696" hits="0"/>
						<line number="1697" hits="0"/>
						<line number="1699" hits="0" branch="true" condition-coverage="0% (0/2)" missing-branches="exit,exit"/>
						<line number="1703" hits="0"/>
						<line number="1704" hits="0"/>
[...]
						<line number="2237" hits="0"/>
						<line number="2238" hits="0"/>
						<line number="2239" hits="0"/>
						<line number="2244" hits="0"/>
						<line number="2247" hits="0"/>
						<line number="2250" hits="0"/>
						<line number="2251" hits="0"/>
						<line number="2252" hits="0"/>
						<line number="2257" hits="0"/>
						<line number="2260" hits="0"/>
						<line number="2263" hits="0"/>
						<line number="2264" hits="0"/>
						<line number="2265" hits="0"/>
						<line number="2270" hits="0"/>
						<line number="2273" hits="0"/>
						<line number="2276" hits="0"/>
						<line number="2277" hits="0"/>
						<line number="2278" hits="0"/>
						<line number="2283" hits="0"/>
						<line number="2286" hits="0"/>
						<line number="2289" hits="0"/>
						<line number="2290" hits="0"/>
						<line number="2291" hits="0"/>
						<line number="2298" hits="0"/>
						<line number="2301" hits="0"/>
						<line number="2302" hits="0"/>
						<line number="2303" hits="0"/>
						<line number="2310" hits="0"/>
						<line number="2317" hits="0" branch="true" condition-coverage="0% (0/2)" missing-branches="2318,2321"/>
						<line number="2318" hits="0"/>
						<line number="2321" hits="0"/>
						<line number="2322" hits="0"/>
						<line number="2330" hits="0"/>
						<line number="2331" hits="0"/>
						<line number="2333" hits="0"/>
						<line number="2334" hits="0"/>
						<line number="2335" hits="0"/>
						<line number="2337" hits="0"/>
						<line number="2338" hits="0"/>
						<line number="2339" hits="0"/>
						<line number="2341" hits="0"/>
						<line number="2342" hits="0"/>
						<line number="2343" hits="0"/>
						<line number="2346" hits="0"/>
						<line number="2347" hits="0"/>
						<line number="2348" hits="0"/>
						<line number="2349" hits="0"/>
						<line number="2356" hits="0" branch="true" condition-coverage="0% (0/2)" missing-branches="2357,2359"/>
						<line number="2357" hits="0"/>
						<line number="2359" hits="0"/>
						<line number="2360" hits="0"/>
						<line number="2361" hits="0"/>
						<line number="2362" hits="0"/>
						<line number="2364" hits="0"/>
						<line number="2365" hits="0"/>
						<line number="2366" hits="0"/>
						<line number="2368" hits="0"/>
						<line number="2369" hits="0"/>
						<line number="2370" hits="0"/>
						<line number="2372" hits="0"/>
						<line number="2373" hits="0"/>
						<line number="2374" hits="0"/>
						<line number="2376" hits="0"/>
						<line number="2377" hits="0"/>
						<line number="2378" hits="0"/>
						<line number="2379" hits="0" branch="true" condition-coverage="0% (0/2)" missing-branches="2383,2384"/>
						<line number="2383" hits="0"/>
						<line number="2384" hits="0"/>
						<line number="2386" hits="0"/>
						<line number="2387" hits="0"/>
						<line number="2388" hits="0"/>
						<line number="2389" hits="0" branch="true" condition-coverage="0% (0/2)" missing-branches="2390,2391"/>
						<line number="2390" hits="0"/>
						<line number="2391" hits="0"/>
						<line number="2393" hits="0"/>
						<line number="2394" hits="0"/>
						<line number="2395" hits="0"/>
						<line number="2396" hits="0" branch="true" condition-coverage="0% (0/2)" missing-branches="2397,2398"/>
						<line number="2397" hits="0"/>
						<line number="2398" hits="0"/>
						<line number="2400" hits="0"/>
						<line number="2401" hits="0"/>
						<line number="2402" hits="0"/>
						<line number="2403" hits="0" branch="true" condition-coverage="0% (0/2)" missing-branches="2404,2405"/>
						<line number="2404" hits="0"/>
						<line number="2405" hits="0"/>
						<line number="2407" hits="0"/>
						<line number="2408" hits="0"/>
						<line number="2409" hits="0"/>
						<line number="2410" hits="0" branch="true" condition-coverage="0% (0/2)" missing-branches="2411,2412"/>
						<line number="2411" hits="0"/>
						<line number="2412" hits="0"/>
						<line number="2414" hits="0"/>
						<line number="2415" hits="0"/>
						<line number="2416" hits="0"/>
						<line number="2417" hits="0" branch="true" condition-coverage="0% (0/2)" missing-branches="2418,2419"/>
						<line number="2418" hits="0"/>
						<line number="2419" hits="0"/>
						<line number="2424" hits="0" branch="true" condition-coverage="0% (0/2)" missing-branches="2425,2426"/>
						<line number="2425" hits="0"/>
						<line number="2426" hits="0"/>
						<line number="2427" hits="0"/>
						<line number="2428" hits="0"/>
						<line number="2430" hits="0"/>
						<line number="2431" hits="0"/>
						<line number="2432" hits="0"/>
						<line number="2434" hits="0"/>
						<line number="2435" hits="0"/>
						<line number="2436" hits="0"/>
						<line number="2438" hits="0"/>
						<line number="2439" hits="0"/>
						<line number="2440" hits="0"/>
						<line number="2446" hits="0"/>
						<line number="2447" hits="0"/>
						<line number="2448" hits="0" branch="true" condition-coverage="0% (0/2)" missing-branches="2449,2450"/>
						<line number="2449" hits="0"/>
						<line number="2450" hits="0"/>
						<line number="2452" hits="0"/>
						<line number="2453" hits="0"/>
						<line number="2454" hits="0"/>
						<line number="2457" hits="0"/>
						<line number="2459" hits="0"/>
						<line number="2460" hits="0"/>
						<line number="2461" hits="0"/>
						<line number="2464" hits="0"/>
						<line number="2466" hits="0"/>
						<line number="2467" hits="0"/>
						<line number="2468" hits="0"/>
						<line number="2471" hits="0"/>
						<line number="2473" hits="0"/>
						<line number="2474" hits="0"/>
						<line number="2475" hits="0"/>
						<line number="2478" hits="0"/>
						<line number="2480" hits="0"/>
						<line number="2481" hits="0"/>
						<line number="2482" hits="0"/>
						<line number="2485" hits="0"/>
						<line number="2487" hits="0"/>
						<line number="2488" hits="0"/>
						<line number="2489" hits="0"/>
						<line number="2492" hits="0"/>
						<line number="2494" hits="0"/>
						<line number="2495" hits="0"/>
						<line number="2496" hits="0"/>
						<line number="2499" hits="0"/>
						<line number="2501" hits="0"/>
						<line number="2502" hits="0"/>
						<line number="2503" hits="0"/>
						<line number="2506" hits="0"/>
						<line number="2508" hits="0"/>
						<line number="2509" hits="0"/>
						<line number="2510" hits="0"/>
						<line number="2513" hits="0"/>
						<line number="2515" hits="0"/>
						<line number="2516" hits="0"/>
						<line number="2517" hits="0"/>
						<line number="2518" hits="0"/>
						<line number="2521" hits="0"/>
						<line number="2523" hits="0"/>
						<line number="2524" hits="0"/>
						<line number="2525" hits="0"/>
						<line number="2528" hits="0"/>
						<line number="2530" hits="0"/>
						<line number="2531" hits="0"/>
						<line number="2533" hits="0"/>
						<line number="2538" hits="0"/>
						<line number="2541" hits="0"/>
						<line number="2544" hits="0"/>
						<line number="2547" hits="0"/>
						<line number="2550" hits="0"/>
						<line number="2555" hits="0"/>
						<line number="2558" hits="0"/>
						<line number="2561" hits="0"/>
						<line number="2564" hits="0"/>
						<line number="2567" hits="0"/>
						<line number="2579" hits="0"/>
						<line number="2586" hits="0" branch="true" condition-coverage="0% (0/2)" missing-branches="2587,2588"/>
						<line number="2587" hits="0"/>
						<line number="2588" hits="0"/>
						<line number="2589" hits="0"/>
						<line number="2590" hits="0"/>
						<line number="2591" hits="0"/>
						<line number="2593" hits="0"/>
						<line number="2594" hits="0"/>
						<line number="2595" hits="0"/>
						<line number="2597" hits="0"/>
						<line number="2598" hits="0"/>
						<line number="2599" hits="0"/>
						<line number="2601" hits="0"/>
						<line number="2602" hits="0"/>
						<line number="2603" hits="0"/>
						<line number="2613" hits="0"/>
						<line number="2614" hits="0"/>
						<line number="2615" hits="0"/>
						<line number="2616" hits="0" branch="true" condition-coverage="0% (0/2)" missing-branches="2617,2618"/>
						<line number="2617" hits="0"/>
						<line number="2618" hits="0"/>
						<line number="2620" hits="0"/>
						<line number="2621" hits="0"/>
						<line number="2622" hits="0"/>
						<line number="2623" hits="0"/>
						<line number="2624" hits="0"/>
						<line number="2626" hits="0"/>
						<line number="2627" hits="0"/>
						<line number="2628" hits="0"/>
						<line number="2629" hits="0"/>
						<line number="2631" hits="0" branch="true" condition-coverage="0% (0/2)" missing-branches="2632,2633"/>
						<line number="2632" hits="0"/>
						<line number="2633" hits="0"/>
						<line number="2635" hits="0"/>
						<line number="2636" hits="0"/>
						<line number="2637" hits="0"/>
						<line number="2638" hits="0"/>
						<line number="2640" hits="0"/>
						<line number="2641" hits="0"/>
						<line number="2642" hits="0"/>
						<line number="2646" hits="0"/>
						<line number="2649" hits="0"/>
						<line number="2650" hits="0"/>
						<line number="2652" hits="0"/>
						<line number="2653" hits="0"/>
						<line number="2654" hits="0"/>
						<line number="2655" hits="0"/>
						<line number="2657" hits="0"/>
						<line number="2658" hits="0"/>
						<line number="2659" hits="0"/>
						<line number="2660" hits="0" branch="true" condition-coverage="0% (0/2)" missing-branches="2661,2662"/>
						<line number="2661" hits="0"/>
						<line number="2662" hits="0"/>
						<line number="2664" hits="0"/>
						<line number="2665" hits="0"/>
						<line number="2666" hits="0"/>
						<line number="2667" hits="0"/>
						<line number="2670" hits="0"/>
						<line number="2671" hits="0"/>
						<line number="2679" hits="0" branch="true" condition-coverage="0% (0/2)" missing-branches="2680,2681"/>
						<line number="2680" hits="0"/>
						<line number="2681" hits="0"/>
						<line number="2682" hits="0"/>
						<line number="2683" hits="0"/>
						<line number="2693" hits="0"/>
						<line number="2694" hits="0"/>
						<line number="2695" hits="0"/>
						<line number="2697" hits="0" branch="true" condition-coverage="0% (0/2)" missing-branches="2698,2706"/>
						<line number="2698" hits="0"/>
						<line number="2706" hits="0"/>
						<line number="2708" hits="0"/>
						<line number="2709" hits="0"/>
						<line number="2710" hits="0"/>
						<line number="2711" hits="0"/>
						<line number="2713" hits="0"/>
						<line number="2714" hits="0"/>
						<line number="2715" hits="0"/>
						<line number="2718" hits="0"/>
						<line number="2719" hits="0"/>
						<line number="2720" hits="0"/>
						<line number="2724" hits="0"/>
						<line number="2725" hits="0"/>
						<line number="2726" hits="0"/>
						<line number="2729" hits="0"/>
						<line number="2730" hits="0"/>
						<line number="2731" hits="0"/>
						<line number="2734" hits="0"/>
						<line number="2735" hits="0"/>
						<line number="2736" hits="0"/>
						<line number="2739" hits="0"/>
						<line number="2740" hits="0"/>
						<line number="2741" hits="0"/>
						<line number="2744" hits="0"/>
						<line number="2745" hits="0"/>
						<line number="2746" hits="0"/>
						<line number="2754" hits="0"/>
						<line number="2775" hits="0"/>
						<line number="2798" hits="0" branch="true" condition-coverage="0% (0/2)" missing-branches="2799,2800"/>
						<line number="2799" hits="0"/>
						<line number="2800" hits="0"/>
						<line number="2801" hits="0"/>
						<line number="2803" hits="0"/>
						<line number="2804" hits="0"/>
						<line number="2805" hits="0"/>
						<line number="2806" hits="0" branch="true" condition-coverage="0% (0/2)" missing-branches="2807,2815"/>
						<line number="2807" hits="0"/>
						<line number="2808" hits="0"/>
						<line number="2809" hits="0"/>
						<line number="2810" hits="0" branch="true" condition-coverage="0% (0/2)" missing-branches="2811,2813"/>
						<line number="2811" hits="0"/>
						<line number="2813" hits="0"/>
						<line number="2815" hits="0"/>
						<line number="2816" hits="0"/>
						<line number="2817" hits="0"/>
						<line number="2818" hits="0" branch="true" condition-coverage="0% (0/2)" missing-branches="2819,2821"/>
						<line number="2819" hits="0"/>
						<line number="2821" hits="0"/>
						<line number="2823" hits="0"/>
						<line number="2824" hits="0"/>
						<line number="2825" hits="0"/>
						<line number="2827" hits="0"/>
						<line number="2828" hits="0"/>
						<line number="2829" hits="0"/>
						<line number="2831" hits="0"/>
						<line number="2832" hits="0"/>
						<line number="2833" hits="0"/>
						<line number="2835" hits="0"/>
						<line number="2836" hits="0"/>
						<line number="2837" hits="0"/>
						<line number="2838" hits="0" branch="true" condition-coverage="0% (0/2)" missing-branches="2839,2840"/>
						<line number="2839" hits="0"/>
						<line number="2840" hits="0"/>
						<line number="2842" hits="0"/>
						<line number="2843" hits="0"/>
						<line number="2844" hits="0"/>
						<line number="2845" hits="0" branch="true" condition-coverage="0% (0/2)" missing-branches="2846,2848"/>
						<line number="2846" hits="0"/>
						<line number="2848" hits="0"/>
						<line number="2850" hits="0"/>
						<line number="2851" hits="0"/>
						<line number="2852" hits="0"/>
						<line number="2854" hits="0"/>
						<line number="2856" hits="0"/>
						<line number="2857" hits="0"/>
						<line number="2858" hits="0"/>
						<line number="2859" hits="0" branch="true" condition-coverage="0% (0/2)" missing-branches="2860,2861"/>
						<line number="2860" hits="0"/>
						<line number="2861" hits="0" branch="true" condition-coverage="0% (0/2)" missing-branches="2862,2868"/>
						<line number="2862" hits="0"/>
						<line number="2868" hits="0"/>
						<line number="2870" hits="0"/>
						<line number="2871" hits="0"/>
						<line number="2872" hits="0"/>
						<line number="2873" hits="0" branch="true" condition-coverage="0% (0/2)" missing-branches="2874,2875"/>
						<line number="2874" hits="0"/>
						<line number="2875" hits="0" branch="true" condition-coverage="0% (0/2)" missing-branches="exit,2876"/>
						<line number="2876" hits="0"/>
						<line number="2878" hits="0"/>
						<line number="2879" hits="0"/>
						<line number="2880" hits="0"/>
						<line number="2881" hits="0" branch="true" condition-coverage="0% (0/2)" missing-branches="2882,2883"/>
						<line number="2882" hits="0"/>
						<line number="2883" hits="0" branch="true" condition-coverage="0% (0/2)" missing-branches="exit,2884"/>
						<line number="2884" hits="0"/>
						<line number="2885" hits="0"/>
						<line number="2887" hits="0"/>
						<line number="2888" hits="0"/>
						<line number="2889" hits="0"/>
						<line number="2890" hits="0"/>
						<line number="2891" hits="0" branch="true" condition-coverage="0% (0/2)" missing-branches="2892,2893"/>
						<line number="2892" hits="0"/>
						<line number="2893" hits="0" branch="true" condition-coverage="0% (0/2)" missing-branches="exit,2894"/>
						<line number="2894" hits="0"/>
						<line number="2895" hits="0"/>
						<line number="2896" hits="0"/>
						<line number="2897" hits="0"/>
						<line number="2899" hits="0"/>
						<line number="2900" hits="0"/>
						<line number="2901" hits="0"/>
						<line number="2902" hits="0" branch="true" condition-coverage="0% (0/2)" missing-branches="2903,2907"/>
						<line number="2903" hits="0" branch="true" condition-coverage="0% (0/2)" missing-branches="2904,2906"/>
						<line number="2904" hits="0"/>
						<line number="2906" hits="0"/>
						<line number="2907" hits="0" branch="true" condition-coverage="0% (0/2)" missing-branches="2908,2914"/>
						<line number="2908" hits="0"/>
						<line number="2914" hits="0"/>
						<line number="2916" hits="0"/>
						<line number="2917" hits="0"/>
						<line number="2918" hits="0"/>
						<line number="2919" hits="0" branch="true" condition-coverage="0% (0/2)" missing-branches="2920,2924"/>
						<line number="2920" hits="0" branch="true" condition-coverage="0% (0/2)" missing-branches="2921,2923"/>
						<line number="2921" hits="0"/>
						<line number="2923" hits="0"/>
						<line number="2924" hits="0" branch="true" condition-coverage="0% (0/2)" missing-branches="exit,2925"/>
						<line number="2925" hits="0" branch="true" condition-coverage="0% (0/2)" missing-branches="2926,2928"/>
						<line number="2926" hits="0"/>
						<line number="2928" hits="0"/>
						<line number="2930" hits="0"/>
						<line number="2931" hits="0"/>
						<line number="2932" hits="0"/>
						<line number="2933" hits="0" branch="true" condition-coverage="0% (0/2)" missing-branches="2934,2935"/>
						<line number="2934" hits="0"/>
						<line number="2935" hits="0" branch="true" condition-coverage="0% (0/2)" missing-branches="exit,2936"/>
						<line number="2936" hits="0"/>
						<line number="2938" hits="0"/>
						<line number="2939" hits="0"/>
						<line number="2940" hits="0"/>
						<line number="2941" hits="0" branch="true" condition-coverage="0% (0/2)" missing-branches="2942,2943"/>
						<line number="2942" hits="0"/>
						<line number="2943" hits="0" branch="true" condition-coverage="0% (0/2)" missing-branches="2944,2945"/>
						<line number="2944" hits="0"/>
						<line number="2945" hits="0" branch="true" condition-coverage="0% (0/2)" missing-branches="2947,2953"/>
						<line number="2947" hits="0"/>
						<line number="2953" hits="0"/>
						<line number="2957" hits="0"/>
						<line number="2958" hits="0"/>
						<line number="2959" hits="0"/>
						<line number="2960" hits="0" branch="true" condition-coverage="0% (0/2)" missing-branches="2961,2963"/>
						<line number="2961" hits="0"/>
						<line number="2963" hits="0"/>
						<line number="2969" hits="0"/>
						<line number="2970" hits="0"/>
						<line number="2971" hits="0"/>
						<line number="2972" hits="0" branch="true" condition-coverage="0% (0/2)" missing-branches="2973,2975"/>
						<line number="2973" hits="0"/>
						<line number="2975" hits="0"/>
						<line number="2977" hits="0"/>
						<line number="2978" hits="0"/>
						<line number="2979" hits="0"/>
						<line number="2981" hits="0"/>
						<line number="2983" hits="0"/>
						<line number="2984" hits="0"/>
						<line number="2985" hits="0"/>
						<line number="2989" hits="0"/>
						<line number="2990" hits="0"/>
						<line number="2991" hits="0"/>
						<line number="2992" hits="0" branch="true" condition-coverage="0% (0/2)" missing-branches="2993,2995"/>
						<line number="2993" hits="0"/>
						<line number="2995" hits="0"/>
						<line number="2997" hits="0"/>
						<line number="2998" hits="0"/>
						<line number="2999" hits="0"/>
						<line number="3000" hits="0" branch="true" condition-coverage="0% (0/2)" missing-branches="3001,3005"/>
						<line number="3001" hits="0" branch="true" condition-coverage="0% (0/2)" missing-branches="3002,3004"/>
						<line number="3002" hits="0"/>
						<line number="3004" hits="0"/>
						<line number="3005" hits="0"/>
						<line number="3008" hits="0"/>
						<line number="3009" hits="0"/>
						<line number="3010" hits="0"/>
						<line number="3011" hits="0" branch="true" condition-coverage="0% (0/2)" missing-branches="3012,3014"/>
						<line number="3012" hits="0"/>
						<line number="3014" hits="0"/>
						<line number="3016" hits="0"/>
						<line number="3017" hits="0"/>
						<line number="3018" hits="0"/>
						<line number="3019" hits="0"/>
					</lines>
				</class>
				<class name="protocol_values.py" filename="ciscoconfparse2/protocol_values.py" complexity="0" line-rate="0" branch-rate="1">
					<methods/>
					<lines>
						<line number="0" hits="0"/>
						<line number="1" hits="0"/>
						<line number="3" hits="0"/>
						<line number="26" hits="0"/>
						<line number="49" hits="0"/>
						<line number="104" hits="0"/>
					</lines>
				</class>
			</classes>
		</package>
	</packages>
</coverage>
