<?xml version="1.0" ?>
<coverage version="5.0" timestamp="1740955671277" lines-valid="3308" lines-covered="0" line-rate="0" branches-covered="0" branches-valid="0" branch-rate="0" complexity="0">
	<!-- Generated by coverage.py: https://coverage.readthedocs.io -->
	<!-- Based on https://raw.githubusercontent.com/cobertura/web/master/htdocs/xml/coverage-04.dtd -->
	<sources>
		<source>/home/mpenning/fixme/ciscoconfparse2/tests</source>
	</sources>
	<packages>
		<package name="." line-rate="0" branch-rate="0" complexity="0">
			<classes>
				<class name="conftest.py" filename="conftest.py" complexity="0" line-rate="0" branch-rate="0">
					<methods/>
					<lines>
						<line number="0" hits="0"/>
						<line number="22" hits="0"/>
						<line number="23" hits="0"/>
						<line number="24" hits="0"/>
						<line number="26" hits="0"/>
						<line number="28" hits="0"/>
						<line number="29" hits="0"/>
						<line number="30" hits="0"/>
						<line number="31" hits="0"/>
						<line number="32" hits="0"/>
						<line number="33" hits="0"/>
						<line number="35" hits="0"/>
						<line number="100" hits="0"/>
						<line number="173" hits="0"/>
						<line number="240" hits="0"/>
						<line number="260" hits="0"/>
						<line number="413" hits="0"/>
						<line number="436" hits="0"/>
						<line number="506" hits="0"/>
						<line number="619" hits="0"/>
						<line number="698" hits="0"/>
						<line number="1122" hits="0"/>
						<line number="1251" hits="0"/>
						<line number="1252" hits="0"/>
						<line number="1253" hits="0"/>
						<line number="1256" hits="0"/>
						<line number="1257" hits="0"/>
						<line number="1258" hits="0"/>
						<line number="1261" hits="0"/>
						<line number="1262" hits="0"/>
						<line number="1264" hits="0"/>
						<line number="1266" hits="0"/>
						<line number="1269" hits="0"/>
						<line number="1270" hits="0"/>
						<line number="1272" hits="0"/>
						<line number="1274" hits="0"/>
						<line number="1277" hits="0"/>
						<line number="1278" hits="0"/>
						<line number="1280" hits="0"/>
						<line number="1282" hits="0"/>
						<line number="1285" hits="0"/>
						<line number="1286" hits="0"/>
						<line number="1288" hits="0"/>
						<line number="1290" hits="0"/>
						<line number="1293" hits="0"/>
						<line number="1294" hits="0"/>
						<line number="1296" hits="0"/>
						<line number="1298" hits="0"/>
						<line number="1301" hits="0"/>
						<line number="1302" hits="0"/>
						<line number="1304" hits="0"/>
						<line number="1306" hits="0"/>
						<line number="1310" hits="0"/>
						<line number="1311" hits="0"/>
						<line number="1313" hits="0"/>
						<line number="1317" hits="0"/>
						<line number="1321" hits="0"/>
						<line number="1322" hits="0"/>
						<line number="1324" hits="0"/>
						<line number="1332" hits="0"/>
						<line number="1335" hits="0"/>
						<line number="1336" hits="0"/>
						<line number="1338" hits="0"/>
						<line number="1342" hits="0"/>
						<line number="1346" hits="0"/>
						<line number="1347" hits="0"/>
						<line number="1349" hits="0"/>
						<line number="1357" hits="0"/>
						<line number="1361" hits="0"/>
						<line number="1362" hits="0"/>
						<line number="1364" hits="0"/>
						<line number="1368" hits="0"/>
						<line number="1372" hits="0"/>
						<line number="1373" hits="0"/>
						<line number="1375" hits="0"/>
						<line number="1383" hits="0"/>
						<line number="1387" hits="0"/>
						<line number="1388" hits="0"/>
						<line number="1390" hits="0"/>
						<line number="1398" hits="0"/>
						<line number="1402" hits="0"/>
						<line number="1403" hits="0"/>
						<line number="1405" hits="0"/>
						<line number="1413" hits="0"/>
						<line number="1417" hits="0"/>
						<line number="1418" hits="0"/>
						<line number="1420" hits="0"/>
						<line number="1426" hits="0"/>
						<line number="1430" hits="0"/>
						<line number="1431" hits="0"/>
						<line number="1433" hits="0"/>
						<line number="1435" hits="0"/>
						<line number="1439" hits="0"/>
						<line number="1440" hits="0"/>
						<line number="1442" hits="0"/>
						<line number="1444" hits="0"/>
						<line number="1448" hits="0"/>
						<line number="1449" hits="0"/>
						<line number="1451" hits="0"/>
						<line number="1455" hits="0"/>
						<line number="1456" hits="0"/>
						<line number="1458" hits="0"/>
						<line number="1460" hits="0"/>
						<line number="1464" hits="0"/>
						<line number="1465" hits="0"/>
						<line number="1467" hits="0"/>
						<line number="1469" hits="0"/>
						<line number="1473" hits="0"/>
						<line number="1474" hits="0"/>
						<line number="1476" hits="0"/>
						<line number="1480" hits="0"/>
						<line number="1481" hits="0"/>
						<line number="1483" hits="0"/>
						<line number="1487" hits="0"/>
						<line number="1491" hits="0"/>
						<line number="1492" hits="0"/>
						<line number="1494" hits="0"/>
						<line number="1496" hits="0"/>
						<line number="1500" hits="0"/>
						<line number="1501" hits="0"/>
						<line number="1503" hits="0"/>
						<line number="1505" hits="0"/>
						<line number="1508" hits="0"/>
						<line number="1509" hits="0"/>
						<line number="1511" hits="0"/>
						<line number="1513" hits="0"/>
						<line number="1516" hits="0"/>
						<line number="1517" hits="0"/>
						<line number="1519" hits="0"/>
						<line number="1521" hits="0"/>
						<line number="1524" hits="0"/>
						<line number="1525" hits="0"/>
						<line number="1527" hits="0"/>
						<line number="1529" hits="0"/>
						<line number="1532" hits="0"/>
						<line number="1533" hits="0"/>
						<line number="1535" hits="0"/>
						<line number="1537" hits="0"/>
						<line number="1540" hits="0"/>
						<line number="1541" hits="0"/>
						<line number="1543" hits="0"/>
						<line number="1545" hits="0"/>
						<line number="1548" hits="0"/>
						<line number="1549" hits="0"/>
						<line number="1551" hits="0"/>
						<line number="1553" hits="0"/>
						<line number="1556" hits="0"/>
						<line number="1557" hits="0"/>
						<line number="1559" hits="0"/>
						<line number="1561" hits="0"/>
						<line number="1564" hits="0"/>
						<line number="1565" hits="0"/>
						<line number="1567" hits="0"/>
						<line number="1569" hits="0"/>
						<line number="1572" hits="0"/>
						<line number="1573" hits="0"/>
						<line number="1575" hits="0"/>
						<line number="1577" hits="0"/>
						<line number="1580" hits="0"/>
						<line number="1581" hits="0"/>
						<line number="1584" hits="0"/>
						<line number="1585" hits="0"/>
						<line number="1587" hits="0"/>
						<line number="1589" hits="0"/>
						<line number="1591" hits="0"/>
						<line number="1592" hits="0"/>
						<line number="1593" hits="0"/>
						<line number="1594" hits="0"/>
						<line number="1595" hits="0"/>
						<line number="1596" hits="0"/>
					</lines>
				</class>
				<class name="performance_case.py" filename="performance_case.py" complexity="0" line-rate="0" branch-rate="0">
					<methods/>
					<lines>
						<line number="0" hits="0"/>
						<line number="1" hits="0"/>
						<line number="2" hits="0"/>
						<line number="4" hits="0"/>
						<line number="5" hits="0"/>
						<line number="6" hits="0"/>
						<line number="9" hits="0"/>
						<line number="11" hits="0"/>
						<line number="13" hits="0"/>
						<line number="14" hits="0"/>
						<line number="17" hits="0"/>
						<line number="21" hits="0"/>
						<line number="22" hits="0"/>
						<line number="24" hits="0"/>
						<line number="28" hits="0"/>
						<line number="33" hits="0"/>
						<line number="34" hits="0"/>
						<line number="41" hits="0"/>
						<line number="48" hits="0"/>
						<line number="56" hits="0"/>
						<line number="57" hits="0"/>
					</lines>
				</class>
				<class name="test_BraceParse.py" filename="test_BraceParse.py" complexity="0" line-rate="0" branch-rate="0">
					<methods/>
					<lines>
						<line number="0" hits="0"/>
						<line number="22" hits="0"/>
						<line number="24" hits="0"/>
						<line number="26" hits="0"/>
						<line number="28" hits="0"/>
						<line number="31" hits="0"/>
					</lines>
				</class>
				<class name="test_Ccp_Abc.py" filename="test_Ccp_Abc.py" complexity="0" line-rate="0" branch-rate="0">
					<methods/>
					<lines>
						<line number="0" hits="0"/>
						<line number="1" hits="0"/>
						<line number="2" hits="0"/>
						<line number="3" hits="0"/>
						<line number="4" hits="0"/>
						<line number="5" hits="0"/>
						<line number="6" hits="0"/>
						<line number="7" hits="0"/>
						<line number="8" hits="0"/>
						<line number="9" hits="0"/>
						<line number="10" hits="0"/>
						<line number="11" hits="0"/>
						<line number="12" hits="0"/>
						<line number="14" hits="0"/>
						<line number="16" hits="0"/>
						<line number="38" hits="0"/>
						<line number="40" hits="0"/>
						<line number="41" hits="0"/>
						<line number="42" hits="0"/>
						<line number="45" hits="0"/>
						<line number="47" hits="0"/>
						<line number="48" hits="0"/>
						<line number="49" hits="0"/>
						<line number="52" hits="0"/>
						<line number="54" hits="0"/>
						<line number="55" hits="0"/>
						<line number="56" hits="0"/>
						<line number="59" hits="0"/>
						<line number="61" hits="0"/>
						<line number="62" hits="0"/>
						<line number="63" hits="0"/>
						<line number="66" hits="0"/>
						<line number="68" hits="0"/>
						<line number="69" hits="0"/>
						<line number="70" hits="0"/>
						<line number="73" hits="0"/>
						<line number="75" hits="0"/>
						<line number="76" hits="0"/>
						<line number="77" hits="0"/>
						<line number="80" hits="0"/>
						<line number="82" hits="0"/>
						<line number="83" hits="0"/>
						<line number="84" hits="0"/>
						<line number="87" hits="0"/>
						<line number="89" hits="0"/>
						<line number="90" hits="0"/>
						<line number="91" hits="0"/>
						<line number="94" hits="0"/>
						<line number="96" hits="0"/>
						<line number="97" hits="0"/>
						<line number="98" hits="0"/>
						<line number="99" hits="0"/>
						<line number="104" hits="0"/>
						<line number="107" hits="0"/>
						<line number="109" hits="0"/>
						<line number="110" hits="0"/>
						<line number="111" hits="0"/>
						<line number="114" hits="0"/>
						<line number="116" hits="0"/>
						<line number="117" hits="0"/>
						<line number="118" hits="0"/>
						<line number="119" hits="0"/>
						<line number="120" hits="0"/>
						<line number="123" hits="0"/>
						<line number="125" hits="0"/>
						<line number="126" hits="0"/>
						<line number="127" hits="0"/>
						<line number="128" hits="0"/>
						<line number="129" hits="0"/>
						<line number="132" hits="0"/>
						<line number="134" hits="0"/>
						<line number="135" hits="0"/>
						<line number="136" hits="0"/>
						<line number="137" hits="0"/>
						<line number="138" hits="0"/>
						<line number="141" hits="0"/>
						<line number="143" hits="0"/>
						<line number="144" hits="0"/>
						<line number="145" hits="0"/>
						<line number="148" hits="0"/>
						<line number="150" hits="0"/>
						<line number="151" hits="0"/>
						<line number="152" hits="0"/>
						<line number="153" hits="0"/>
						<line number="156" hits="0"/>
						<line number="158" hits="0"/>
						<line number="159" hits="0"/>
						<line number="160" hits="0"/>
						<line number="161" hits="0"/>
						<line number="164" hits="0"/>
						<line number="166" hits="0"/>
						<line number="167" hits="0"/>
						<line number="168" hits="0"/>
						<line number="188" hits="0"/>
						<line number="190" hits="0"/>
						<line number="191" hits="0"/>
						<line number="192" hits="0"/>
						<line number="193" hits="0"/>
						<line number="196" hits="0"/>
						<line number="198" hits="0"/>
						<line number="199" hits="0"/>
						<line number="200" hits="0"/>
						<line number="203" hits="0"/>
						<line number="205" hits="0"/>
						<line number="206" hits="0"/>
						<line number="207" hits="0"/>
						<line number="210" hits="0"/>
						<line number="212" hits="0"/>
						<line number="213" hits="0"/>
						<line number="214" hits="0"/>
						<line number="217" hits="0"/>
						<line number="219" hits="0"/>
						<line number="223" hits="0"/>
						<line number="224" hits="0"/>
						<line number="225" hits="0"/>
						<line number="226" hits="0"/>
						<line number="229" hits="0"/>
						<line number="231" hits="0"/>
						<line number="235" hits="0"/>
						<line number="236" hits="0"/>
						<line number="237" hits="0"/>
						<line number="238" hits="0"/>
						<line number="239" hits="0"/>
						<line number="242" hits="0"/>
						<line number="244" hits="0"/>
						<line number="245" hits="0"/>
						<line number="246" hits="0"/>
						<line number="247" hits="0"/>
						<line number="248" hits="0"/>
						<line number="249" hits="0"/>
						<line number="250" hits="0"/>
						<line number="251" hits="0"/>
						<line number="252" hits="0"/>
						<line number="255" hits="0"/>
						<line number="257" hits="0"/>
						<line number="264" hits="0"/>
						<line number="265" hits="0"/>
						<line number="266" hits="0"/>
						<line number="269" hits="0"/>
						<line number="271" hits="0"/>
						<line number="279" hits="0"/>
						<line number="280" hits="0"/>
						<line number="281" hits="0"/>
						<line number="284" hits="0"/>
						<line number="286" hits="0"/>
						<line number="294" hits="0"/>
						<line number="295" hits="0"/>
						<line number="296" hits="0"/>
						<line number="299" hits="0"/>
						<line number="301" hits="0"/>
						<line number="320" hits="0"/>
						<line number="322" hits="0"/>
						<line number="324" hits="0"/>
						<line number="325" hits="0"/>
						<line number="326" hits="0"/>
						<line number="329" hits="0"/>
						<line number="332" hits="0"/>
						<line number="334" hits="0"/>
						<line number="353" hits="0"/>
						<line number="355" hits="0"/>
						<line number="357" hits="0"/>
						<line number="360" hits="0"/>
						<line number="363" hits="0"/>
						<line number="366" hits="0"/>
						<line number="368" hits="0"/>
						<line number="371" hits="0"/>
						<line number="373" hits="0"/>
						<line number="381" hits="0"/>
						<line number="382" hits="0"/>
						<line number="383" hits="0"/>
						<line number="384" hits="0"/>
						<line number="385" hits="0"/>
						<line number="388" hits="0"/>
						<line number="390" hits="0"/>
						<line number="398" hits="0"/>
						<line number="399" hits="0"/>
						<line number="400" hits="0"/>
						<line number="401" hits="0"/>
						<line number="402" hits="0"/>
						<line number="405" hits="0"/>
						<line number="407" hits="0"/>
						<line number="415" hits="0"/>
						<line number="416" hits="0"/>
						<line number="417" hits="0"/>
						<line number="420" hits="0"/>
						<line number="422" hits="0"/>
						<line number="430" hits="0"/>
						<line number="431" hits="0"/>
						<line number="432" hits="0"/>
						<line number="433" hits="0"/>
						<line number="434" hits="0"/>
						<line number="437" hits="0"/>
						<line number="439" hits="0"/>
						<line number="447" hits="0"/>
						<line number="448" hits="0"/>
						<line number="449" hits="0"/>
						<line number="450" hits="0"/>
						<line number="451" hits="0"/>
						<line number="454" hits="0"/>
						<line number="456" hits="0"/>
						<line number="464" hits="0"/>
						<line number="465" hits="0"/>
						<line number="466" hits="0"/>
						<line number="469" hits="0"/>
						<line number="471" hits="0"/>
						<line number="479" hits="0"/>
						<line number="480" hits="0"/>
						<line number="481" hits="0"/>
						<line number="489" hits="0"/>
						<line number="491" hits="0"/>
						<line number="499" hits="0"/>
						<line number="500" hits="0"/>
						<line number="502" hits="0"/>
						<line number="503" hits="0"/>
						<line number="504" hits="0"/>
						<line number="507" hits="0"/>
						<line number="509" hits="0"/>
						<line number="517" hits="0"/>
						<line number="518" hits="0"/>
						<line number="519" hits="0"/>
						<line number="520" hits="0"/>
						<line number="521" hits="0"/>
						<line number="523" hits="0"/>
						<line number="524" hits="0"/>
						<line number="525" hits="0"/>
						<line number="526" hits="0"/>
						<line number="529" hits="0"/>
						<line number="531" hits="0"/>
						<line number="539" hits="0"/>
						<line number="540" hits="0"/>
						<line number="541" hits="0"/>
						<line number="542" hits="0"/>
						<line number="544" hits="0"/>
						<line number="545" hits="0"/>
						<line number="547" hits="0"/>
						<line number="550" hits="0"/>
						<line number="552" hits="0"/>
						<line number="560" hits="0"/>
						<line number="561" hits="0"/>
						<line number="563" hits="0"/>
						<line number="565" hits="0"/>
						<line number="566" hits="0"/>
						<line number="570" hits="0"/>
						<line number="573" hits="0"/>
						<line number="575" hits="0"/>
						<line number="583" hits="0"/>
						<line number="584" hits="0"/>
						<line number="587" hits="0"/>
						<line number="588" hits="0"/>
						<line number="591" hits="0"/>
						<line number="593" hits="0"/>
						<line number="595" hits="0"/>
						<line number="596" hits="0"/>
						<line number="602" hits="0"/>
						<line number="604" hits="0"/>
						<line number="605" hits="0"/>
						<line number="606" hits="0"/>
						<line number="607" hits="0"/>
						<line number="608" hits="0"/>
						<line number="609" hits="0"/>
						<line number="610" hits="0"/>
						<line number="611" hits="0"/>
						<line number="615" hits="0"/>
						<line number="621" hits="0"/>
						<line number="623" hits="0"/>
						<line number="624" hits="0"/>
						<line number="625" hits="0"/>
						<line number="627" hits="0"/>
						<line number="628" hits="0"/>
						<line number="629" hits="0"/>
						<line number="631" hits="0"/>
						<line number="632" hits="0"/>
						<line number="633" hits="0"/>
						<line number="636" hits="0"/>
						<line number="638" hits="0"/>
						<line number="657" hits="0"/>
						<line number="659" hits="0"/>
						<line number="661" hits="0"/>
						<line number="664" hits="0"/>
						<line number="665" hits="0"/>
						<line number="666" hits="0"/>
						<line number="669" hits="0"/>
						<line number="671" hits="0"/>
						<line number="674" hits="0"/>
						<line number="676" hits="0"/>
						<line number="695" hits="0"/>
						<line number="697" hits="0"/>
						<line number="699" hits="0"/>
						<line number="702" hits="0"/>
						<line number="703" hits="0"/>
						<line number="704" hits="0"/>
						<line number="707" hits="0"/>
						<line number="709" hits="0"/>
						<line number="712" hits="0"/>
						<line number="714" hits="0"/>
						<line number="750" hits="0"/>
						<line number="751" hits="0"/>
						<line number="753" hits="0"/>
						<line number="761" hits="0"/>
						<line number="762" hits="0"/>
						<line number="765" hits="0"/>
						<line number="767" hits="0"/>
						<line number="803" hits="0"/>
						<line number="804" hits="0"/>
						<line number="806" hits="0"/>
						<line number="814" hits="0"/>
						<line number="815" hits="0"/>
						<line number="818" hits="0"/>
						<line number="820" hits="0"/>
						<line number="856" hits="0"/>
						<line number="857" hits="0"/>
						<line number="859" hits="0"/>
						<line number="867" hits="0"/>
						<line number="868" hits="0"/>
						<line number="871" hits="0"/>
						<line number="873" hits="0"/>
						<line number="909" hits="0"/>
						<line number="910" hits="0"/>
						<line number="912" hits="0"/>
						<line number="920" hits="0"/>
						<line number="921" hits="0"/>
						<line number="924" hits="0"/>
						<line number="926" hits="0"/>
						<line number="962" hits="0"/>
						<line number="963" hits="0"/>
						<line number="965" hits="0"/>
						<line number="973" hits="0"/>
						<line number="974" hits="0"/>
						<line number="977" hits="0"/>
						<line number="979" hits="0"/>
						<line number="1015" hits="0"/>
						<line number="1016" hits="0"/>
						<line number="1018" hits="0"/>
						<line number="1026" hits="0"/>
						<line number="1027" hits="0"/>
						<line number="1030" hits="0"/>
						<line number="1032" hits="0"/>
						<line number="1068" hits="0"/>
						<line number="1069" hits="0"/>
						<line number="1071" hits="0"/>
						<line number="1080" hits="0"/>
						<line number="1081" hits="0"/>
						<line number="1084" hits="0"/>
						<line number="1086" hits="0"/>
						<line number="1122" hits="0"/>
						<line number="1123" hits="0"/>
						<line number="1125" hits="0"/>
						<line number="1134" hits="0"/>
						<line number="1135" hits="0"/>
						<line number="1138" hits="0"/>
						<line number="1140" hits="0"/>
						<line number="1176" hits="0"/>
						<line number="1177" hits="0"/>
						<line number="1179" hits="0"/>
						<line number="1187" hits="0"/>
						<line number="1188" hits="0"/>
						<line number="1191" hits="0"/>
						<line number="1193" hits="0"/>
						<line number="1229" hits="0"/>
						<line number="1230" hits="0"/>
						<line number="1232" hits="0"/>
						<line number="1240" hits="0"/>
						<line number="1241" hits="0"/>
						<line number="1244" hits="0"/>
						<line number="1246" hits="0"/>
						<line number="1260" hits="0"/>
						<line number="1261" hits="0"/>
						<line number="1262" hits="0"/>
						<line number="1263" hits="0"/>
						<line number="1264" hits="0"/>
						<line number="1265" hits="0"/>
						<line number="1266" hits="0"/>
						<line number="1269" hits="0"/>
						<line number="1271" hits="0"/>
						<line number="1285" hits="0"/>
						<line number="1286" hits="0"/>
						<line number="1287" hits="0"/>
						<line number="1290" hits="0"/>
						<line number="1291" hits="0"/>
						<line number="1294" hits="0"/>
						<line number="1296" hits="0"/>
						<line number="1297" hits="0"/>
						<line number="1300" hits="0"/>
						<line number="1302" hits="0"/>
						<line number="1303" hits="0"/>
						<line number="1304" hits="0"/>
						<line number="1307" hits="0"/>
						<line number="1309" hits="0"/>
						<line number="1310" hits="0"/>
						<line number="1311" hits="0"/>
						<line number="1312" hits="0"/>
						<line number="1315" hits="0"/>
						<line number="1317" hits="0"/>
						<line number="1318" hits="0"/>
						<line number="1319" hits="0"/>
						<line number="1320" hits="0"/>
						<line number="1321" hits="0"/>
						<line number="1322" hits="0"/>
						<line number="1325" hits="0"/>
						<line number="1327" hits="0"/>
						<line number="1328" hits="0"/>
						<line number="1330" hits="0"/>
						<line number="1333" hits="0"/>
						<line number="1335" hits="0"/>
						<line number="1336" hits="0"/>
						<line number="1337" hits="0"/>
						<line number="1338" hits="0"/>
						<line number="1339" hits="0"/>
						<line number="1341" hits="0"/>
						<line number="1342" hits="0"/>
						<line number="1343" hits="0"/>
						<line number="1346" hits="0"/>
						<line number="1348" hits="0"/>
						<line number="1349" hits="0"/>
						<line number="1350" hits="0"/>
						<line number="1351" hits="0"/>
						<line number="1353" hits="0"/>
						<line number="1355" hits="0"/>
						<line number="1356" hits="0"/>
						<line number="1357" hits="0"/>
						<line number="1359" hits="0"/>
						<line number="1360" hits="0"/>
						<line number="1361" hits="0"/>
						<line number="1363" hits="0"/>
						<line number="1364" hits="0"/>
						<line number="1365" hits="0"/>
						<line number="1368" hits="0"/>
						<line number="1370" hits="0"/>
						<line number="1371" hits="0"/>
						<line number="1372" hits="0"/>
						<line number="1373" hits="0"/>
						<line number="1374" hits="0"/>
						<line number="1376" hits="0"/>
						<line number="1377" hits="0"/>
						<line number="1379" hits="0"/>
						<line number="1380" hits="0"/>
						<line number="1381" hits="0"/>
						<line number="1382" hits="0"/>
						<line number="1385" hits="0"/>
						<line number="1387" hits="0"/>
						<line number="1388" hits="0"/>
						<line number="1389" hits="0"/>
						<line number="1390" hits="0"/>
						<line number="1391" hits="0"/>
						<line number="1392" hits="0"/>
					</lines>
				</class>
				<class name="test_Ccp_Util.py" filename="test_Ccp_Util.py" complexity="0" line-rate="0" branch-rate="0">
					<methods/>
					<lines>
						<line number="0" hits="0"/>
						<line number="37" hits="0"/>
						<line number="38" hits="0"/>
						<line number="39" hits="0"/>
						<line number="40" hits="0"/>
						<line number="42" hits="0"/>
						<line number="43" hits="0"/>
						<line number="45" hits="0"/>
						<line number="47" hits="0"/>
						<line number="48" hits="0"/>
						<line number="49" hits="0"/>
						<line number="50" hits="0"/>
						<line number="51" hits="0"/>
						<line number="52" hits="0"/>
						<line number="53" hits="0"/>
						<line number="55" hits="0"/>
						<line number="58" hits="0"/>
						<line number="61" hits="0"/>
						<line number="64" hits="0"/>
						<line number="65" hits="0"/>
						<line number="66" hits="0"/>
						<line number="69" hits="0"/>
						<line number="71" hits="0"/>
						<line number="73" hits="0"/>
						<line number="76" hits="0"/>
						<line number="85" hits="0"/>
						<line number="86" hits="0"/>
						<line number="87" hits="0"/>
						<line number="90" hits="0"/>
						<line number="111" hits="0"/>
						<line number="112" hits="0"/>
						<line number="113" hits="0"/>
						<line number="116" hits="0"/>
						<line number="142" hits="0"/>
						<line number="143" hits="0"/>
						<line number="144" hits="0"/>
						<line number="147" hits="0"/>
						<line number="148" hits="0"/>
						<line number="149" hits="0"/>
						<line number="150" hits="0"/>
						<line number="153" hits="0"/>
						<line number="154" hits="0"/>
						<line number="155" hits="0"/>
						<line number="156" hits="0"/>
						<line number="159" hits="0"/>
						<line number="160" hits="0"/>
						<line number="161" hits="0"/>
						<line number="162" hits="0"/>
						<line number="165" hits="0"/>
						<line number="166" hits="0"/>
						<line number="167" hits="0"/>
						<line number="168" hits="0"/>
						<line number="171" hits="0"/>
						<line number="172" hits="0"/>
						<line number="173" hits="0"/>
						<line number="174" hits="0"/>
						<line number="177" hits="0"/>
						<line number="181" hits="0"/>
						<line number="182" hits="0"/>
						<line number="183" hits="0"/>
						<line number="184" hits="0"/>
						<line number="187" hits="0"/>
						<line number="191" hits="0"/>
						<line number="198" hits="0"/>
						<line number="200" hits="0"/>
						<line number="201" hits="0"/>
						<line number="204" hits="0"/>
						<line number="206" hits="0"/>
						<line number="207" hits="0"/>
						<line number="209" hits="0"/>
						<line number="210" hits="0"/>
						<line number="213" hits="0"/>
						<line number="234" hits="0"/>
						<line number="236" hits="0"/>
						<line number="237" hits="0"/>
						<line number="240" hits="0"/>
						<line number="242" hits="0"/>
						<line number="243" hits="0"/>
						<line number="245" hits="0"/>
						<line number="247" hits="0"/>
						<line number="250" hits="0"/>
						<line number="252" hits="0"/>
						<line number="253" hits="0"/>
						<line number="254" hits="0"/>
						<line number="255" hits="0"/>
						<line number="257" hits="0"/>
						<line number="260" hits="0"/>
						<line number="262" hits="0"/>
						<line number="263" hits="0"/>
						<line number="264" hits="0"/>
						<line number="265" hits="0"/>
						<line number="268" hits="0"/>
						<line number="269" hits="0"/>
						<line number="270" hits="0"/>
						<line number="271" hits="0"/>
						<line number="274" hits="0"/>
						<line number="275" hits="0"/>
						<line number="277" hits="0"/>
						<line number="278" hits="0"/>
						<line number="281" hits="0"/>
						<line number="283" hits="0"/>
						<line number="284" hits="0"/>
						<line number="311" hits="0"/>
						<line number="313" hits="0"/>
						<line number="316" hits="0"/>
						<line number="319" hits="0"/>
						<line number="342" hits="0"/>
						<line number="343" hits="0"/>
						<line number="346" hits="0"/>
						<line number="350" hits="0"/>
						<line number="351" hits="0"/>
						<line number="354" hits="0"/>
						<line number="355" hits="0"/>
						<line number="358" hits="0"/>
						<line number="359" hits="0"/>
						<line number="362" hits="0"/>
						<line number="363" hits="0"/>
						<line number="366" hits="0"/>
						<line number="367" hits="0"/>
						<line number="370" hits="0"/>
						<line number="371" hits="0"/>
						<line number="374" hits="0"/>
						<line number="375" hits="0"/>
						<line number="378" hits="0"/>
						<line number="379" hits="0"/>
						<line number="382" hits="0"/>
						<line number="383" hits="0"/>
						<line number="386" hits="0"/>
						<line number="387" hits="0"/>
						<line number="390" hits="0"/>
						<line number="391" hits="0"/>
						<line number="394" hits="0"/>
						<line number="395" hits="0"/>
						<line number="398" hits="0"/>
						<line number="400" hits="0"/>
						<line number="401" hits="0"/>
						<line number="439" hits="0"/>
						<line number="441" hits="0"/>
						<line number="444" hits="0"/>
						<line number="445" hits="0"/>
						<line number="446" hits="0"/>
						<line number="449" hits="0"/>
						<line number="450" hits="0"/>
						<line number="451" hits="0"/>
						<line number="452" hits="0"/>
						<line number="455" hits="0"/>
						<line number="457" hits="0"/>
						<line number="464" hits="0"/>
						<line number="471" hits="0"/>
						<line number="473" hits="0"/>
						<line number="476" hits="0"/>
						<line number="478" hits="0"/>
						<line number="496" hits="0"/>
						<line number="514" hits="0"/>
						<line number="516" hits="0"/>
						<line number="519" hits="0"/>
						<line number="521" hits="0"/>
						<line number="522" hits="0"/>
						<line number="523" hits="0"/>
						<line number="526" hits="0"/>
						<line number="527" hits="0"/>
						<line number="530" hits="0"/>
						<line number="532" hits="0"/>
						<line number="535" hits="0"/>
						<line number="537" hits="0"/>
						<line number="538" hits="0"/>
						<line number="539" hits="0"/>
						<line number="542" hits="0"/>
						<line number="544" hits="0"/>
						<line number="545" hits="0"/>
						<line number="546" hits="0"/>
						<line number="549" hits="0"/>
						<line number="551" hits="0"/>
						<line number="552" hits="0"/>
						<line number="553" hits="0"/>
						<line number="556" hits="0"/>
						<line number="558" hits="0"/>
						<line number="561" hits="0"/>
						<line number="563" hits="0"/>
						<line number="566" hits="0"/>
						<line number="568" hits="0"/>
						<line number="571" hits="0"/>
						<line number="573" hits="0"/>
						<line number="574" hits="0"/>
						<line number="575" hits="0"/>
						<line number="578" hits="0"/>
						<line number="580" hits="0"/>
						<line number="581" hits="0"/>
						<line number="582" hits="0"/>
						<line number="585" hits="0"/>
						<line number="587" hits="0"/>
						<line number="588" hits="0"/>
						<line number="589" hits="0"/>
						<line number="592" hits="0"/>
						<line number="594" hits="0"/>
						<line number="595" hits="0"/>
						<line number="596" hits="0"/>
						<line number="599" hits="0"/>
						<line number="601" hits="0"/>
						<line number="602" hits="0"/>
						<line number="603" hits="0"/>
						<line number="606" hits="0"/>
						<line number="608" hits="0"/>
						<line number="609" hits="0"/>
						<line number="610" hits="0"/>
						<line number="613" hits="0"/>
						<line number="615" hits="0"/>
						<line number="616" hits="0"/>
						<line number="617" hits="0"/>
						<line number="620" hits="0"/>
						<line number="622" hits="0"/>
						<line number="625" hits="0"/>
						<line number="627" hits="0"/>
						<line number="630" hits="0"/>
						<line number="632" hits="0"/>
						<line number="635" hits="0"/>
						<line number="637" hits="0"/>
						<line number="640" hits="0"/>
						<line number="642" hits="0"/>
						<line number="645" hits="0"/>
						<line number="647" hits="0"/>
						<line number="650" hits="0"/>
						<line number="652" hits="0"/>
						<line number="657" hits="0"/>
						<line number="659" hits="0"/>
						<line number="662" hits="0"/>
						<line number="664" hits="0"/>
						<line number="667" hits="0"/>
						<line number="669" hits="0"/>
						<line number="670" hits="0"/>
						<line number="673" hits="0"/>
						<line number="674" hits="0"/>
						<line number="677" hits="0"/>
						<line number="678" hits="0"/>
						<line number="681" hits="0"/>
						<line number="682" hits="0"/>
						<line number="685" hits="0"/>
						<line number="686" hits="0"/>
						<line number="689" hits="0"/>
						<line number="690" hits="0"/>
						<line number="693" hits="0"/>
						<line number="694" hits="0"/>
						<line number="697" hits="0"/>
						<line number="698" hits="0"/>
						<line number="701" hits="0"/>
						<line number="702" hits="0"/>
						<line number="705" hits="0"/>
						<line number="706" hits="0"/>
						<line number="707" hits="0"/>
						<line number="710" hits="0"/>
						<line number="711" hits="0"/>
						<line number="712" hits="0"/>
						<line number="715" hits="0"/>
						<line number="716" hits="0"/>
						<line number="719" hits="0"/>
						<line number="720" hits="0"/>
						<line number="723" hits="0"/>
						<line number="724" hits="0"/>
						<line number="727" hits="0"/>
						<line number="728" hits="0"/>
						<line number="729" hits="0"/>
						<line number="732" hits="0"/>
						<line number="733" hits="0"/>
						<line number="734" hits="0"/>
						<line number="737" hits="0"/>
						<line number="738" hits="0"/>
						<line number="741" hits="0"/>
						<line number="742" hits="0"/>
						<line number="745" hits="0"/>
						<line number="746" hits="0"/>
						<line number="749" hits="0"/>
						<line number="750" hits="0"/>
						<line number="753" hits="0"/>
						<line number="754" hits="0"/>
						<line number="757" hits="0"/>
						<line number="758" hits="0"/>
						<line number="759" hits="0"/>
						<line number="762" hits="0"/>
						<line number="764" hits="0"/>
						<line number="767" hits="0"/>
						<line number="768" hits="0"/>
						<line number="769" hits="0"/>
						<line number="772" hits="0"/>
						<line number="773" hits="0"/>
						<line number="774" hits="0"/>
						<line number="775" hits="0"/>
						<line number="776" hits="0"/>
						<line number="779" hits="0"/>
						<line number="781" hits="0"/>
						<line number="782" hits="0"/>
						<line number="783" hits="0"/>
						<line number="784" hits="0"/>
						<line number="785" hits="0"/>
						<line number="786" hits="0"/>
						<line number="787" hits="0"/>
						<line number="788" hits="0"/>
						<line number="791" hits="0"/>
						<line number="793" hits="0"/>
						<line number="794" hits="0"/>
						<line number="795" hits="0"/>
						<line number="796" hits="0"/>
						<line number="797" hits="0"/>
						<line number="798" hits="0"/>
						<line number="799" hits="0"/>
						<line number="800" hits="0"/>
						<line number="803" hits="0"/>
						<line number="805" hits="0"/>
						<line number="806" hits="0"/>
						<line number="807" hits="0"/>
						<line number="808" hits="0"/>
						<line number="809" hits="0"/>
						<line number="810" hits="0"/>
						<line number="811" hits="0"/>
						<line number="812" hits="0"/>
						<line number="815" hits="0"/>
						<line number="817" hits="0"/>
						<line number="818" hits="0"/>
						<line number="819" hits="0"/>
						<line number="820" hits="0"/>
						<line number="821" hits="0"/>
						<line number="822" hits="0"/>
						<line number="823" hits="0"/>
						<line number="824" hits="0"/>
						<line number="827" hits="0"/>
						<line number="829" hits="0"/>
						<line number="830" hits="0"/>
						<line number="831" hits="0"/>
						<line number="832" hits="0"/>
						<line number="833" hits="0"/>
						<line number="834" hits="0"/>
						<line number="835" hits="0"/>
						<line number="836" hits="0"/>
						<line number="839" hits="0"/>
						<line number="841" hits="0"/>
						<line number="842" hits="0"/>
						<line number="843" hits="0"/>
						<line number="844" hits="0"/>
						<line number="845" hits="0"/>
						<line number="846" hits="0"/>
						<line number="847" hits="0"/>
						<line number="848" hits="0"/>
						<line number="851" hits="0"/>
						<line number="853" hits="0"/>
						<line number="854" hits="0"/>
						<line number="855" hits="0"/>
						<line number="856" hits="0"/>
						<line number="857" hits="0"/>
						<line number="858" hits="0"/>
						<line number="859" hits="0"/>
						<line number="860" hits="0"/>
						<line number="863" hits="0"/>
						<line number="865" hits="0"/>
						<line number="877" hits="0"/>
						<line number="878" hits="0"/>
						<line number="879" hits="0"/>
						<line number="880" hits="0"/>
						<line number="881" hits="0"/>
						<line number="882" hits="0"/>
						<line number="883" hits="0"/>
						<line number="884" hits="0"/>
						<line number="887" hits="0"/>
						<line number="889" hits="0"/>
						<line number="901" hits="0"/>
						<line number="902" hits="0"/>
						<line number="903" hits="0"/>
						<line number="904" hits="0"/>
						<line number="905" hits="0"/>
						<line number="906" hits="0"/>
						<line number="907" hits="0"/>
						<line number="908" hits="0"/>
						<line number="911" hits="0"/>
						<line number="913" hits="0"/>
						<line number="914" hits="0"/>
						<line number="915" hits="0"/>
						<line number="916" hits="0"/>
						<line number="917" hits="0"/>
						<line number="918" hits="0"/>
						<line number="919" hits="0"/>
						<line number="920" hits="0"/>
						<line number="923" hits="0"/>
						<line number="925" hits="0"/>
						<line number="926" hits="0"/>
						<line number="927" hits="0"/>
						<line number="932" hits="0"/>
						<line number="934" hits="0"/>
						<line number="935" hits="0"/>
						<line number="936" hits="0"/>
						<line number="941" hits="0"/>
						<line number="943" hits="0"/>
						<line number="944" hits="0"/>
						<line number="945" hits="0"/>
						<line number="950" hits="0"/>
						<line number="952" hits="0"/>
						<line number="953" hits="0"/>
						<line number="954" hits="0"/>
						<line number="959" hits="0"/>
						<line number="961" hits="0"/>
						<line number="962" hits="0"/>
						<line number="963" hits="0"/>
						<line number="968" hits="0"/>
						<line number="970" hits="0"/>
						<line number="971" hits="0"/>
						<line number="974" hits="0"/>
						<line number="978" hits="0"/>
						<line number="981" hits="0"/>
						<line number="983" hits="0"/>
						<line number="984" hits="0"/>
						<line number="985" hits="0"/>
						<line number="988" hits="0"/>
						<line number="990" hits="0"/>
						<line number="991" hits="0"/>
						<line number="992" hits="0"/>
						<line number="995" hits="0"/>
						<line number="997" hits="0"/>
						<line number="998" hits="0"/>
						<line number="999" hits="0"/>
						<line number="1002" hits="0"/>
						<line number="1004" hits="0"/>
						<line number="1005" hits="0"/>
						<line number="1006" hits="0"/>
						<line number="1009" hits="0"/>
						<line number="1011" hits="0"/>
						<line number="1012" hits="0"/>
						<line number="1013" hits="0"/>
						<line number="1016" hits="0"/>
						<line number="1018" hits="0"/>
						<line number="1019" hits="0"/>
						<line number="1020" hits="0"/>
						<line number="1023" hits="0"/>
						<line number="1025" hits="0"/>
						<line number="1026" hits="0"/>
						<line number="1027" hits="0"/>
						<line number="1030" hits="0"/>
						<line number="1032" hits="0"/>
						<line number="1033" hits="0"/>
						<line number="1034" hits="0"/>
						<line number="1037" hits="0"/>
						<line number="1039" hits="0"/>
						<line number="1040" hits="0"/>
						<line number="1041" hits="0"/>
						<line number="1044" hits="0"/>
						<line number="1046" hits="0"/>
						<line number="1047" hits="0"/>
						<line number="1048" hits="0"/>
						<line number="1051" hits="0"/>
						<line number="1053" hits="0"/>
						<line number="1054" hits="0"/>
						<line number="1055" hits="0"/>
						<line number="1058" hits="0"/>
						<line number="1060" hits="0"/>
						<line number="1061" hits="0"/>
						<line number="1062" hits="0"/>
						<line number="1065" hits="0"/>
						<line number="1067" hits="0"/>
						<line number="1068" hits="0"/>
						<line number="1069" hits="0"/>
						<line number="1072" hits="0"/>
						<line number="1074" hits="0"/>
						<line number="1075" hits="0"/>
						<line number="1076" hits="0"/>
						<line number="1079" hits="0"/>
						<line number="1081" hits="0"/>
						<line number="1086" hits="0"/>
						<line number="1087" hits="0"/>
						<line number="1090" hits="0"/>
						<line number="1092" hits="0"/>
						<line number="1105" hits="0"/>
						<line number="1106" hits="0"/>
						<line number="1109" hits="0"/>
						<line number="1111" hits="0"/>
						<line number="1119" hits="0"/>
						<line number="1121" hits="0"/>
						<line number="1126" hits="0"/>
						<line number="1128" hits="0"/>
						<line number="1136" hits="0"/>
						<line number="1138" hits="0"/>
						<line number="1144" hits="0"/>
						<line number="1146" hits="0"/>
						<line number="1147" hits="0"/>
						<line number="1150" hits="0"/>
						<line number="1152" hits="0"/>
						<line number="1153" hits="0"/>
						<line number="1156" hits="0"/>
						<line number="1158" hits="0"/>
						<line number="1160" hits="0"/>
						<line number="1163" hits="0"/>
						<line number="1165" hits="0"/>
						<line number="1167" hits="0"/>
						<line number="1170" hits="0"/>
						<line number="1172" hits="0"/>
						<line number="1173" hits="0"/>
						<line number="1175" hits="0"/>
						<line number="1177" hits="0"/>
						<line number="1178" hits="0"/>
						<line number="1181" hits="0"/>
						<line number="1183" hits="0"/>
						<line number="1184" hits="0"/>
						<line number="1186" hits="0"/>
						<line number="1188" hits="0"/>
						<line number="1189" hits="0"/>
						<line number="1192" hits="0"/>
						<line number="1194" hits="0"/>
						<line number="1195" hits="0"/>
						<line number="1197" hits="0"/>
						<line number="1199" hits="0"/>
						<line number="1200" hits="0"/>
					</lines>
				</class>
				<class name="test_CiscoConfParse.py" filename="test_CiscoConfParse.py" complexity="0" line-rate="0" branch-rate="0">
					<methods/>
					<lines>
						<line number="0" hits="0"/>
						<line number="22" hits="0"/>
						<line number="23" hits="0"/>
						<line number="24" hits="0"/>
						<line number="25" hits="0"/>
						<line number="27" hits="0"/>
						<line number="28" hits="0"/>
						<line number="29" hits="0"/>
						<line number="30" hits="0"/>
						<line number="31" hits="0"/>
						<line number="32" hits="0"/>
						<line number="34" hits="0"/>
						<line number="35" hits="0"/>
						<line number="37" hits="0"/>
						<line number="38" hits="0"/>
						<line number="39" hits="0"/>
						<line number="40" hits="0"/>
						<line number="41" hits="0"/>
						<line number="42" hits="0"/>
						<line number="43" hits="0"/>
						<line number="44" hits="0"/>
						<line number="46" hits="0"/>
						<line number="48" hits="0"/>
						<line number="51" hits="0"/>
						<line number="54" hits="0"/>
						<line number="57" hits="0"/>
						<line number="58" hits="0"/>
						<line number="61" hits="0"/>
						<line number="62" hits="0"/>
						<line number="63" hits="0"/>
						<line number="66" hits="0"/>
						<line number="69" hits="0"/>
						<line number="78" hits="0"/>
						<line number="81" hits="0"/>
						<line number="82" hits="0"/>
						<line number="83" hits="0"/>
						<line number="86" hits="0"/>
						<line number="88" hits="0"/>
						<line number="89" hits="0"/>
						<line number="91" hits="0"/>
						<line number="94" hits="0"/>
						<line number="97" hits="0"/>
						<line number="98" hits="0"/>
						<line number="99" hits="0"/>
						<line number="100" hits="0"/>
						<line number="101" hits="0"/>
						<line number="102" hits="0"/>
						<line number="103" hits="0"/>
						<line number="106" hits="0"/>
						<line number="109" hits="0"/>
						<line number="110" hits="0"/>
						<line number="111" hits="0"/>
						<line number="112" hits="0"/>
						<line number="115" hits="0"/>
						<line number="118" hits="0"/>
						<line number="119" hits="0"/>
						<line number="120" hits="0"/>
						<line number="123" hits="0"/>
						<line number="126" hits="0"/>
						<line number="127" hits="0"/>
						<line number="128" hits="0"/>
						<line number="131" hits="0"/>
						<line number="134" hits="0"/>
						<line number="135" hits="0"/>
						<line number="136" hits="0"/>
						<line number="137" hits="0"/>
						<line number="140" hits="0"/>
						<line number="143" hits="0"/>
						<line number="144" hits="0"/>
						<line number="145" hits="0"/>
						<line number="151" hits="0"/>
						<line number="154" hits="0"/>
						<line number="157" hits="0"/>
						<line number="158" hits="0"/>
						<line number="159" hits="0"/>
						<line number="160" hits="0"/>
						<line number="161" hits="0"/>
						<line number="164" hits="0"/>
						<line number="167" hits="0"/>
						<line number="168" hits="0"/>
						<line number="169" hits="0"/>
						<line number="175" hits="0"/>
						<line number="178" hits="0"/>
						<line number="181" hits="0"/>
						<line number="182" hits="0"/>
						<line number="183" hits="0"/>
						<line number="184" hits="0"/>
						<line number="189" hits="0"/>
						<line number="192" hits="0"/>
						<line number="193" hits="0"/>
						<line number="194" hits="0"/>
						<line number="200" hits="0"/>
						<line number="203" hits="0"/>
						<line number="206" hits="0"/>
						<line number="207" hits="0"/>
						<line number="208" hits="0"/>
						<line number="209" hits="0"/>
						<line number="212" hits="0"/>
						<line number="214" hits="0"/>
						<line number="217" hits="0"/>
						<line number="219" hits="0"/>
						<line number="220" hits="0"/>
						<line number="223" hits="0"/>
						<line number="225" hits="0"/>
						<line number="228" hits="0"/>
						<line number="229" hits="0"/>
						<line number="232" hits="0"/>
						<line number="234" hits="0"/>
						<line number="239" hits="0"/>
						<line number="242" hits="0"/>
						<line number="244" hits="0"/>
						<line number="249" hits="0"/>
						<line number="252" hits="0"/>
						<line number="254" hits="0"/>
						<line number="260" hits="0"/>
						<line number="263" hits="0"/>
						<line number="265" hits="0"/>
						<line number="272" hits="0"/>
						<line number="275" hits="0"/>
						<line number="277" hits="0"/>
						<line number="282" hits="0"/>
						<line number="285" hits="0"/>
						<line number="287" hits="0"/>
						<line number="292" hits="0"/>
						<line number="295" hits="0"/>
						<line number="297" hits="0"/>
						<line number="302" hits="0"/>
						<line number="305" hits="0"/>
						<line number="307" hits="0"/>
						<line number="312" hits="0"/>
						<line number="315" hits="0"/>
						<line number="317" hits="0"/>
						<line number="322" hits="0"/>
						<line number="325" hits="0"/>
						<line number="327" hits="0"/>
						<line number="332" hits="0"/>
						<line number="335" hits="0"/>
						<line number="337" hits="0"/>
						<line number="342" hits="0"/>
						<line number="345" hits="0"/>
						<line number="347" hits="0"/>
						<line number="348" hits="0"/>
						<line number="349" hits="0"/>
						<line number="352" hits="0"/>
						<line number="354" hits="0"/>
						<line number="355" hits="0"/>
						<line number="356" hits="0"/>
						<line number="357" hits="0"/>
						<line number="360" hits="0"/>
						<line number="362" hits="0"/>
						<line number="363" hits="0"/>
						<line number="364" hits="0"/>
						<line number="365" hits="0"/>
						<line number="368" hits="0"/>
						<line number="369" hits="0"/>
						<line number="373" hits="0"/>
						<line number="374" hits="0"/>
						<line number="375" hits="0"/>
						<line number="376" hits="0"/>
						<line number="379" hits="0"/>
						<line number="381" hits="0"/>
						<line number="383" hits="0"/>
						<line number="386" hits="0"/>
						<line number="388" hits="0"/>
						<line number="406" hits="0"/>
						<line number="414" hits="0"/>
						<line number="416" hits="0"/>
						<line number="418" hits="0"/>
						<line number="421" hits="0"/>
						<line number="423" hits="0"/>
						<line number="433" hits="0"/>
						<line number="434" hits="0"/>
						<line number="534" hits="0"/>
						<line number="605" hits="0"/>
						<line number="612" hits="0"/>
						<line number="613" hits="0"/>
						<line number="620" hits="0"/>
						<line number="621" hits="0"/>
						<line number="626" hits="0"/>
						<line number="631" hits="0"/>
						<line number="632" hits="0"/>
						<line number="637" hits="0"/>
						<line number="639" hits="0"/>
						<line number="642" hits="0"/>
						<line number="644" hits="0"/>
						<line number="646" hits="0"/>
						<line number="649" hits="0"/>
						<line number="650" hits="0"/>
						<line number="653" hits="0"/>
						<line number="655" hits="0"/>
						<line number="656" hits="0"/>
						<line number="659" hits="0"/>
						<line number="661" hits="0"/>
						<line number="662" hits="0"/>
						<line number="663" hits="0"/>
						<line number="664" hits="0"/>
						<line number="667" hits="0"/>
						<line number="669" hits="0"/>
						<line number="670" hits="0"/>
						<line number="672" hits="0"/>
						<line number="673" hits="0"/>
						<line number="676" hits="0"/>
						<line number="678" hits="0"/>
						<line number="679" hits="0"/>
						<line number="682" hits="0"/>
						<line number="683" hits="0"/>
						<line number="686" hits="0"/>
						<line number="698" hits="0"/>
						<line number="751" hits="0"/>
						<line number="803" hits="0"/>
						<line number="804" hits="0"/>
						<line number="807" hits="0"/>
						<line number="808" hits="0"/>
						<line number="810" hits="0"/>
						<line number="811" hits="0"/>
						<line number="812" hits="0"/>
						<line number="815" hits="0"/>
						<line number="817" hits="0"/>
						<line number="820" hits="0"/>
						<line number="822" hits="0"/>
						<line number="823" hits="0"/>
						<line number="826" hits="0"/>
						<line number="827" hits="0"/>
						<line number="828" hits="0"/>
						<line number="831" hits="0"/>
						<line number="833" hits="0"/>
						<line number="834" hits="0"/>
						<line number="835" hits="0"/>
						<line number="836" hits="0"/>
						<line number="837" hits="0"/>
						<line number="838" hits="0"/>
						<line number="841" hits="0"/>
						<line number="842" hits="0"/>
						<line number="856" hits="0"/>
						<line number="857" hits="0"/>
						<line number="859" hits="0"/>
						<line number="860" hits="0"/>
						<line number="861" hits="0"/>
						<line number="862" hits="0"/>
						<line number="863" hits="0"/>
						<line number="865" hits="0"/>
						<line number="866" hits="0"/>
						<line number="867" hits="0"/>
						<line number="868" hits="0"/>
						<line number="869" hits="0"/>
						<line number="872" hits="0"/>
						<line number="874" hits="0"/>
						<line number="875" hits="0"/>
						<line number="876" hits="0"/>
						<line number="877" hits="0"/>
						<line number="878" hits="0"/>
						<line number="879" hits="0"/>
						<line number="880" hits="0"/>
						<line number="883" hits="0"/>
						<line number="885" hits="0"/>
						<line number="886" hits="0"/>
						<line number="887" hits="0"/>
						<line number="888" hits="0"/>
						<line number="889" hits="0"/>
						<line number="890" hits="0"/>
						<line number="891" hits="0"/>
						<line number="894" hits="0"/>
						<line number="896" hits="0"/>
						<line number="897" hits="0"/>
						<line number="898" hits="0"/>
						<line number="899" hits="0"/>
						<line number="900" hits="0"/>
						<line number="901" hits="0"/>
						<line number="902" hits="0"/>
						<line number="905" hits="0"/>
						<line number="907" hits="0"/>
						<line number="908" hits="0"/>
						<line number="909" hits="0"/>
						<line number="910" hits="0"/>
						<line number="911" hits="0"/>
						<line number="912" hits="0"/>
						<line number="913" hits="0"/>
						<line number="916" hits="0"/>
						<line number="918" hits="0"/>
						<line number="926" hits="0"/>
						<line number="927" hits="0"/>
						<line number="928" hits="0"/>
						<line number="929" hits="0"/>
						<line number="930" hits="0"/>
						<line number="931" hits="0"/>
						<line number="933" hits="0"/>
						<line number="934" hits="0"/>
						<line number="935" hits="0"/>
						<line number="936" hits="0"/>
						<line number="937" hits="0"/>
						<line number="940" hits="0"/>
						<line number="943" hits="0"/>
						<line number="957" hits="0"/>
						<line number="958" hits="0"/>
						<line number="959" hits="0"/>
						<line number="962" hits="0"/>
						<line number="966" hits="0"/>
						<line number="982" hits="0"/>
						<line number="983" hits="0"/>
						<line number="986" hits="0"/>
						<line number="988" hits="0"/>
						<line number="989" hits="0"/>
						<line number="990" hits="0"/>
						<line number="991" hits="0"/>
						<line number="992" hits="0"/>
						<line number="993" hits="0"/>
						<line number="994" hits="0"/>
						<line number="995" hits="0"/>
						<line number="998" hits="0"/>
						<line number="1000" hits="0"/>
						<line number="1006" hits="0"/>
						<line number="1007" hits="0"/>
						<line number="1008" hits="0"/>
						<line number="1009" hits="0"/>
						<line number="1010" hits="0"/>
						<line number="1011" hits="0"/>
						<line number="1012" hits="0"/>
						<line number="1015" hits="0"/>
						<line number="1017" hits="0"/>
						<line number="1027" hits="0"/>
						<line number="1028" hits="0"/>
						<line number="1029" hits="0"/>
						<line number="1030" hits="0"/>
						<line number="1031" hits="0"/>
						<line number="1034" hits="0"/>
						<line number="1036" hits="0"/>
						<line number="1046" hits="0"/>
						<line number="1047" hits="0"/>
						<line number="1048" hits="0"/>
						<line number="1049" hits="0"/>
						<line number="1052" hits="0"/>
						<line number="1056" hits="0"/>
						<line number="1068" hits="0"/>
						<line number="1069" hits="0"/>
						<line number="1070" hits="0"/>
						<line number="1071" hits="0"/>
						<line number="1073" hits="0"/>
						<line number="1077" hits="0"/>
						<line number="1078" hits="0"/>
						<line number="1081" hits="0"/>
						<line number="1085" hits="0"/>
						<line number="1155" hits="0"/>
						<line number="1157" hits="0"/>
						<line number="1158" hits="0"/>
						<line number="1159" hits="0"/>
						<line number="1161" hits="0"/>
						<line number="1162" hits="0"/>
						<line number="1165" hits="0"/>
						<line number="1167" hits="0"/>
						<line number="1174" hits="0"/>
						<line number="1177" hits="0"/>
						<line number="1178" hits="0"/>
						<line number="1179" hits="0"/>
						<line number="1180" hits="0"/>
						<line number="1183" hits="0"/>
						<line number="1185" hits="0"/>
						<line number="1194" hits="0"/>
						<line number="1197" hits="0"/>
						<line number="1210" hits="0"/>
						<line number="1212" hits="0"/>
						<line number="1213" hits="0"/>
						<line number="1214" hits="0"/>
						<line number="1216" hits="0"/>
						<line number="1219" hits="0"/>
						<line number="1220" hits="0"/>
						<line number="1232" hits="0"/>
						<line number="1233" hits="0"/>
						<line number="1234" hits="0"/>
						<line number="1235" hits="0"/>
						<line number="1237" hits="0"/>
						<line number="1240" hits="0"/>
						<line number="1242" hits="0"/>
						<line number="1263" hits="0"/>
						<line number="1265" hits="0"/>
						<line number="1298" hits="0"/>
						<line number="1299" hits="0"/>
						<line number="1300" hits="0"/>
						<line number="1302" hits="0"/>
						<line number="1305" hits="0"/>
						<line number="1343" hits="0"/>
						<line number="1345" hits="0"/>
						<line number="1346" hits="0"/>
						<line number="1347" hits="0"/>
						<line number="1350" hits="0"/>
						<line number="1351" hits="0"/>
						<line number="1353" hits="0"/>
						<line number="1355" hits="0"/>
						<line number="1357" hits="0"/>
						<line number="1360" hits="0"/>
						<line number="1362" hits="0"/>
						<line number="1368" hits="0"/>
						<line number="1369" hits="0"/>
						<line number="1370" hits="0"/>
						<line number="1371" hits="0"/>
						<line number="1374" hits="0"/>
						<line number="1376" hits="0"/>
						<line number="1382" hits="0"/>
						<line number="1383" hits="0"/>
						<line number="1384" hits="0"/>
						<line number="1385" hits="0"/>
						<line number="1386" hits="0"/>
						<line number="1389" hits="0"/>
						<line number="1391" hits="0"/>
						<line number="1397" hits="0"/>
						<line number="1398" hits="0"/>
						<line number="1399" hits="0"/>
						<line number="1400" hits="0"/>
						<line number="1402" hits="0"/>
						<line number="1403" hits="0"/>
						<line number="1404" hits="0"/>
						<line number="1406" hits="0"/>
						<line number="1407" hits="0"/>
						<line number="1410" hits="0"/>
						<line number="1412" hits="0"/>
						<line number="1418" hits="0"/>
						<line number="1421" hits="0"/>
						<line number="1422" hits="0"/>
						<line number="1423" hits="0"/>
						<line number="1425" hits="0"/>
						<line number="1426" hits="0"/>
						<line number="1429" hits="0"/>
						<line number="1431" hits="0"/>
						<line number="1432" hits="0"/>
						<line number="1438" hits="0"/>
						<line number="1439" hits="0"/>
						<line number="1440" hits="0"/>
						<line number="1441" hits="0"/>
						<line number="1442" hits="0"/>
						<line number="1443" hits="0"/>
						<line number="1444" hits="0"/>
						<line number="1445" hits="0"/>
						<line number="1446" hits="0"/>
						<line number="1447" hits="0"/>
						<line number="1450" hits="0"/>
						<line number="1452" hits="0"/>
						<line number="1458" hits="0"/>
						<line number="1463" hits="0"/>
						<line number="1464" hits="0"/>
						<line number="1465" hits="0"/>
						<line number="1466" hits="0"/>
						<line number="1467" hits="0"/>
						<line number="1468" hits="0"/>
						<line number="1469" hits="0"/>
						<line number="1470" hits="0"/>
						<line number="1471" hits="0"/>
						<line number="1474" hits="0"/>
						<line number="1476" hits="0"/>
						<line number="1477" hits="0"/>
						<line number="1483" hits="0"/>
						<line number="1484" hits="0"/>
						<line number="1485" hits="0"/>
						<line number="1486" hits="0"/>
						<line number="1487" hits="0"/>
						<line number="1488" hits="0"/>
						<line number="1489" hits="0"/>
						<line number="1490" hits="0"/>
						<line number="1491" hits="0"/>
						<line number="1492" hits="0"/>
						<line number="1495" hits="0"/>
						<line number="1497" hits="0"/>
						<line number="1522" hits="0"/>
						<line number="1523" hits="0"/>
						<line number="1529" hits="0"/>
						<line number="1533" hits="0"/>
						<line number="1536" hits="0"/>
						<line number="1537" hits="0"/>
						<line number="1538" hits="0"/>
						<line number="1542" hits="0"/>
						<line number="1545" hits="0"/>
						<line number="1546" hits="0"/>
						<line number="1547" hits="0"/>
						<line number="1551" hits="0"/>
						<line number="1554" hits="0"/>
						<line number="1555" hits="0"/>
						<line number="1556" hits="0"/>
						<line number="1560" hits="0"/>
						<line number="1563" hits="0"/>
						<line number="1565" hits="0"/>
						<line number="1591" hits="0"/>
						<line number="1594" hits="0"/>
						<line number="1595" hits="0"/>
						<line number="1597" hits="0"/>
						<line number="1600" hits="0"/>
						<line number="1601" hits="0"/>
						<line number="1602" hits="0"/>
						<line number="1603" hits="0"/>
						<line number="1604" hits="0"/>
						<line number="1607" hits="0"/>
						<line number="1608" hits="0"/>
						<line number="1609" hits="0"/>
						<line number="1610" hits="0"/>
						<line number="1611" hits="0"/>
						<line number="1614" hits="0"/>
						<line number="1621" hits="0"/>
						<line number="1625" hits="0"/>
						<line number="1629" hits="0"/>
						<line number="1631" hits="0"/>
						<line number="1632" hits="0"/>
						<line number="1633" hits="0"/>
						<line number="1635" hits="0"/>
						<line number="1636" hits="0"/>
						<line number="1637" hits="0"/>
						<line number="1639" hits="0"/>
						<line number="1640" hits="0"/>
						<line number="1641" hits="0"/>
						<line number="1643" hits="0"/>
						<line number="1644" hits="0"/>
						<line number="1645" hits="0"/>
						<line number="1647" hits="0"/>
						<line number="1648" hits="0"/>
						<line number="1649" hits="0"/>
						<line number="1651" hits="0"/>
						<line number="1652" hits="0"/>
						<line number="1653" hits="0"/>
						<line number="1655" hits="0"/>
						<line number="1656" hits="0"/>
						<line number="1657" hits="0"/>
						<line number="1659" hits="0"/>
						<line number="1660" hits="0"/>
						<line number="1661" hits="0"/>
						<line number="1663" hits="0"/>
						<line number="1664" hits="0"/>
						<line number="1665" hits="0"/>
						<line number="1667" hits="0"/>
						<line number="1668" hits="0"/>
						<line number="1669" hits="0"/>
						<line number="1671" hits="0"/>
						<line number="1672" hits="0"/>
						<line number="1673" hits="0"/>
						<line number="1675" hits="0"/>
						<line number="1676" hits="0"/>
						<line number="1677" hits="0"/>
						<line number="1679" hits="0"/>
						<line number="1680" hits="0"/>
						<line number="1681" hits="0"/>
						<line number="1683" hits="0"/>
						<line number="1684" hits="0"/>
						<line number="1685" hits="0"/>
						<line number="1687" hits="0"/>
						<line number="1688" hits="0"/>
						<line number="1689" hits="0"/>
						<line number="1691" hits="0"/>
						<line number="1692" hits="0"/>
						<line number="1693" hits="0"/>
						<line number="1695" hits="0"/>
						<line number="1696" hits="0"/>
						<line number="1697" hits="0"/>
						<line number="1699" hits="0"/>
						<line number="1700" hits="0"/>
						<line number="1701" hits="0"/>
						<line number="1703" hits="0"/>
						<line number="1704" hits="0"/>
						<line number="1705" hits="0"/>
						<line number="1708" hits="0"/>
						<line number="1714" hits="0"/>
						<line number="1715" hits="0"/>
						<line number="1718" hits="0"/>
						<line number="1719" hits="0"/>
						<line number="1722" hits="0"/>
						<line number="1724" hits="0"/>
						<line number="1733" hits="0"/>
						<line number="1735" hits="0"/>
						<line number="1736" hits="0"/>
						<line number="1738" hits="0"/>
						<line number="1739" hits="0"/>
						<line number="1740" hits="0"/>
						<line number="1741" hits="0"/>
						<line number="1742" hits="0"/>
						<line number="1743" hits="0"/>
						<line number="1744" hits="0"/>
						<line number="1747" hits="0"/>
						<line number="1750" hits="0"/>
						<line number="1769" hits="0"/>
						<line number="1770" hits="0"/>
						<line number="1771" hits="0"/>
						<line number="1774" hits="0"/>
						<line number="1775" hits="0"/>
						<line number="1776" hits="0"/>
						<line number="1779" hits="0"/>
						<line number="1782" hits="0"/>
						<line number="1801" hits="0"/>
						<line number="1802" hits="0"/>
						<line number="1803" hits="0"/>
						<line number="1806" hits="0"/>
						<line number="1807" hits="0"/>
						<line number="1808" hits="0"/>
						<line number="1814" hits="0"/>
						<line number="1822" hits="0"/>
						<line number="1825" hits="0"/>
						<line number="1844" hits="0"/>
						<line number="1845" hits="0"/>
						<line number="1846" hits="0"/>
						<line number="1847" hits="0"/>
						<line number="1848" hits="0"/>
						<line number="1849" hits="0"/>
						<line number="1855" hits="0"/>
						<line number="1863" hits="0"/>
						<line number="1864" hits="0"/>
						<line number="1870" hits="0"/>
						<line number="1876" hits="0"/>
						<line number="1879" hits="0"/>
						<line number="1881" hits="0"/>
						<line number="1882" hits="0"/>
						<line number="1883" hits="0"/>
						<line number="1886" hits="0"/>
						<line number="1888" hits="0"/>
						<line number="1900" hits="0"/>
						<line number="1909" hits="0"/>
						<line number="1910" hits="0"/>
						<line number="1913" hits="0"/>
						<line number="1914" hits="0"/>
						<line number="1915" hits="0"/>
						<line number="1916" hits="0"/>
						<line number="1919" hits="0"/>
						<line number="1921" hits="0"/>
						<line number="1933" hits="0"/>
						<line number="1942" hits="0"/>
						<line number="1943" hits="0"/>
						<line number="1944" hits="0"/>
						<line number="1945" hits="0"/>
						<line number="1948" hits="0"/>
						<line number="1950" hits="0"/>
						<line number="1971" hits="0"/>
						<line number="1985" hits="0"/>
						<line number="1986" hits="0"/>
						<line number="1987" hits="0"/>
						<line number="1988" hits="0"/>
						<line number="1991" hits="0"/>
						<line number="1992" hits="0"/>
						<line number="2002" hits="0"/>
						<line number="2003" hits="0"/>
						<line number="2004" hits="0"/>
						<line number="2006" hits="0"/>
						<line number="2007" hits="0"/>
						<line number="2010" hits="0"/>
						<line number="2011" hits="0"/>
						<line number="2021" hits="0"/>
						<line number="2022" hits="0"/>
						<line number="2023" hits="0"/>
						<line number="2024" hits="0"/>
						<line number="2025" hits="0"/>
						<line number="2027" hits="0"/>
						<line number="2030" hits="0"/>
						<line number="2033" hits="0"/>
						<line number="2038" hits="0"/>
						<line number="2039" hits="0"/>
						<line number="2042" hits="0"/>
						<line number="2043" hits="0"/>
						<line number="2045" hits="0"/>
						<line number="2048" hits="0"/>
						<line number="2050" hits="0"/>
						<line number="2059" hits="0"/>
						<line number="2075" hits="0"/>
						<line number="2091" hits="0"/>
						<line number="2092" hits="0"/>
						<line number="2095" hits="0"/>
						<line number="2098" hits="0"/>
						<line number="2107" hits="0"/>
						<line number="2123" hits="0"/>
						<line number="2139" hits="0"/>
						<line number="2140" hits="0"/>
						<line number="2143" hits="0"/>
						<line number="2144" hits="0"/>
						<line number="2146" hits="0"/>
						<line number="2157" hits="0"/>
						<line number="2166" hits="0"/>
						<line number="2167" hits="0"/>
						<line number="2170" hits="0"/>
						<line number="2173" hits="0"/>
						<line number="2181" hits="0"/>
						<line number="2192" hits="0"/>
						<line number="2201" hits="0"/>
						<line number="2202" hits="0"/>
						<line number="2205" hits="0"/>
						<line number="2208" hits="0"/>
						<line number="2217" hits="0"/>
						<line number="2228" hits="0"/>
						<line number="2238" hits="0"/>
						<line number="2239" hits="0"/>
						<line number="2242" hits="0"/>
						<line number="2245" hits="0"/>
						<line number="2254" hits="0"/>
						<line number="2266" hits="0"/>
						<line number="2275" hits="0"/>
						<line number="2276" hits="0"/>
						<line number="2279" hits="0"/>
						<line number="2282" hits="0"/>
						<line number="2291" hits="0"/>
						<line number="2303" hits="0"/>
						<line number="2312" hits="0"/>
						<line number="2313" hits="0"/>
						<line number="2316" hits="0"/>
						<line number="2318" hits="0"/>
						<line number="2323" hits="0"/>
						<line number="2328" hits="0"/>
						<line number="2329" hits="0"/>
						<line number="2332" hits="0"/>
						<line number="2335" hits="0"/>
						<line number="2340" hits="0"/>
						<line number="2346" hits="0"/>
						<line number="2347" hits="0"/>
						<line number="2349" hits="0"/>
						<line number="2352" hits="0"/>
						<line number="2355" hits="0"/>
						<line number="2361" hits="0"/>
						<line number="2367" hits="0"/>
						<line number="2372" hits="0"/>
						<line number="2373" hits="0"/>
						<line number="2376" hits="0"/>
						<line number="2379" hits="0"/>
						<line number="2387" hits="0"/>
						<line number="2395" hits="0"/>
						<line number="2400" hits="0"/>
						<line number="2401" hits="0"/>
						<line number="2404" hits="0"/>
						<line number="2407" hits="0"/>
						<line number="2411" hits="0"/>
						<line number="2414" hits="0"/>
						<line number="2415" hits="0"/>
						<line number="2416" hits="0"/>
						<line number="2417" hits="0"/>
						<line number="2418" hits="0"/>
						<line number="2421" hits="0"/>
						<line number="2424" hits="0"/>
						<line number="2425" hits="0"/>
						<line number="2426" hits="0"/>
						<line number="2427" hits="0"/>
						<line number="2428" hits="0"/>
						<line number="2431" hits="0"/>
						<line number="2434" hits="0"/>
						<line number="2436" hits="0"/>
						<line number="2438" hits="0"/>
						<line number="2439" hits="0"/>
						<line number="2441" hits="0"/>
						<line number="2442" hits="0"/>
						<line number="2443" hits="0"/>
						<line number="2444" hits="0"/>
						<line number="2446" hits="0"/>
						<line number="2448" hits="0"/>
						<line number="2449" hits="0"/>
						<line number="2452" hits="0"/>
						<line number="2453" hits="0"/>
						<line number="2454" hits="0"/>
						<line number="2455" hits="0"/>
						<line number="2456" hits="0"/>
						<line number="2459" hits="0"/>
						<line number="2460" hits="0"/>
						<line number="2469" hits="0"/>
						<line number="2476" hits="0"/>
						<line number="2479" hits="0"/>
						<line number="2483" hits="0"/>
						<line number="2484" hits="0"/>
						<line number="2485" hits="0"/>
						<line number="2488" hits="0"/>
						<line number="2489" hits="0"/>
						<line number="2490" hits="0"/>
						<line number="2491" hits="0"/>
						<line number="2493" hits="0"/>
						<line number="2494" hits="0"/>
						<line number="2497" hits="0"/>
						<line number="2498" hits="0"/>
						<line number="2507" hits="0"/>
						<line number="2514" hits="0"/>
						<line number="2517" hits="0"/>
						<line number="2521" hits="0"/>
						<line number="2522" hits="0"/>
						<line number="2523" hits="0"/>
						<line number="2524" hits="0"/>
						<line number="2527" hits="0"/>
						<line number="2528" hits="0"/>
						<line number="2530" hits="0"/>
						<line number="2531" hits="0"/>
						<line number="2533" hits="0"/>
						<line number="2534" hits="0"/>
						<line number="2537" hits="0"/>
						<line number="2538" hits="0"/>
						<line number="2545" hits="0"/>
						<line number="2550" hits="0"/>
						<line number="2553" hits="0"/>
						<line number="2557" hits="0"/>
						<line number="2558" hits="0"/>
						<line number="2559" hits="0"/>
						<line number="2560" hits="0"/>
						<line number="2563" hits="0"/>
						<line number="2564" hits="0"/>
						<line number="2566" hits="0"/>
						<line number="2567" hits="0"/>
						<line number="2569" hits="0"/>
						<line number="2570" hits="0"/>
						<line number="2573" hits="0"/>
						<line number="2574" hits="0"/>
						<line number="2581" hits="0"/>
						<line number="2586" hits="0"/>
						<line number="2589" hits="0"/>
						<line number="2591" hits="0"/>
						<line number="2592" hits="0"/>
						<line number="2593" hits="0"/>
						<line number="2594" hits="0"/>
						<line number="2597" hits="0"/>
						<line number="2598" hits="0"/>
						<line number="2600" hits="0"/>
						<line number="2601" hits="0"/>
						<line number="2603" hits="0"/>
						<line number="2604" hits="0"/>
						<line number="2607" hits="0"/>
						<line number="2608" hits="0"/>
						<line number="2619" hits="0"/>
						<line number="2620" hits="0"/>
						<line number="2622" hits="0"/>
						<line number="2623" hits="0"/>
						<line number="2624" hits="0"/>
						<line number="2627" hits="0"/>
						<line number="2628" hits="0"/>
						<line number="2631" hits="0"/>
						<line number="2636" hits="0"/>
						<line number="2640" hits="0"/>
						<line number="2643" hits="0"/>
						<line number="2644" hits="0"/>
						<line number="2646" hits="0"/>
						<line number="2647" hits="0"/>
						<line number="2655" hits="0"/>
						<line number="2658" hits="0"/>
						<line number="2663" hits="0"/>
						<line number="2692" hits="0"/>
						<line number="2696" hits="0"/>
						<line number="2697" hits="0"/>
						<line number="2699" hits="0"/>
						<line number="2700" hits="0"/>
						<line number="2707" hits="0"/>
						<line number="2709" hits="0"/>
						<line number="2734" hits="0"/>
						<line number="2738" hits="0"/>
						<line number="2745" hits="0"/>
						<line number="2746" hits="0"/>
						<line number="2747" hits="0"/>
						<line number="2748" hits="0"/>
						<line number="2751" hits="0"/>
						<line number="2753" hits="0"/>
						<line number="2754" hits="0"/>
						<line number="2755" hits="0"/>
						<line number="2758" hits="0"/>
						<line number="2761" hits="0"/>
						<line number="2787" hits="0"/>
						<line number="2793" hits="0"/>
						<line number="2803" hits="0"/>
						<line number="2806" hits="0"/>
						<line number="2809" hits="0"/>
						<line number="2812" hits="0"/>
						<line number="2838" hits="0"/>
						<line number="2843" hits="0"/>
						<line number="2851" hits="0"/>
						<line number="2852" hits="0"/>
						<line number="2854" hits="0"/>
						<line number="2855" hits="0"/>
						<line number="2857" hits="0"/>
						<line number="2860" hits="0"/>
						<line number="2861" hits="0"/>
						<line number="2867" hits="0"/>
						<line number="2868" hits="0"/>
						<line number="2870" hits="0"/>
						<line number="2871" hits="0"/>
						<line number="2872" hits="0"/>
						<line number="2874" hits="0"/>
						<line number="2875" hits="0"/>
						<line number="2877" hits="0"/>
						<line number="2878" hits="0"/>
						<line number="2879" hits="0"/>
						<line number="2882" hits="0"/>
						<line number="2884" hits="0"/>
						<line number="2896" hits="0"/>
						<line number="2908" hits="0"/>
						<line number="2909" hits="0"/>
						<line number="2910" hits="0"/>
						<line number="2911" hits="0"/>
						<line number="2912" hits="0"/>
						<line number="2913" hits="0"/>
						<line number="2914" hits="0"/>
						<line number="2916" hits="0"/>
						<line number="2917" hits="0"/>
						<line number="2918" hits="0"/>
						<line number="2921" hits="0"/>
						<line number="2923" hits="0"/>
						<line number="2935" hits="0"/>
						<line number="2936" hits="0"/>
						<line number="2937" hits="0"/>
						<line number="2939" hits="0"/>
						<line number="2940" hits="0"/>
						<line number="2941" hits="0"/>
						<line number="2942" hits="0"/>
						<line number="2945" hits="0"/>
						<line number="2948" hits="0"/>
						<line number="2955" hits="0"/>
						<line number="2956" hits="0"/>
						<line number="2957" hits="0"/>
						<line number="2959" hits="0"/>
						<line number="2960" hits="0"/>
						<line number="2963" hits="0"/>
						<line number="2966" hits="0"/>
						<line number="2967" hits="0"/>
						<line number="2968" hits="0"/>
						<line number="2969" hits="0"/>
						<line number="2970" hits="0"/>
						<line number="2971" hits="0"/>
						<line number="2973" hits="0"/>
						<line number="2974" hits="0"/>
						<line number="2975" hits="0"/>
						<line number="2976" hits="0"/>
						<line number="2978" hits="0"/>
						<line number="2979" hits="0"/>
						<line number="2980" hits="0"/>
						<line number="2981" hits="0"/>
						<line number="2982" hits="0"/>
						<line number="2984" hits="0"/>
						<line number="2991" hits="0"/>
						<line number="2994" hits="0"/>
						<line number="2997" hits="0"/>
						<line number="3071" hits="0"/>
						<line number="3075" hits="0"/>
						<line number="3076" hits="0"/>
						<line number="3087" hits="0"/>
						<line number="3090" hits="0"/>
						<line number="3093" hits="0"/>
						<line number="3094" hits="0"/>
						<line number="3095" hits="0"/>
						<line number="3097" hits="0"/>
						<line number="3099" hits="0"/>
						<line number="3100" hits="0"/>
						<line number="3102" hits="0"/>
						<line number="3103" hits="0"/>
						<line number="3105" hits="0"/>
						<line number="3107" hits="0"/>
						<line number="3110" hits="0"/>
						<line number="3113" hits="0"/>
						<line number="3115" hits="0"/>
						<line number="3116" hits="0"/>
						<line number="3117" hits="0"/>
						<line number="3118" hits="0"/>
						<line number="3119" hits="0"/>
						<line number="3122" hits="0"/>
						<line number="3124" hits="0"/>
						<line number="3125" hits="0"/>
						<line number="3126" hits="0"/>
						<line number="3127" hits="0"/>
						<line number="3130" hits="0"/>
						<line number="3135" hits="0"/>
						<line number="3137" hits="0"/>
						<line number="3139" hits="0"/>
						<line number="3140" hits="0"/>
						<line number="3141" hits="0"/>
						<line number="3142" hits="0"/>
						<line number="3143" hits="0"/>
						<line number="3145" hits="0"/>
						<line number="3147" hits="0"/>
						<line number="3148" hits="0"/>
						<line number="3151" hits="0"/>
						<line number="3152" hits="0"/>
						<line number="3154" hits="0"/>
						<line number="3157" hits="0"/>
						<line number="3158" hits="0"/>
						<line number="3161" hits="0"/>
						<line number="3162" hits="0"/>
						<line number="3164" hits="0"/>
						<line number="3165" hits="0"/>
						<line number="3168" hits="0"/>
						<line number="3169" hits="0"/>
						<line number="3170" hits="0"/>
						<line number="3171" hits="0"/>
						<line number="3174" hits="0"/>
						<line number="3244" hits="0"/>
						<line number="3245" hits="0"/>
						<line number="3265" hits="0"/>
						<line number="3268" hits="0"/>
						<line number="3269" hits="0"/>
						<line number="3271" hits="0"/>
						<line number="3274" hits="0"/>
						<line number="3275" hits="0"/>
						<line number="3295" hits="0"/>
						<line number="3298" hits="0"/>
						<line number="3299" hits="0"/>
						<line number="3301" hits="0"/>
						<line number="3304" hits="0"/>
						<line number="3305" hits="0"/>
						<line number="3312" hits="0"/>
						<line number="3313" hits="0"/>
						<line number="3314" hits="0"/>
						<line number="3315" hits="0"/>
						<line number="3317" hits="0"/>
						<line number="3320" hits="0"/>
						<line number="3321" hits="0"/>
						<line number="3328" hits="0"/>
						<line number="3331" hits="0"/>
						<line number="3334" hits="0"/>
						<line number="3336" hits="0"/>
						<line number="3337" hits="0"/>
						<line number="3338" hits="0"/>
						<line number="3340" hits="0"/>
						<line number="3341" hits="0"/>
						<line number="3342" hits="0"/>
						<line number="3345" hits="0"/>
						<line number="3347" hits="0"/>
						<line number="3349" hits="0"/>
						<line number="3352" hits="0"/>
						<line number="3354" hits="0"/>
						<line number="3356" hits="0"/>
						<line number="3358" hits="0"/>
						<line number="3363" hits="0"/>
						<line number="3366" hits="0"/>
						<line number="3368" hits="0"/>
[...]
						<line number="1280" hits="0"/>
						<line number="1282" hits="0"/>
						<line number="1283" hits="0"/>
						<line number="1284" hits="0"/>
						<line number="1287" hits="0"/>
						<line number="1288" hits="0"/>
						<line number="1289" hits="0"/>
						<line number="1304" hits="0"/>
						<line number="1306" hits="0"/>
						<line number="1307" hits="0"/>
						<line number="1308" hits="0"/>
						<line number="1311" hits="0"/>
						<line number="1312" hits="0"/>
						<line number="1313" hits="0"/>
						<line number="1328" hits="0"/>
						<line number="1330" hits="0"/>
						<line number="1331" hits="0"/>
						<line number="1332" hits="0"/>
						<line number="1335" hits="0"/>
						<line number="1336" hits="0"/>
						<line number="1337" hits="0"/>
						<line number="1352" hits="0"/>
						<line number="1354" hits="0"/>
						<line number="1355" hits="0"/>
						<line number="1356" hits="0"/>
						<line number="1359" hits="0"/>
						<line number="1360" hits="0"/>
						<line number="1361" hits="0"/>
						<line number="1376" hits="0"/>
						<line number="1378" hits="0"/>
						<line number="1379" hits="0"/>
						<line number="1380" hits="0"/>
						<line number="1383" hits="0"/>
						<line number="1384" hits="0"/>
						<line number="1385" hits="0"/>
						<line number="1400" hits="0"/>
						<line number="1402" hits="0"/>
						<line number="1403" hits="0"/>
						<line number="1404" hits="0"/>
						<line number="1407" hits="0"/>
						<line number="1408" hits="0"/>
						<line number="1416" hits="0"/>
						<line number="1417" hits="0"/>
						<line number="1418" hits="0"/>
						<line number="1421" hits="0"/>
						<line number="1422" hits="0"/>
						<line number="1423" hits="0"/>
						<line number="1438" hits="0"/>
						<line number="1440" hits="0"/>
						<line number="1441" hits="0"/>
						<line number="1442" hits="0"/>
						<line number="1445" hits="0"/>
						<line number="1446" hits="0"/>
						<line number="1447" hits="0"/>
						<line number="1462" hits="0"/>
						<line number="1464" hits="0"/>
						<line number="1465" hits="0"/>
						<line number="1466" hits="0"/>
						<line number="1469" hits="0"/>
						<line number="1470" hits="0"/>
						<line number="1471" hits="0"/>
						<line number="1486" hits="0"/>
						<line number="1488" hits="0"/>
						<line number="1489" hits="0"/>
						<line number="1490" hits="0"/>
						<line number="1493" hits="0"/>
						<line number="1494" hits="0"/>
						<line number="1495" hits="0"/>
						<line number="1510" hits="0"/>
						<line number="1513" hits="0"/>
						<line number="1514" hits="0"/>
						<line number="1515" hits="0"/>
						<line number="1516" hits="0"/>
						<line number="1519" hits="0"/>
						<line number="1520" hits="0"/>
						<line number="1521" hits="0"/>
						<line number="1536" hits="0"/>
						<line number="1538" hits="0"/>
						<line number="1539" hits="0"/>
						<line number="1540" hits="0"/>
						<line number="1541" hits="0"/>
						<line number="1543" hits="0"/>
						<line number="1544" hits="0"/>
						<line number="1547" hits="0"/>
						<line number="1548" hits="0"/>
						<line number="1549" hits="0"/>
						<line number="1564" hits="0"/>
						<line number="1566" hits="0"/>
						<line number="1567" hits="0"/>
						<line number="1568" hits="0"/>
						<line number="1571" hits="0"/>
						<line number="1572" hits="0"/>
						<line number="1573" hits="0"/>
						<line number="1588" hits="0"/>
						<line number="1590" hits="0"/>
						<line number="1591" hits="0"/>
						<line number="1592" hits="0"/>
						<line number="1595" hits="0"/>
						<line number="1596" hits="0"/>
						<line number="1597" hits="0"/>
						<line number="1612" hits="0"/>
						<line number="1614" hits="0"/>
						<line number="1615" hits="0"/>
						<line number="1616" hits="0"/>
						<line number="1624" hits="0"/>
						<line number="1625" hits="0"/>
						<line number="1626" hits="0"/>
						<line number="1627" hits="0"/>
						<line number="1628" hits="0"/>
						<line number="1629" hits="0"/>
						<line number="1630" hits="0"/>
						<line number="1631" hits="0"/>
						<line number="1632" hits="0"/>
						<line number="1633" hits="0"/>
						<line number="1634" hits="0"/>
						<line number="1635" hits="0"/>
						<line number="1636" hits="0"/>
						<line number="1637" hits="0"/>
						<line number="1638" hits="0"/>
						<line number="1639" hits="0"/>
						<line number="1640" hits="0"/>
						<line number="1641" hits="0"/>
						<line number="1644" hits="0"/>
						<line number="1645" hits="0"/>
						<line number="1646" hits="0"/>
						<line number="1647" hits="0"/>
						<line number="1648" hits="0"/>
						<line number="1649" hits="0"/>
						<line number="1650" hits="0"/>
						<line number="1651" hits="0"/>
						<line number="1652" hits="0"/>
						<line number="1653" hits="0"/>
						<line number="1654" hits="0"/>
						<line number="1655" hits="0"/>
						<line number="1656" hits="0"/>
						<line number="1657" hits="0"/>
						<line number="1658" hits="0"/>
						<line number="1659" hits="0"/>
						<line number="1660" hits="0"/>
						<line number="1661" hits="0"/>
						<line number="1664" hits="0"/>
						<line number="1665" hits="0"/>
						<line number="1666" hits="0"/>
						<line number="1667" hits="0"/>
						<line number="1668" hits="0"/>
						<line number="1669" hits="0"/>
						<line number="1670" hits="0"/>
						<line number="1671" hits="0"/>
						<line number="1672" hits="0"/>
						<line number="1673" hits="0"/>
						<line number="1674" hits="0"/>
						<line number="1675" hits="0"/>
						<line number="1676" hits="0"/>
						<line number="1677" hits="0"/>
						<line number="1678" hits="0"/>
						<line number="1679" hits="0"/>
						<line number="1680" hits="0"/>
						<line number="1681" hits="0"/>
						<line number="1684" hits="0"/>
						<line number="1685" hits="0"/>
						<line number="1686" hits="0"/>
						<line number="1687" hits="0"/>
						<line number="1688" hits="0"/>
						<line number="1689" hits="0"/>
						<line number="1690" hits="0"/>
						<line number="1691" hits="0"/>
						<line number="1692" hits="0"/>
						<line number="1693" hits="0"/>
						<line number="1694" hits="0"/>
						<line number="1695" hits="0"/>
						<line number="1696" hits="0"/>
						<line number="1697" hits="0"/>
						<line number="1698" hits="0"/>
						<line number="1699" hits="0"/>
						<line number="1700" hits="0"/>
						<line number="1701" hits="0"/>
						<line number="1704" hits="0"/>
						<line number="1705" hits="0"/>
						<line number="1706" hits="0"/>
						<line number="1707" hits="0"/>
						<line number="1708" hits="0"/>
						<line number="1709" hits="0"/>
						<line number="1710" hits="0"/>
						<line number="1711" hits="0"/>
						<line number="1712" hits="0"/>
						<line number="1713" hits="0"/>
						<line number="1714" hits="0"/>
						<line number="1715" hits="0"/>
						<line number="1716" hits="0"/>
						<line number="1717" hits="0"/>
						<line number="1718" hits="0"/>
						<line number="1719" hits="0"/>
						<line number="1720" hits="0"/>
						<line number="1721" hits="0"/>
						<line number="1724" hits="0"/>
						<line number="1725" hits="0"/>
						<line number="1726" hits="0"/>
						<line number="1727" hits="0"/>
						<line number="1728" hits="0"/>
						<line number="1729" hits="0"/>
						<line number="1730" hits="0"/>
						<line number="1731" hits="0"/>
						<line number="1732" hits="0"/>
						<line number="1733" hits="0"/>
						<line number="1734" hits="0"/>
						<line number="1735" hits="0"/>
						<line number="1736" hits="0"/>
						<line number="1737" hits="0"/>
						<line number="1738" hits="0"/>
						<line number="1739" hits="0"/>
						<line number="1740" hits="0"/>
						<line number="1741" hits="0"/>
						<line number="1744" hits="0"/>
						<line number="1745" hits="0"/>
						<line number="1746" hits="0"/>
						<line number="1747" hits="0"/>
						<line number="1748" hits="0"/>
						<line number="1749" hits="0"/>
						<line number="1750" hits="0"/>
						<line number="1751" hits="0"/>
						<line number="1752" hits="0"/>
						<line number="1753" hits="0"/>
						<line number="1754" hits="0"/>
						<line number="1755" hits="0"/>
						<line number="1756" hits="0"/>
						<line number="1757" hits="0"/>
						<line number="1758" hits="0"/>
						<line number="1759" hits="0"/>
						<line number="1760" hits="0"/>
						<line number="1761" hits="0"/>
						<line number="1764" hits="0"/>
						<line number="1765" hits="0"/>
						<line number="1768" hits="0"/>
						<line number="1769" hits="0"/>
						<line number="1770" hits="0"/>
						<line number="1771" hits="0"/>
						<line number="1772" hits="0"/>
						<line number="1773" hits="0"/>
						<line number="1774" hits="0"/>
						<line number="1775" hits="0"/>
						<line number="1776" hits="0"/>
						<line number="1777" hits="0"/>
						<line number="1778" hits="0"/>
						<line number="1779" hits="0"/>
						<line number="1780" hits="0"/>
						<line number="1781" hits="0"/>
						<line number="1782" hits="0"/>
						<line number="1783" hits="0"/>
						<line number="1786" hits="0"/>
						<line number="1787" hits="0"/>
						<line number="1788" hits="0"/>
						<line number="1789" hits="0"/>
						<line number="1790" hits="0"/>
						<line number="1791" hits="0"/>
						<line number="1792" hits="0"/>
						<line number="1793" hits="0"/>
						<line number="1794" hits="0"/>
						<line number="1795" hits="0"/>
						<line number="1796" hits="0"/>
						<line number="1797" hits="0"/>
						<line number="1798" hits="0"/>
						<line number="1799" hits="0"/>
						<line number="1800" hits="0"/>
						<line number="1801" hits="0"/>
						<line number="1802" hits="0"/>
						<line number="1803" hits="0"/>
						<line number="1806" hits="0"/>
						<line number="1809" hits="0"/>
						<line number="1810" hits="0"/>
						<line number="1811" hits="0"/>
						<line number="1812" hits="0"/>
						<line number="1813" hits="0"/>
						<line number="1814" hits="0"/>
						<line number="1815" hits="0"/>
						<line number="1816" hits="0"/>
						<line number="1817" hits="0"/>
						<line number="1818" hits="0"/>
						<line number="1819" hits="0"/>
						<line number="1820" hits="0"/>
						<line number="1821" hits="0"/>
						<line number="1822" hits="0"/>
						<line number="1825" hits="0"/>
						<line number="1826" hits="0"/>
						<line number="1829" hits="0"/>
						<line number="1832" hits="0"/>
						<line number="1833" hits="0"/>
						<line number="1834" hits="0"/>
						<line number="1835" hits="0"/>
						<line number="1836" hits="0"/>
						<line number="1837" hits="0"/>
						<line number="1838" hits="0"/>
						<line number="1839" hits="0"/>
						<line number="1840" hits="0"/>
						<line number="1841" hits="0"/>
						<line number="1842" hits="0"/>
						<line number="1843" hits="0"/>
						<line number="1844" hits="0"/>
						<line number="1845" hits="0"/>
						<line number="1848" hits="0"/>
						<line number="1849" hits="0"/>
						<line number="1852" hits="0"/>
						<line number="1855" hits="0"/>
						<line number="1856" hits="0"/>
						<line number="1857" hits="0"/>
						<line number="1858" hits="0"/>
						<line number="1859" hits="0"/>
						<line number="1860" hits="0"/>
						<line number="1861" hits="0"/>
						<line number="1862" hits="0"/>
						<line number="1863" hits="0"/>
						<line number="1864" hits="0"/>
						<line number="1865" hits="0"/>
						<line number="1866" hits="0"/>
						<line number="1871" hits="0"/>
						<line number="1872" hits="0"/>
						<line number="1880" hits="0"/>
						<line number="1882" hits="0"/>
						<line number="1889" hits="0"/>
						<line number="1890" hits="0"/>
						<line number="1891" hits="0"/>
						<line number="1894" hits="0"/>
						<line number="1896" hits="0"/>
						<line number="1904" hits="0"/>
						<line number="1905" hits="0"/>
						<line number="1906" hits="0"/>
						<line number="1909" hits="0"/>
						<line number="1911" hits="0"/>
						<line number="1917" hits="0"/>
						<line number="1918" hits="0"/>
						<line number="1919" hits="0"/>
						<line number="1925" hits="0"/>
						<line number="1927" hits="0"/>
						<line number="1928" hits="0"/>
						<line number="1930" hits="0"/>
						<line number="1931" hits="0"/>
						<line number="1934" hits="0"/>
						<line number="1936" hits="0"/>
						<line number="1937" hits="0"/>
						<line number="1939" hits="0"/>
						<line number="1940" hits="0"/>
						<line number="1942" hits="0"/>
						<line number="1944" hits="0"/>
						<line number="1946" hits="0"/>
						<line number="1948" hits="0"/>
						<line number="1951" hits="0"/>
						<line number="1953" hits="0"/>
						<line number="1954" hits="0"/>
						<line number="1956" hits="0"/>
						<line number="1957" hits="0"/>
						<line number="1958" hits="0"/>
						<line number="1959" hits="0"/>
						<line number="1960" hits="0"/>
						<line number="1961" hits="0"/>
						<line number="1963" hits="0"/>
						<line number="1965" hits="0"/>
						<line number="1967" hits="0"/>
						<line number="1969" hits="0"/>
						<line number="1972" hits="0"/>
						<line number="1974" hits="0"/>
						<line number="1975" hits="0"/>
						<line number="1977" hits="0"/>
						<line number="1978" hits="0"/>
						<line number="1979" hits="0"/>
						<line number="1980" hits="0"/>
						<line number="1981" hits="0"/>
						<line number="1982" hits="0"/>
						<line number="1984" hits="0"/>
						<line number="1986" hits="0"/>
						<line number="1988" hits="0"/>
						<line number="1990" hits="0"/>
						<line number="1993" hits="0"/>
						<line number="1995" hits="0"/>
						<line number="1996" hits="0"/>
						<line number="1998" hits="0"/>
						<line number="1999" hits="0"/>
						<line number="2000" hits="0"/>
						<line number="2001" hits="0"/>
						<line number="2002" hits="0"/>
						<line number="2003" hits="0"/>
						<line number="2005" hits="0"/>
						<line number="2007" hits="0"/>
						<line number="2009" hits="0"/>
						<line number="2011" hits="0"/>
						<line number="2014" hits="0"/>
						<line number="2016" hits="0"/>
						<line number="2017" hits="0"/>
						<line number="2019" hits="0"/>
						<line number="2020" hits="0"/>
						<line number="2021" hits="0"/>
						<line number="2022" hits="0"/>
						<line number="2023" hits="0"/>
						<line number="2024" hits="0"/>
						<line number="2026" hits="0"/>
						<line number="2028" hits="0"/>
						<line number="2030" hits="0"/>
						<line number="2032" hits="0"/>
						<line number="2035" hits="0"/>
						<line number="2037" hits="0"/>
						<line number="2038" hits="0"/>
						<line number="2040" hits="0"/>
						<line number="2041" hits="0"/>
						<line number="2043" hits="0"/>
						<line number="2045" hits="0"/>
						<line number="2047" hits="0"/>
						<line number="2049" hits="0"/>
						<line number="2050" hits="0"/>
						<line number="2051" hits="0"/>
						<line number="2052" hits="0"/>
						<line number="2053" hits="0"/>
						<line number="2055" hits="0"/>
						<line number="2057" hits="0"/>
						<line number="2059" hits="0"/>
						<line number="2061" hits="0"/>
						<line number="2064" hits="0"/>
						<line number="2065" hits="0"/>
						<line number="2066" hits="0"/>
						<line number="2067" hits="0"/>
						<line number="2068" hits="0"/>
						<line number="2069" hits="0"/>
						<line number="2072" hits="0"/>
						<line number="2073" hits="0"/>
						<line number="2076" hits="0"/>
						<line number="2078" hits="0"/>
						<line number="2079" hits="0"/>
						<line number="2081" hits="0"/>
						<line number="2082" hits="0"/>
						<line number="2084" hits="0"/>
						<line number="2085" hits="0"/>
						<line number="2088" hits="0"/>
						<line number="2089" hits="0"/>
						<line number="2092" hits="0"/>
						<line number="2093" hits="0"/>
						<line number="2096" hits="0"/>
						<line number="2097" hits="0"/>
						<line number="2105" hits="0"/>
						<line number="2106" hits="0"/>
						<line number="2113" hits="0"/>
						<line number="2118" hits="0"/>
						<line number="2119" hits="0"/>
						<line number="2120" hits="0"/>
						<line number="2123" hits="0"/>
						<line number="2125" hits="0"/>
						<line number="2128" hits="0"/>
						<line number="2129" hits="0"/>
						<line number="2132" hits="0"/>
						<line number="2134" hits="0"/>
						<line number="2137" hits="0"/>
						<line number="2140" hits="0"/>
						<line number="2143" hits="0"/>
						<line number="2145" hits="0"/>
						<line number="2148" hits="0"/>
						<line number="2151" hits="0"/>
					</lines>
				</class>
				<class name="test_Models_Junos.py" filename="test_Models_Junos.py" complexity="0" line-rate="0" branch-rate="0">
					<methods/>
					<lines>
						<line number="0" hits="0"/>
						<line number="1" hits="0"/>
						<line number="2" hits="0"/>
						<line number="4" hits="0"/>
						<line number="6" hits="0"/>
						<line number="7" hits="0"/>
						<line number="8" hits="0"/>
						<line number="10" hits="0"/>
						<line number="33" hits="0"/>
						<line number="34" hits="0"/>
						<line number="35" hits="0"/>
						<line number="39" hits="0"/>
						<line number="40" hits="0"/>
						<line number="41" hits="0"/>
						<line number="42" hits="0"/>
						<line number="43" hits="0"/>
						<line number="44" hits="0"/>
						<line number="45" hits="0"/>
						<line number="46" hits="0"/>
						<line number="47" hits="0"/>
						<line number="50" hits="0"/>
						<line number="53" hits="0"/>
						<line number="54" hits="0"/>
						<line number="55" hits="0"/>
						<line number="56" hits="0"/>
						<line number="57" hits="0"/>
						<line number="58" hits="0"/>
						<line number="59" hits="0"/>
						<line number="60" hits="0"/>
						<line number="63" hits="0"/>
						<line number="65" hits="0"/>
						<line number="68" hits="0"/>
						<line number="69" hits="0"/>
						<line number="70" hits="0"/>
						<line number="71" hits="0"/>
						<line number="72" hits="0"/>
						<line number="73" hits="0"/>
						<line number="74" hits="0"/>
						<line number="77" hits="0"/>
						<line number="79" hits="0"/>
						<line number="82" hits="0"/>
						<line number="83" hits="0"/>
						<line number="84" hits="0"/>
						<line number="85" hits="0"/>
						<line number="86" hits="0"/>
						<line number="87" hits="0"/>
						<line number="88" hits="0"/>
						<line number="91" hits="0"/>
						<line number="93" hits="0"/>
						<line number="96" hits="0"/>
						<line number="97" hits="0"/>
						<line number="98" hits="0"/>
						<line number="99" hits="0"/>
						<line number="100" hits="0"/>
						<line number="101" hits="0"/>
						<line number="102" hits="0"/>
						<line number="105" hits="0"/>
						<line number="107" hits="0"/>
						<line number="108" hits="0"/>
						<line number="109" hits="0"/>
						<line number="110" hits="0"/>
						<line number="113" hits="0"/>
						<line number="114" hits="0"/>
						<line number="120" hits="0"/>
						<line number="122" hits="0"/>
						<line number="123" hits="0"/>
						<line number="124" hits="0"/>
						<line number="125" hits="0"/>
						<line number="126" hits="0"/>
						<line number="128" hits="0"/>
						<line number="129" hits="0"/>
						<line number="130" hits="0"/>
						<line number="131" hits="0"/>
						<line number="133" hits="0"/>
						<line number="134" hits="0"/>
						<line number="135" hits="0"/>
						<line number="136" hits="0"/>
						<line number="140" hits="0"/>
						<line number="142" hits="0"/>
						<line number="154" hits="0"/>
						<line number="156" hits="0"/>
						<line number="157" hits="0"/>
						<line number="158" hits="0"/>
						<line number="160" hits="0"/>
						<line number="161" hits="0"/>
					</lines>
				</class>
			</classes>
		</package>
	</packages>
</coverage>
